Application Internal Error - c:\documents and settings\sabra4u\desktop\shimaa sabra_lesson21\MAIN.exe
Terminated at: 2012.03.08 22:23:03
Unrecoverable error 6005: Exception error: 

    Exception Code:C0000005
    Exception Address:CAFEDEAD
    EAX:004CD4F0  EBX:003ED9A4  ECX:003EDC00  EDX:CAFEDEAD
    ESI:00000000  EDI:004CE5A3  EBP:0012FA40
    CS:EIP:001B:CAFEDEAD  SS:ESP:0023:0012FA28
    DS:0023  ES:0023  FS:003B  GS:0000
    Flags:00010246
    CS:EIP:
    SS:ESP: 00425518 00000011 00000008 00000000 00000000 00000000 0012FB44 0041F616 00000000 00F291CA 00000000 003ED9A4 00000000 00000000 77DD85FB 7E41A31A

    C stack:
    EIP:     EBP:       Frame: OldEBP, RetAddr, Params...
    CAFEDEAD 0012FA40   0012FB44 0041F616 00000000 00F291CA 00000000 003ED9A4 00000000 00000000 77DD85FB 7E41A31A
    0041F616 0012FB44   0012FB6C 004011C0 004CE517 004CD2E0 00425518 0000000B 00000008 00000000 00000000 00000040
    004011C0 0012FB6C   0012FC70 0041F616 00000000 00000000 003EE18C 00000000 00000008 0012FC98 00000000 0012FBAC
    0041F616 0012FC70   0012FC80 004394B3 00F291C4 00000000
    004394B3 0012FC80   0012FCEC 004397DB 0012FC98 004D52F2 00000000 003ED9A4 00000002 0000000B 00561CC8 004CE4AB
    004397DB 0012FCEC   0012FDF8 0042051D 003EE18C 00000000 0000000B 004CE4F9 00000000 003ED9A4 776068C0 00000002
    0042051D 0012FDF8   0012FE20 0040161C 004D51C6 004D2CEC 00425518 00000001 00000000 00000000 00000000 00000158
    0040161C 0012FE20   0012FF24 0041F593 00000001 00000001 00000001 005661C0 00000007 00000018 003ED9A4 00000058
    0041F593 0012FF24   0012FF4C 00401184 004CE3B4 004CD2E0 00425518 00000000 00000000 00000000 00000000 00000028
    00401184 0012FF4C   0012FF68 0041E8DF 003E0000 00000000 00000000 0015235B 00000000
    0041E8DF 0012FF68   0012FF88 0044E3AA 00000001 004CD270 0015235B 00150000 00000000 001555F8
    0044E3AA 0012FF88   0012FFB8 004C9C67 00400000 00000000 0015235B 00000001 001295E0 00252100 7FFD7000 7FFD7000
    004C9C67 0012FFB8   0012FFF0 00000000 004CD270 7C817077 001295E0 00252100 7FFD7000 8054B6ED 0012FFC8 8520C020


Modules:
0x00400000 0x0018A000 c:\documents and settings\sabra4u\desktop\shimaa sabra_lesson21\MAIN.exe
0x7C900000 0x000B2000 C:\WINDOWS\system32\ntdll.dll
0x7C800000 0x000F6000 C:\WINDOWS\system32\kernel32.dll
0x71AB0000 0x00017000 C:\WINDOWS\system32\WS2_32.DLL
0x77DD0000 0x0009B000 C:\WINDOWS\system32\ADVAPI32.dll
0x77E70000 0x00092000 C:\WINDOWS\system32\RPCRT4.dll
0x77FE0000 0x00011000 C:\WINDOWS\system32\Secur32.dll
0x77C10000 0x00058000 C:\WINDOWS\system32\msvcrt.dll
0x71AA0000 0x00008000 C:\WINDOWS\system32\WS2HELP.dll
0x75A70000 0x00026000 C:\WINDOWS\system32\MSVFW32.DLL
0x7E410000 0x00093000 C:\WINDOWS\system32\USER32.dll
0x77F10000 0x00049000 C:\WINDOWS\system32\GDI32.dll
0x76B40000 0x0002D000 C:\WINDOWS\system32\WINMM.dll
0x7C9C0000 0x00FF9000 C:\WINDOWS\system32\SHELL32.dll
0x77F60000 0x00078000 C:\WINDOWS\system32\SHLWAPI.dll
0x773D0000 0x00103000 C:\WINDOWS\WinSxS\x86_Microsoft.Windows.Common-Controls_6595b64144ccf1df_6.0.2600.5512_x-ww_35d4ce83\COMCTL32.dll
0x774E0000 0x00143000 C:\WINDOWS\system32\OLE32.DLL
0x77120000 0x0008B000 C:\WINDOWS\system32\OLEAUT32.DLL
0x5EDD0000 0x00017000 C:\WINDOWS\system32\OLEPRO32.DLL
0x629C0000 0x00009000 C:\WINDOWS\system32\LPK.DLL
0x74D90000 0x0006B000 C:\WINDOWS\system32\USP10.dll
0x5AD70000 0x00038000 C:\WINDOWS\system32\uxtheme.dll
0x74720000 0x0004C000 C:\WINDOWS\system32\MSCTF.dll

Called from CUSTUMERSBROWSECLASS(0)
Called from R_MAIN_18SMART1(64) in C:\DOCUMENTS AND SETTINGS\SABRA4U\DESKTOP\SHIMAA SABRA_LESSON21\MAIN.PRG
Called from SS_CALLR(344) in SSLIB.prg
Called from MAIN(40) in C:\DOCUMENTS AND SETTINGS\SABRA4U\DESKTOP\SHIMAA SABRA_LESSON21\MAIN.PRG
------------------------------------------------------------------------
Application Internal Error - c:\documents and settings\sabra4u\desktop\shimaa sabra_lesson21\MAIN.exe
Terminated at: 2012.03.08 22:32:17
Unrecoverable error 6005: Exception error: 

    Exception Code:C0000005
    Exception Address:CAFEDEAD
    EAX:004CD4F0  EBX:003ED9A4  ECX:003EDC00  EDX:CAFEDEAD
    ESI:00000000  EDI:004CE5A3  EBP:0012FA40
    CS:EIP:001B:CAFEDEAD  SS:ESP:0023:0012FA28
    DS:0023  ES:0023  FS:003B  GS:0000
    Flags:00010246
    CS:EIP:
    SS:ESP: 00425518 00000011 00000008 00000000 00000000 00000000 0012FB44 0041F616 00000000 00F291CA 00000000 003ED9A4 00000000 00000000 77DD85FB 7E41A31A

    C stack:
    EIP:     EBP:       Frame: OldEBP, RetAddr, Params...
    CAFEDEAD 0012FA40   0012FB44 0041F616 00000000 00F291CA 00000000 003ED9A4 00000000 00000000 77DD85FB 7E41A31A
    0041F616 0012FB44   0012FB6C 004011C0 004CE517 004CD2E0 00425518 0000000B 00000008 00000000 00000000 00000040
    004011C0 0012FB6C   0012FC70 0041F616 00000000 00000000 003EE18C 00000000 00000008 0012FC98 00000000 0012FBAC
    0041F616 0012FC70   0012FC80 004394B3 00F291C4 00000000
    004394B3 0012FC80   0012FCEC 004397DB 0012FC98 004D52F2 00000000 003ED9A4 00000002 0000000B 00561CC8 004CE4AB
    004397DB 0012FCEC   0012FDF8 0042051D 003EE18C 00000000 0000000B 004CE4F9 00000000 003ED9A4 776068C0 00000002
    0042051D 0012FDF8   0012FE20 0040161C 004D51C6 004D2CEC 00425518 00000001 00000000 00000000 00000000 00000158
    0040161C 0012FE20   0012FF24 0041F593 00000001 00000001 00000001 005661C0 00000007 00000018 003ED9A4 00000058
    0041F593 0012FF24   0012FF4C 00401184 004CE3B4 004CD2E0 00425518 00000000 00000000 00000000 00000000 00000028
    00401184 0012FF4C   0012FF68 0041E8DF 003E0000 00000000 00000000 0015235B 00000000
    0041E8DF 0012FF68   0012FF88 0044E3AA 00000001 004CD270 0015235B 00150000 00000000 001555F8
    0044E3AA 0012FF88   0012FFB8 004C9C67 00400000 00000000 0015235B 00000001 001295E0 00252100 7FFDA000 7FFDA000
    004C9C67 0012FFB8   0012FFF0 00000000 004CD270 7C817077 001295E0 00252100 7FFDA000 8054B6ED 0012FFC8 85096B40


Modules:
0x00400000 0x0018A000 c:\documents and settings\sabra4u\desktop\shimaa sabra_lesson21\MAIN.exe
0x7C900000 0x000B2000 C:\WINDOWS\system32\ntdll.dll
0x7C800000 0x000F6000 C:\WINDOWS\system32\kernel32.dll
0x71AB0000 0x00017000 C:\WINDOWS\system32\WS2_32.DLL
0x77DD0000 0x0009B000 C:\WINDOWS\system32\ADVAPI32.dll
0x77E70000 0x00092000 C:\WINDOWS\system32\RPCRT4.dll
0x77FE0000 0x00011000 C:\WINDOWS\system32\Secur32.dll
0x77C10000 0x00058000 C:\WINDOWS\system32\msvcrt.dll
0x71AA0000 0x00008000 C:\WINDOWS\system32\WS2HELP.dll
0x75A70000 0x00026000 C:\WINDOWS\system32\MSVFW32.DLL
0x7E410000 0x00093000 C:\WINDOWS\system32\USER32.dll
0x77F10000 0x00049000 C:\WINDOWS\system32\GDI32.dll
0x76B40000 0x0002D000 C:\WINDOWS\system32\WINMM.dll
0x7C9C0000 0x00FF9000 C:\WINDOWS\system32\SHELL32.dll
0x77F60000 0x00078000 C:\WINDOWS\system32\SHLWAPI.dll
0x773D0000 0x00103000 C:\WINDOWS\WinSxS\x86_Microsoft.Windows.Common-Controls_6595b64144ccf1df_6.0.2600.5512_x-ww_35d4ce83\COMCTL32.dll
0x774E0000 0x00143000 C:\WINDOWS\system32\OLE32.DLL
0x77120000 0x0008B000 C:\WINDOWS\system32\OLEAUT32.DLL
0x5EDD0000 0x00017000 C:\WINDOWS\system32\OLEPRO32.DLL
0x629C0000 0x00009000 C:\WINDOWS\system32\LPK.DLL
0x74D90000 0x0006B000 C:\WINDOWS\system32\USP10.dll
0x5AD70000 0x00038000 C:\WINDOWS\system32\uxtheme.dll
0x74720000 0x0004C000 C:\WINDOWS\system32\MSCTF.dll

Called from CUSTUMERSBROWSECLASS(0)
Called from R_MAIN_18SMART1(64) in C:\DOCUMENTS AND SETTINGS\SABRA4U\DESKTOP\SHIMAA SABRA_LESSON21\MAIN.PRG
Called from SS_CALLR(344) in SSLIB.prg
Called from MAIN(40) in C:\DOCUMENTS AND SETTINGS\SABRA4U\DESKTOP\SHIMAA SABRA_LESSON21\MAIN.PRG
------------------------------------------------------------------------
Application Internal Error - c:\documents and settings\sabra4u\desktop\shimaa sabra_lesson27\MAIN.exe
Terminated at: 2012.03.21 23:39:30
Unrecoverable error 9003: Too many recursive error handler calls
Called from TYPE(0)
Called from EVENTS(73) in h_events.prg
Called from MESSAGEBOXINDIRECT(0)
Called from _MSGBOX(215) in h_msgbox.prg
Called from MSGSTOP(172) in h_msgbox.prg
Called from SHOWERROR(177) in errorsys.prg
Called from DEFERROR(120) in errorsys.prg
Called from (b)ERRORSYS(59) in errorsys.prg
Called from STR(0)
Called from ORDERSCLASS:SEARCH(223) in C:\DOCUMENTS AND SETTINGS\SABRA4U\DESKTOP\SHIMAA SABRA_LESSON27\MAIN.PRG
Called from ORDERSCLASS:MYTIMER(496) in C:\DOCUMENTS AND SETTINGS\SABRA4U\DESKTOP\SHIMAA SABRA_LESSON27\MAIN.PRG
Called from (b)ORDERSCLASS_SHOWWINDOW(218) in C:\DOCUMENTS AND SETTINGS\SABRA4U\DESKTOP\SHIMAA SABRA_LESSON27\MAIN.PRG
Called from _DOCONTROLEVENTPROCEDURE(1574) in h_windows.prg
Called from EVENTS(1259) in h_events.prg
Called from MESSAGEBOXINDIRECT(0)
Called from _MSGBOX(215) in h_msgbox.prg
Called from MSGSTOP(172) in h_msgbox.prg
Called from SHOWERROR(177) in errorsys.prg
Called from DEFERROR(120) in errorsys.prg
Called from (b)ERRORSYS(59) in errorsys.prg
Called from STR(0)
Called from ORDERSCLASS:SEARCH(223) in C:\DOCUMENTS AND SETTINGS\SABRA4U\DESKTOP\SHIMAA SABRA_LESSON27\MAIN.PRG
Called from ORDERSCLASS:MYTIMER(496) in C:\DOCUMENTS AND SETTINGS\SABRA4U\DESKTOP\SHIMAA SABRA_LESSON27\MAIN.PRG
Called from (b)ORDERSCLASS_SHOWWINDOW(218) in C:\DOCUMENTS AND SETTINGS\SABRA4U\DESKTOP\SHIMAA SABRA_LESSON27\MAIN.PRG
Called from _DOCONTROLEVENTPROCEDURE(1574) in h_windows.prg
Called from EVENTS(1259) in h_events.prg
Called from MESSAGEBOXINDIRECT(0)
Called from _MSGBOX(215) in h_msgbox.prg
Called from MSGSTOP(172) in h_msgbox.prg
Called from SHOWERROR(177) in errorsys.prg
Called from DEFERROR(120) in errorsys.prg
Called from (b)ERRORSYS(59) in errorsys.prg
Called from STR(0)
Called from ORDERSCLASS:SEARCH(223) in C:\DOCUMENTS AND SETTINGS\SABRA4U\DESKTOP\SHIMAA SABRA_LESSON27\MAIN.PRG
Called from ORDERSCLASS:MYTIMER(496) in C:\DOCUMENTS AND SETTINGS\SABRA4U\DESKTOP\SHIMAA SABRA_LESSON27\MAIN.PRG
Called from (b)ORDERSCLASS_SHOWWINDOW(218) in C:\DOCUMENTS AND SETTINGS\SABRA4U\DESKTOP\SHIMAA SABRA_LESSON27\MAIN.PRG
Called from _DOCONTROLEVENTPROCEDURE(1574) in h_windows.prg
Called from EVENTS(1259) in h_events.prg
Called from MESSAGEBOXINDIRECT(0)
Called from _MSGBOX(215) in h_msgbox.prg
Called from MSGSTOP(172) in h_msgbox.prg
Called from SHOWERROR(177) in errorsys.prg
Called from DEFERROR(120) in errorsys.prg
Called from (b)ERRORSYS(59) in errorsys.prg
Called from STR(0)
Called from ORDERSCLASS:SEARCH(223) in C:\DOCUMENTS AND SETTINGS\SABRA4U\DESKTOP\SHIMAA SABRA_LESSON27\MAIN.PRG
Called from ORDERSCLASS:MYTIMER(496) in C:\DOCUMENTS AND SETTINGS\SABRA4U\DESKTOP\SHIMAA SABRA_LESSON27\MAIN.PRG
Called from (b)ORDERSCLASS_SHOWWINDOW(218) in C:\DOCUMENTS AND SETTINGS\SABRA4U\DESKTOP\SHIMAA SABRA_LESSON27\MAIN.PRG
Called from _DOCONTROLEVENTPROCEDURE(1574) in h_windows.prg
Called from EVENTS(1259) in h_events.prg
Called from MESSAGEBOXINDIRECT(0)
Called from _MSGBOX(215) in h_msgbox.prg
Called from MSGSTOP(172) in h_msgbox.prg
Called from SHOWERROR(177) in errorsys.prg
Called from DEFERROR(120) in errorsys.prg
Called from (b)ERRORSYS(59) in errorsys.prg
Called from STR(0)
Called from ORDERSCLASS:SEARCH(223) in C:\DOCUMENTS AND SETTINGS\SABRA4U\DESKTOP\SHIMAA SABRA_LESSON27\MAIN.PRG
Called from ORDERSCLASS:MYTIMER(496) in C:\DOCUMENTS AND SETTINGS\SABRA4U\DESKTOP\SHIMAA SABRA_LESSON27\MAIN.PRG
Called from (b)ORDERSCLASS_SHOWWINDOW(218) in C:\DOCUMENTS AND SETTINGS\SABRA4U\DESKTOP\SHIMAA SABRA_LESSON27\MAIN.PRG
Called from _DOCONTROLEVENTPROCEDURE(1574) in h_windows.prg
Called from EVENTS(1259) in h_events.prg
Called from MESSAGEBOXINDIRECT(0)
Called from _MSGBOX(215) in h_msgbox.prg
Called from MSGSTOP(172) in h_msgbox.prg
Called from SHOWERROR(177) in errorsys.prg
Called from DEFERROR(120) in errorsys.prg
Called from (b)ERRORSYS(59) in errorsys.prg
Called from STR(0)
Called from ORDERSCLASS:SEARCH(223) in C:\DOCUMENTS AND SETTINGS\SABRA4U\DESKTOP\SHIMAA SABRA_LESSON27\MAIN.PRG
Called from ORDERSCLASS:MYTIMER(496) in C:\DOCUMENTS AND SETTINGS\SABRA4U\DESKTOP\SHIMAA SABRA_LESSON27\MAIN.PRG
Called from (b)ORDERSCLASS_SHOWWINDOW(218) in C:\DOCUMENTS AND SETTINGS\SABRA4U\DESKTOP\SHIMAA SABRA_LESSON27\MAIN.PRG
Called from _DOCONTROLEVENTPROCEDURE(1574) in h_windows.prg
Called from EVENTS(1259) in h_events.prg
Called from MESSAGEBOXINDIRECT(0)
Called from _MSGBOX(215) in h_msgbox.prg
Called from MSGSTOP(172) in h_msgbox.prg
Called from SHOWERROR(177) in errorsys.prg
Called from DEFERROR(120) in errorsys.prg
Called from (b)ERRORSYS(59) in errorsys.prg
Called from STR(0)
Called from ORDERSCLASS:SEARCH(223) in C:\DOCUMENTS AND SETTINGS\SABRA4U\DESKTOP\SHIMAA SABRA_LESSON27\MAIN.PRG
Called from ORDERSCLASS:MYTIMER(496) in C:\DOCUMENTS AND SETTINGS\SABRA4U\DESKTOP\SHIMAA SABRA_LESSON27\MAIN.PRG
Called from (b)ORDERSCLASS_SHOWWINDOW(218) in C:\DOCUMENTS AND SETTINGS\SABRA4U\DESKTOP\SHIMAA SABRA_LESSON27\MAIN.PRG
Called from _DOCONTROLEVENTPROCEDURE(1574) in h_windows.prg
Called from EVENTS(1259) in h_events.prg
Called from MESSAGEBOXINDIRECT(0)
Called from _MSGBOX(215) in h_msgbox.prg
Called from MSGSTOP(172) in h_msgbox.prg
Called from SHOWERROR(177) in errorsys.prg
Called from DEFERROR(120) in errorsys.prg
Called from (b)ERRORSYS(59) in errorsys.prg
Called from STR(0)
Called from ORDERSCLASS:SEARCH(223) in C:\DOCUMENTS AND SETTINGS\SABRA4U\DESKTOP\SHIMAA SABRA_LESSON27\MAIN.PRG
Called from ORDERSCLASS:MYTIMER(496) in C:\DOCUMENTS AND SETTINGS\SABRA4U\DESKTOP\SHIMAA SABRA_LESSON27\MAIN.PRG
Called from (b)ORDERSCLASS_SHOWWINDOW(218) in C:\DOCUMENTS AND SETTINGS\SABRA4U\DESKTOP\SHIMAA SABRA_LESSON27\MAIN.PRG
Called from _DOCONTROLEVENTPROCEDURE(1574) in h_windows.prg
Called from EVENTS(1259) in h_events.prg
Called from _DOMESSAGELOOP(0)
Called from _ACTIVATEWINDOW(1311) in h_windows.prg
Called from ORDERSCLASS:SHOWWINDOW(301) in C:\DOCUMENTS AND SETTINGS\SABRA4U\DESKTOP\SHIMAA SABRA_LESSON27\MAIN.PRG
Called from (b)R_MAIN_18SMART1(94) in C:\DOCUMENTS AND SETTINGS\SABRA4U\DESKTOP\SHIMAA SABRA_LESSON27\MAIN.PRG
Called from _DOCONTROLEVENTPROCEDURE(1574) in h_windows.prg
Called from EVENTS(1377) in h_events.prg
Called from _DOMESSAGELOOP(0)
Called from _ACTIVATEWINDOW(1311) in h_windows.prg
Called from R_MAIN_18SMART1(121) in C:\DOCUMENTS AND SETTINGS\SABRA4U\DESKTOP\SHIMAA SABRA_LESSON27\MAIN.PRG
Called from SS_CALLR(344) in SSLIB.prg
Called from MAIN(40) in C:\DOCUMENTS AND SETTINGS\SABRA4U\DESKTOP\SHIMAA SABRA_LESSON27\MAIN.PRG
------------------------------------------------------------------------
Application Internal Error - c:\documents and settings\sabra4u\desktop\shimaa sabra_lesson28\MAIN.exe
Terminated at: 2012.03.26 01:39:35
Unrecoverable error 6005: Exception error: 

    Exception Code:C0000005
    Exception Address:CAFEDEAD
    EAX:004CE5B4  EBX:003EE62C  ECX:003EE888  EDX:CAFEDEAD
    ESI:00000000  EDI:004D0776  EBP:0012FA40
    CS:EIP:001B:CAFEDEAD  SS:ESP:0023:0012FA28
    DS:0023  ES:0023  FS:003B  GS:0000
    Flags:00010246
    CS:EIP:
    SS:ESP: 00425C90 00000011 00000008 00000000 00000000 00000000 0012FB44 0041FD8E 00000000 00F374AA 00000000 003EE62C 00000000 00000000 77DD85FB 7E41A31A

    C stack:
    EIP:     EBP:       Frame: OldEBP, RetAddr, Params...
    CAFEDEAD 0012FA40   0012FB44 0041FD8E 00000000 00F374AA 00000000 003EE62C 00000000 00000000 77DD85FB 7E41A31A
    0041FD8E 0012FB44   0012FB6C 004011C0 004D068B 004CE2E4 00425C90 0000000B 00000008 00000000 00000000 0000004C
    004011C0 0012FB6C   0012FC70 0041FD8E 00000000 00000000 003EEE14 00000000 00000008 0012FC98 00000000 0012FBAC
    0041FD8E 0012FC70   0012FC80 00439C2B 00F374A4 00000000
    00439C2B 0012FC80   0012FCEC 00439F53 0012FC98 004DD13E 00000000 003EE62C 00000002 0000000B 0056A964 004D061F
    00439F53 0012FCEC   0012FDF8 00420C95 003EEE14 00000000 0000000B 004D066D 00000000 003EE62C 776068C0 00000002
    00420C95 0012FDF8   0012FE20 00401B80 004DD012 004DAB38 00425C90 00000001 00000000 00000000 00000000 00000158
    00401B80 0012FE20   0012FF24 0041FD0B 00000001 00000001 00000001 0056EE64 003E02BC 00000018 003EE62C 00000058
    0041FD0B 0012FF24   0012FF4C 00401184 004D0528 004CE2E4 00425C90 00000000 00000000 00000000 00000000 00000028
    00401184 0012FF4C   0012FF68 0041F057 003E0000 00000000 00000000 0015235B 00000000
    0041F057 0012FF68   0012FF88 0044EB22 00000001 004CE274 0015235B 00150000 00000000 001555F8
    0044EB22 0012FF88   0012FFB8 004CA3DF 00400000 00000000 0015235B 00000001 001295E0 00252100 7FFD4000 7FFD4000
    004CA3DF 0012FFB8   0012FFF0 00000000 004CE274 7C817077 001295E0 00252100 7FFD4000 8054B6ED 0012FFC8 853D4A70


Modules:
0x00400000 0x00193000 c:\documents and settings\sabra4u\desktop\shimaa sabra_lesson28\MAIN.exe
0x7C900000 0x000B2000 C:\WINDOWS\system32\ntdll.dll
0x7C800000 0x000F6000 C:\WINDOWS\system32\kernel32.dll
0x71AB0000 0x00017000 C:\WINDOWS\system32\WS2_32.DLL
0x77DD0000 0x0009B000 C:\WINDOWS\system32\ADVAPI32.dll
0x77E70000 0x00092000 C:\WINDOWS\system32\RPCRT4.dll
0x77FE0000 0x00011000 C:\WINDOWS\system32\Secur32.dll
0x77C10000 0x00058000 C:\WINDOWS\system32\msvcrt.dll
0x71AA0000 0x00008000 C:\WINDOWS\system32\WS2HELP.dll
0x75A70000 0x00026000 C:\WINDOWS\system32\MSVFW32.DLL
0x7E410000 0x00093000 C:\WINDOWS\system32\USER32.dll
0x77F10000 0x00049000 C:\WINDOWS\system32\GDI32.dll
0x76B40000 0x0002D000 C:\WINDOWS\system32\WINMM.dll
0x7C9C0000 0x00FF9000 C:\WINDOWS\system32\SHELL32.dll
0x77F60000 0x00078000 C:\WINDOWS\system32\SHLWAPI.dll
0x773D0000 0x00103000 C:\WINDOWS\WinSxS\x86_Microsoft.Windows.Common-Controls_6595b64144ccf1df_6.0.2600.5512_x-ww_35d4ce83\COMCTL32.dll
0x774E0000 0x00143000 C:\WINDOWS\system32\OLE32.DLL
0x77120000 0x0008B000 C:\WINDOWS\system32\OLEAUT32.DLL
0x5EDD0000 0x00017000 C:\WINDOWS\system32\OLEPRO32.DLL
0x629C0000 0x00009000 C:\WINDOWS\system32\LPK.DLL
0x74D90000 0x0006B000 C:\WINDOWS\system32\USP10.dll
0x5AD70000 0x00038000 C:\WINDOWS\system32\uxtheme.dll
0x74720000 0x0004C000 C:\WINDOWS\system32\MSCTF.dll

Called from ORDERSCLASS(0)
Called from R_MAIN_18SMART1(76) in C:\DOCUMENTS AND SETTINGS\SABRA4U\DESKTOP\SHIMAA SABRA_LESSON28\MAIN.PRG
Called from SS_CALLR(344) in SSLIB.prg
Called from MAIN(40) in C:\DOCUMENTS AND SETTINGS\SABRA4U\DESKTOP\SHIMAA SABRA_LESSON28\MAIN.PRG
------------------------------------------------------------------------
