Application Internal Error - c:\documents and settings\a elbadry\desktop\application 18\APPLICATION 18.exe
Terminated at: 2012.02.03 00:24:04
Unrecoverable error 9003: Too many recursive error handler calls
Called from TYPE(0)
Called from EVENTS(73) in h_events.prg
Called from MESSAGEBOXINDIRECT(0)
Called from _MSGBOX(215) in h_msgbox.prg
Called from MSGSTOP(172) in h_msgbox.prg
Called from SHOWERROR(177) in errorsys.prg
Called from DEFERROR(120) in errorsys.prg
Called from (b)ERRORSYS(59) in errorsys.prg
Called from TOLEAUTO:ITEM(0)
Called from UPDATE(162) in APPLICATION 18.prg
Called from (b)R_APPLICATION_18_18SMART1(126) in APPLICATION 18.prg
Called from _DOCONTROLEVENTPROCEDURE(1574) in h_windows.prg
Called from EVENTS(2552) in h_events.prg
Called from SETFOCUS(0)
Called from EVENTS(660) in h_events.prg
Called from MESSAGEBOXINDIRECT(0)
Called from _MSGBOX(215) in h_msgbox.prg
Called from MSGSTOP(172) in h_msgbox.prg
Called from SHOWERROR(177) in errorsys.prg
Called from DEFERROR(120) in errorsys.prg
Called from (b)ERRORSYS(59) in errorsys.prg
Called from TOLEAUTO:ITEM(0)
Called from UPDATE(162) in APPLICATION 18.prg
Called from (b)R_APPLICATION_18_18SMART1(126) in APPLICATION 18.prg
Called from _DOCONTROLEVENTPROCEDURE(1574) in h_windows.prg
Called from EVENTS(2552) in h_events.prg
Called from SETFOCUS(0)
Called from EVENTS(660) in h_events.prg
Called from MESSAGEBOXINDIRECT(0)
Called from _MSGBOX(215) in h_msgbox.prg
Called from MSGSTOP(172) in h_msgbox.prg
Called from SHOWERROR(177) in errorsys.prg
Called from DEFERROR(120) in errorsys.prg
Called from (b)ERRORSYS(59) in errorsys.prg
Called from TOLEAUTO:ITEM(0)
Called from UPDATE(162) in APPLICATION 18.prg
Called from (b)R_APPLICATION_18_18SMART1(126) in APPLICATION 18.prg
Called from _DOCONTROLEVENTPROCEDURE(1574) in h_windows.prg
Called from EVENTS(2552) in h_events.prg
Called from SETFOCUS(0)
Called from EVENTS(660) in h_events.prg
Called from MESSAGEBOXINDIRECT(0)
Called from _MSGBOX(215) in h_msgbox.prg
Called from MSGSTOP(172) in h_msgbox.prg
Called from SHOWERROR(177) in errorsys.prg
Called from DEFERROR(120) in errorsys.prg
Called from (b)ERRORSYS(59) in errorsys.prg
Called from TOLEAUTO:ITEM(0)
Called from UPDATE(162) in APPLICATION 18.prg
Called from (b)R_APPLICATION_18_18SMART1(126) in APPLICATION 18.prg
Called from _DOCONTROLEVENTPROCEDURE(1574) in h_windows.prg
Called from EVENTS(2552) in h_events.prg
Called from SETFOCUS(0)
Called from EVENTS(660) in h_events.prg
Called from MESSAGEBOXINDIRECT(0)
Called from _MSGBOX(215) in h_msgbox.prg
Called from MSGSTOP(172) in h_msgbox.prg
Called from SHOWERROR(177) in errorsys.prg
Called from DEFERROR(120) in errorsys.prg
Called from (b)ERRORSYS(59) in errorsys.prg
Called from TOLEAUTO:ITEM(0)
Called from UPDATE(162) in APPLICATION 18.prg
Called from (b)R_APPLICATION_18_18SMART1(126) in APPLICATION 18.prg
Called from _DOCONTROLEVENTPROCEDURE(1574) in h_windows.prg
Called from EVENTS(2552) in h_events.prg
Called from SETFOCUS(0)
Called from EVENTS(660) in h_events.prg
Called from MESSAGEBOXINDIRECT(0)
Called from _MSGBOX(215) in h_msgbox.prg
Called from MSGSTOP(172) in h_msgbox.prg
Called from SHOWERROR(177) in errorsys.prg
Called from DEFERROR(120) in errorsys.prg
Called from (b)ERRORSYS(59) in errorsys.prg
Called from TOLEAUTO:ITEM(0)
Called from UPDATE(162) in APPLICATION 18.prg
Called from (b)R_APPLICATION_18_18SMART1(126) in APPLICATION 18.prg
Called from _DOCONTROLEVENTPROCEDURE(1574) in h_windows.prg
Called from EVENTS(2552) in h_events.prg
Called from SETFOCUS(0)
Called from EVENTS(660) in h_events.prg
Called from MESSAGEBOXINDIRECT(0)
Called from _MSGBOX(215) in h_msgbox.prg
Called from MSGSTOP(172) in h_msgbox.prg
Called from SHOWERROR(177) in errorsys.prg
Called from DEFERROR(120) in errorsys.prg
Called from (b)ERRORSYS(59) in errorsys.prg
Called from TOLEAUTO:ITEM(0)
Called from UPDATE(162) in APPLICATION 18.prg
Called from (b)R_APPLICATION_18_18SMART1(126) in APPLICATION 18.prg
Called from _DOCONTROLEVENTPROCEDURE(1574) in h_windows.prg
Called from EVENTS(2552) in h_events.prg
Called from SETFOCUS(0)
Called from EVENTS(660) in h_events.prg
Called from MESSAGEBOXINDIRECT(0)
Called from _MSGBOX(215) in h_msgbox.prg
Called from MSGSTOP(172) in h_msgbox.prg
Called from SHOWERROR(177) in errorsys.prg
Called from DEFERROR(120) in errorsys.prg
Called from (b)ERRORSYS(59) in errorsys.prg
Called from TOLEAUTO:ITEM(0)
Called from UPDATE(162) in APPLICATION 18.prg
Called from (b)R_APPLICATION_18_18SMART1(126) in APPLICATION 18.prg
Called from _DOCONTROLEVENTPROCEDURE(1574) in h_windows.prg
Called from EVENTS(2552) in h_events.prg
Called from _DOMESSAGELOOP(0)
Called from _ACTIVATEWINDOW(1311) in h_windows.prg
Called from R_APPLICATION_18_18SMART1(130) in APPLICATION 18.prg
Called from SS_CALLR(344) in SSLIB.prg
Called from MAIN(40) in APPLICATION 18.prg
------------------------------------------------------------------------
