Application Internal Error - C:\Users\Honeesh\Desktop\DDB\MAIN.exe
Terminated at: 2012.05.06 01:21:57
Unrecoverable error 6005: Exception error: 

    Exception Code:C0000005
    Exception Address:CAFEDEAD
    EAX:004CD4D0  EBX:006AE404  ECX:006AE660  EDX:CAFEDEAD
    ESI:00000000  EDI:004CEAE3  EBP:0012FA08
    CS:EIP:001B:CAFEDEAD  SS:ESP:0023:0012F9F0
    DS:0023  ES:0023  FS:003B  GS:0000
    Flags:00010246
    CS:EIP:
    SS:ESP: 0042570C 00000011 00000008 00000000 00000000 00000000 0012FB0C 0041F80A 00000000 006E500A 00000000 006AE404 00000000 00000000 00000000 00000000

    C stack:
    EIP:     EBP:       Frame: OldEBP, RetAddr, Params...
    CAFEDEAD 0012FA08   0012FB0C 0041F80A 00000000 006E500A 00000000 006AE404 00000000 00000000 00000000 00000000
    0041F80A 0012FB0C   0012FB34 004011C0 004CEAC7 004CD2E0 0042570C 0000000B 00000008 00000000 00000000 0000003E
    004011C0 0012FB34   0012FC38 0041F80A 00000000 00000000 006AEBEC 00000000 00000008 0012FC60 00000000 0012FB74
    0041F80A 0012FC38   0012FC48 004396A7 006E5004 00000000
    004396A7 0012FC48   0012FCB4 004399CF 0012FC60 004D7AF2 00000000 006AE404 00000002 0000000B 005644D8 004CEA5B
    004399CF 0012FCB4   0012FDC0 00420711 006AEBEC 00000000 0000000B 004CEAA9 00000000 006AE404 7FFDF000 76E07720
    00420711 0012FDC0   0012FDE8 00401810 004D79C6 004D54EC 0042570C 00000001 00000000 00000000 00000000 00000158
    00401810 0012FDE8   0012FEEC 0041F787 00000001 00000001 00000001 005689C0 00000007 00000018 006AE404 00000058
    0041F787 0012FEEC   0012FF14 00401184 004CE964 004CD2E0 0042570C 00000000 00000000 00000000 00000000 00000028
    00401184 0012FF14   0012FF30 0041EAD3 006A0000 00000000 00000000 001F2330 00000000
    0041EAD3 0012FF30   0012FF50 0044E59E 00000001 004CD270 001F2330 001F0000 00000000 00237200
    0044E59E 0012FF50   0012FF80 004C9E5B 00400000 00000000 001F2330 00000001 00000000 00000000 7FFDF000 00000000
    004C9E5B 0012FF80   0012FF94 00000000 004CD270 7636ED6C 7FFDF000
    00000000 0012FF94   0012FFD4 76E2377B 7FFDF000 76AC09EA 00000000 00000000 7FFDF000 00000000 00000000 00000000
    76E2377B 0012FFD4   0012FFEC 76E2374E 00401000 7FFDF000 00000000 00000000


Modules:
0x00400000 0x0018C000 C:\Users\Honeesh\Desktop\DDB\MAIN.exe
0x76DC0000 0x0013C000 C:\Windows\SYSTEM32\ntdll.dll
0x76320000 0x000D4000 C:\Windows\system32\kernel32.dll
0x74FF0000 0x0004A000 C:\Windows\system32\KERNELBASE.dll
0x762E0000 0x00035000 C:\Windows\system32\WS2_32.DLL
0x76D10000 0x000AC000 C:\Windows\system32\msvcrt.dll
0x76570000 0x000A1000 C:\Windows\system32\RPCRT4.dll
0x752D0000 0x00006000 C:\Windows\system32\NSI.dll
0x71230000 0x00021000 C:\Windows\system32\MSVFW32.DLL
0x76980000 0x000C9000 C:\Windows\system32\USER32.dll
0x76F40000 0x0004E000 C:\Windows\system32\GDI32.dll
0x76F90000 0x0000A000 C:\Windows\system32\LPK.dll
0x76400000 0x0009D000 C:\Windows\system32\USP10.dll
0x72F00000 0x00032000 C:\Windows\system32\WINMM.dll
0x766A0000 0x000A0000 C:\Windows\system32\ADVAPI32.dll
0x76680000 0x00019000 C:\Windows\SYSTEM32\sechost.dll
0x752E0000 0x00C4A000 C:\Windows\system32\SHELL32.dll
0x76280000 0x00057000 C:\Windows\system32\SHLWAPI.dll
0x73BE0000 0x0019E000 C:\Windows\WinSxS\x86_microsoft.windows.common-controls_6595b64144ccf1df_6.0.7601.17514_none_41e6975e2bd6f2b2\COMCTL32.dll
0x760F0000 0x0015C000 C:\Windows\system32\OLE32.DLL
0x76AE0000 0x0008F000 C:\Windows\system32\OLEAUT32.DLL
0x651F0000 0x00019000 C:\Windows\system32\OLEPRO32.DLL
0x76F20000 0x0001F000 C:\Windows\system32\IMM32.DLL
0x764A0000 0x000CC000 C:\Windows\system32\MSCTF.dll
0x74C90000 0x0000C000 C:\Windows\system32\CRYPTBASE.dll

Called from PAYMBROWSECLASS(0)
Called from R_MAIN_18SMART1(62) in c:\users\honeesh\desktop\ddb\MAIN.PRG
Called from SS_CALLR(344) in SSLIB.prg
Called from MAIN(40) in c:\users\honeesh\desktop\ddb\MAIN.PRG
------------------------------------------------------------------------
Application Internal Error - C:\Users\Honeesh\Desktop\DDB\MAIN.exe
Terminated at: 2012.05.06 01:23:02
Unrecoverable error 6005: Exception error: 

    Exception Code:C0000005
    Exception Address:CAFEDEAD
    EAX:004CD4D0  EBX:006AE404  ECX:006AE660  EDX:CAFEDEAD
    ESI:00000000  EDI:004CEAE3  EBP:0012FA08
    CS:EIP:001B:CAFEDEAD  SS:ESP:0023:0012F9F0
    DS:0023  ES:0023  FS:003B  GS:0000
    Flags:00010246
    CS:EIP:
    SS:ESP: 0042570C 00000011 00000008 00000000 00000000 00000000 0012FB0C 0041F80A 00000000 006E500A 00000000 006AE404 00000000 00000000 00000000 00000000

    C stack:
    EIP:     EBP:       Frame: OldEBP, RetAddr, Params...
    CAFEDEAD 0012FA08   0012FB0C 0041F80A 00000000 006E500A 00000000 006AE404 00000000 00000000 00000000 00000000
    0041F80A 0012FB0C   0012FB34 004011C0 004CEAC7 004CD2E0 0042570C 0000000B 00000008 00000000 00000000 0000003E
    004011C0 0012FB34   0012FC38 0041F80A 00000000 00000000 006AEBEC 00000000 00000008 0012FC60 00000000 0012FB74
    0041F80A 0012FC38   0012FC48 004396A7 006E5004 00000000
    004396A7 0012FC48   0012FCB4 004399CF 0012FC60 004D7AF2 00000000 006AE404 00000002 0000000B 005644D8 004CEA5B
    004399CF 0012FCB4   0012FDC0 00420711 006AEBEC 00000000 0000000B 004CEAA9 00000000 006AE404 7FFDF000 76E07720
    00420711 0012FDC0   0012FDE8 00401810 004D79C6 004D54EC 0042570C 00000001 00000000 00000000 00000000 00000158
    00401810 0012FDE8   0012FEEC 0041F787 00000001 00000001 00000001 005689C0 00000007 00000018 006AE404 00000058
    0041F787 0012FEEC   0012FF14 00401184 004CE964 004CD2E0 0042570C 00000000 00000000 00000000 00000000 00000028
    00401184 0012FF14   0012FF30 0041EAD3 006A0000 00000000 00000000 001F2330 00000000
    0041EAD3 0012FF30   0012FF50 0044E59E 00000001 004CD270 001F2330 001F0000 00000000 00237200
    0044E59E 0012FF50   0012FF80 004C9E5B 00400000 00000000 001F2330 00000001 00000000 00000000 7FFDF000 00000000
    004C9E5B 0012FF80   0012FF94 00000000 004CD270 7636ED6C 7FFDF000
    00000000 0012FF94   0012FFD4 76E2377B 7FFDF000 76AC09EA 00000000 00000000 7FFDF000 C0000005 76380651 76380651
    76E2377B 0012FFD4   0012FFEC 76E2374E 00401000 7FFDF000 00000000 00000000


Modules:
0x00400000 0x0018C000 C:\Users\Honeesh\Desktop\DDB\MAIN.exe
0x76DC0000 0x0013C000 C:\Windows\SYSTEM32\ntdll.dll
0x76320000 0x000D4000 C:\Windows\system32\kernel32.dll
0x74FF0000 0x0004A000 C:\Windows\system32\KERNELBASE.dll
0x762E0000 0x00035000 C:\Windows\system32\WS2_32.DLL
0x76D10000 0x000AC000 C:\Windows\system32\msvcrt.dll
0x76570000 0x000A1000 C:\Windows\system32\RPCRT4.dll
0x752D0000 0x00006000 C:\Windows\system32\NSI.dll
0x71230000 0x00021000 C:\Windows\system32\MSVFW32.DLL
0x76980000 0x000C9000 C:\Windows\system32\USER32.dll
0x76F40000 0x0004E000 C:\Windows\system32\GDI32.dll
0x76F90000 0x0000A000 C:\Windows\system32\LPK.dll
0x76400000 0x0009D000 C:\Windows\system32\USP10.dll
0x72F00000 0x00032000 C:\Windows\system32\WINMM.dll
0x766A0000 0x000A0000 C:\Windows\system32\ADVAPI32.dll
0x76680000 0x00019000 C:\Windows\SYSTEM32\sechost.dll
0x752E0000 0x00C4A000 C:\Windows\system32\SHELL32.dll
0x76280000 0x00057000 C:\Windows\system32\SHLWAPI.dll
0x73BE0000 0x0019E000 C:\Windows\WinSxS\x86_microsoft.windows.common-controls_6595b64144ccf1df_6.0.7601.17514_none_41e6975e2bd6f2b2\COMCTL32.dll
0x760F0000 0x0015C000 C:\Windows\system32\OLE32.DLL
0x76AE0000 0x0008F000 C:\Windows\system32\OLEAUT32.DLL
0x651F0000 0x00019000 C:\Windows\system32\OLEPRO32.DLL
0x76F20000 0x0001F000 C:\Windows\system32\IMM32.DLL
0x764A0000 0x000CC000 C:\Windows\system32\MSCTF.dll
0x74C90000 0x0000C000 C:\Windows\system32\CRYPTBASE.dll

Called from PAYMBROWSECLASS(0)
Called from R_MAIN_18SMART1(62) in c:\users\honeesh\desktop\ddb\MAIN.PRG
Called from SS_CALLR(344) in SSLIB.prg
Called from MAIN(40) in c:\users\honeesh\desktop\ddb\MAIN.PRG
------------------------------------------------------------------------
Application Internal Error - C:\Users\Honeesh\Desktop\DDB\MAIN.exe
Terminated at: 2012.05.06 01:23:03
Unrecoverable error 6005: Exception error: 

    Exception Code:C0000005
    Exception Address:CAFEDEAD
    EAX:004CD4D0  EBX:0032E404  ECX:0032E660  EDX:CAFEDEAD
    ESI:00000000  EDI:004CEAE3  EBP:0012FA08
    CS:EIP:001B:CAFEDEAD  SS:ESP:0023:0012F9F0
    DS:0023  ES:0023  FS:003B  GS:0000
    Flags:00010246
    CS:EIP:
    SS:ESP: 0042570C 00000011 00000008 00000000 00000000 00000000 0012FB0C 0041F80A 00000000 00375022 00000000 0032E404 00000000 00000000 00000000 00000000

    C stack:
    EIP:     EBP:       Frame: OldEBP, RetAddr, Params...
    CAFEDEAD 0012FA08   0012FB0C 0041F80A 00000000 00375022 00000000 0032E404 00000000 00000000 00000000 00000000
    0041F80A 0012FB0C   0012FB34 004011C0 004CEAC7 004CD2E0 0042570C 0000000B 00000008 00000000 00000000 0000003E
    004011C0 0012FB34   0012FC38 0041F80A 00000000 00000000 0032EBEC 00000000 00000008 0012FC60 00000000 0012FB74
    0041F80A 0012FC38   0012FC48 004396A7 0037501C 00000000
    004396A7 0012FC48   0012FCB4 004399CF 0012FC60 004D7AF2 00000000 0032E404 00000002 0000000B 005644D8 004CEA5B
    004399CF 0012FCB4   0012FDC0 00420711 0032EBEC 00000000 0000000B 004CEAA9 00000000 0032E404 7FFD8000 76E07720
    00420711 0012FDC0   0012FDE8 00401810 004D79C6 004D54EC 0042570C 00000001 00000000 00000000 00000000 00000158
    00401810 0012FDE8   0012FEEC 0041F787 00000001 00000001 00000001 005689C0 00000007 00000018 0032E404 00000058
    0041F787 0012FEEC   0012FF14 00401184 004CE964 004CD2E0 0042570C 00000000 00000000 00000000 00000000 00000028
    00401184 0012FF14   0012FF30 0041EAD3 00320000 00000000 00000000 00202330 00000000
    0041EAD3 0012FF30   0012FF50 0044E59E 00000001 004CD270 00202330 00200000 00000000 00247200
    0044E59E 0012FF50   0012FF80 004C9E5B 00400000 00000000 00202330 00000001 00000000 00000000 7FFD8000 00000000
    004C9E5B 0012FF80   0012FF94 00000000 004CD270 7636ED6C 7FFD8000
    00000000 0012FF94   0012FFD4 76E2377B 7FFD8000 76A3098B 00000000 00000000 7FFD8000 00000000 00000000 00000000
    76E2377B 0012FFD4   0012FFEC 76E2374E 00401000 7FFD8000 00000000 00000000


Modules:
0x00400000 0x0018C000 C:\Users\Honeesh\Desktop\DDB\MAIN.exe
0x76DC0000 0x0013C000 C:\Windows\SYSTEM32\ntdll.dll
0x76320000 0x000D4000 C:\Windows\system32\kernel32.dll
0x74FF0000 0x0004A000 C:\Windows\system32\KERNELBASE.dll
0x762E0000 0x00035000 C:\Windows\system32\WS2_32.DLL
0x76D10000 0x000AC000 C:\Windows\system32\msvcrt.dll
0x76570000 0x000A1000 C:\Windows\system32\RPCRT4.dll
0x752D0000 0x00006000 C:\Windows\system32\NSI.dll
0x71230000 0x00021000 C:\Windows\system32\MSVFW32.DLL
0x76980000 0x000C9000 C:\Windows\system32\USER32.dll
0x76F40000 0x0004E000 C:\Windows\system32\GDI32.dll
0x76F90000 0x0000A000 C:\Windows\system32\LPK.dll
0x76400000 0x0009D000 C:\Windows\system32\USP10.dll
0x72F00000 0x00032000 C:\Windows\system32\WINMM.dll
0x766A0000 0x000A0000 C:\Windows\system32\ADVAPI32.dll
0x76680000 0x00019000 C:\Windows\SYSTEM32\sechost.dll
0x752E0000 0x00C4A000 C:\Windows\system32\SHELL32.dll
0x76280000 0x00057000 C:\Windows\system32\SHLWAPI.dll
0x73BE0000 0x0019E000 C:\Windows\WinSxS\x86_microsoft.windows.common-controls_6595b64144ccf1df_6.0.7601.17514_none_41e6975e2bd6f2b2\COMCTL32.dll
0x760F0000 0x0015C000 C:\Windows\system32\OLE32.DLL
0x76AE0000 0x0008F000 C:\Windows\system32\OLEAUT32.DLL
0x651F0000 0x00019000 C:\Windows\system32\OLEPRO32.DLL
0x76F20000 0x0001F000 C:\Windows\system32\IMM32.DLL
0x764A0000 0x000CC000 C:\Windows\system32\MSCTF.dll
0x74C90000 0x0000C000 C:\Windows\system32\CRYPTBASE.dll

Called from PAYMBROWSECLASS(0)
Called from R_MAIN_18SMART1(62) in c:\users\honeesh\desktop\ddb\MAIN.PRG
Called from SS_CALLR(344) in SSLIB.prg
Called from MAIN(40) in c:\users\honeesh\desktop\ddb\MAIN.PRG
------------------------------------------------------------------------
Application Internal Error - C:\Users\Honeesh\Desktop\DDB\MAIN.exe
Terminated at: 2012.05.06 01:23:49
Unrecoverable error 6005: Exception error: 

    Exception Code:C0000005
    Exception Address:CAFEDEAD
    EAX:004CD4D0  EBX:0032E404  ECX:0032E660  EDX:CAFEDEAD
    ESI:00000000  EDI:004CEAE3  EBP:0012FA08
    CS:EIP:001B:CAFEDEAD  SS:ESP:0023:0012F9F0
    DS:0023  ES:0023  FS:003B  GS:0000
    Flags:00010246
    CS:EIP:
    SS:ESP: 0042570C 00000011 00000008 00000000 00000000 00000000 0012FB0C 0041F80A 00000000 003A5022 00000000 0032E404 00000000 00000000 00000000 00000000

    C stack:
    EIP:     EBP:       Frame: OldEBP, RetAddr, Params...
    CAFEDEAD 0012FA08   0012FB0C 0041F80A 00000000 003A5022 00000000 0032E404 00000000 00000000 00000000 00000000
    0041F80A 0012FB0C   0012FB34 004011C0 004CEAC7 004CD2E0 0042570C 0000000B 00000008 00000000 00000000 0000003E
    004011C0 0012FB34   0012FC38 0041F80A 00000000 00000000 0032EBEC 00000000 00000008 0012FC60 00000000 0012FB74
    0041F80A 0012FC38   0012FC48 004396A7 003A501C 00000000
    004396A7 0012FC48   0012FCB4 004399CF 0012FC60 004D7AF2 00000000 0032E404 00000002 0000000B 005644D8 004CEA5B
    004399CF 0012FCB4   0012FDC0 00420711 0032EBEC 00000000 0000000B 004CEAA9 00000000 0032E404 7FFDF000 76E07720
    00420711 0012FDC0   0012FDE8 00401810 004D79C6 004D54EC 0042570C 00000001 00000000 00000000 00000000 00000158
    00401810 0012FDE8   0012FEEC 0041F787 00000001 00000001 00000001 005689C0 00000007 00000018 0032E404 00000058
    0041F787 0012FEEC   0012FF14 00401184 004CE964 004CD2E0 0042570C 00000000 00000000 00000000 00000000 00000028
    00401184 0012FF14   0012FF30 0041EAD3 00320000 00000000 00000000 00172330 00000000
    0041EAD3 0012FF30   0012FF50 0044E59E 00000001 004CD270 00172330 00170000 00000000 001B7200
    0044E59E 0012FF50   0012FF80 004C9E5B 00400000 00000000 00172330 00000001 00000000 00000000 7FFDF000 00000000
    004C9E5B 0012FF80   0012FF94 00000000 004CD270 7636ED6C 7FFDF000
    00000000 0012FF94   0012FFD4 76E2377B 7FFDF000 76A2B3F0 00000000 00000000 7FFDF000 00000000 00000000 00000000
    76E2377B 0012FFD4   0012FFEC 76E2374E 00401000 7FFDF000 00000000 00000000


Modules:
0x00400000 0x0018C000 C:\Users\Honeesh\Desktop\DDB\MAIN.exe
0x76DC0000 0x0013C000 C:\Windows\SYSTEM32\ntdll.dll
0x76320000 0x000D4000 C:\Windows\system32\kernel32.dll
0x74FF0000 0x0004A000 C:\Windows\system32\KERNELBASE.dll
0x762E0000 0x00035000 C:\Windows\system32\WS2_32.DLL
0x76D10000 0x000AC000 C:\Windows\system32\msvcrt.dll
0x76570000 0x000A1000 C:\Windows\system32\RPCRT4.dll
0x752D0000 0x00006000 C:\Windows\system32\NSI.dll
0x71230000 0x00021000 C:\Windows\system32\MSVFW32.DLL
0x76980000 0x000C9000 C:\Windows\system32\USER32.dll
0x76F40000 0x0004E000 C:\Windows\system32\GDI32.dll
0x76F90000 0x0000A000 C:\Windows\system32\LPK.dll
0x76400000 0x0009D000 C:\Windows\system32\USP10.dll
0x72F00000 0x00032000 C:\Windows\system32\WINMM.dll
0x766A0000 0x000A0000 C:\Windows\system32\ADVAPI32.dll
0x76680000 0x00019000 C:\Windows\SYSTEM32\sechost.dll
0x752E0000 0x00C4A000 C:\Windows\system32\SHELL32.dll
0x76280000 0x00057000 C:\Windows\system32\SHLWAPI.dll
0x73BE0000 0x0019E000 C:\Windows\WinSxS\x86_microsoft.windows.common-controls_6595b64144ccf1df_6.0.7601.17514_none_41e6975e2bd6f2b2\COMCTL32.dll
0x760F0000 0x0015C000 C:\Windows\system32\OLE32.DLL
0x76AE0000 0x0008F000 C:\Windows\system32\OLEAUT32.DLL
0x651F0000 0x00019000 C:\Windows\system32\OLEPRO32.DLL
0x76F20000 0x0001F000 C:\Windows\system32\IMM32.DLL
0x764A0000 0x000CC000 C:\Windows\system32\MSCTF.dll
0x74C90000 0x0000C000 C:\Windows\system32\CRYPTBASE.dll

Called from PAYMBROWSECLASS(0)
Called from R_MAIN_18SMART1(62) in c:\users\honeesh\desktop\ddb\MAIN.PRG
Called from SS_CALLR(344) in SSLIB.prg
Called from MAIN(40) in c:\users\honeesh\desktop\ddb\MAIN.PRG
------------------------------------------------------------------------
Application Internal Error - C:\Users\Honeesh\Desktop\DDB\MAIN.exe
Terminated at: 2012.05.06 01:24:06
Unrecoverable error 6005: Exception error: 

    Exception Code:C0000005
    Exception Address:CAFEDEAD
    EAX:004CD4D0  EBX:0032E404  ECX:0032E660  EDX:CAFEDEAD
    ESI:00000000  EDI:004CEAE3  EBP:0012FA08
    CS:EIP:001B:CAFEDEAD  SS:ESP:0023:0012F9F0
    DS:0023  ES:0023  FS:003B  GS:0000
    Flags:00010246
    CS:EIP:
    SS:ESP: 0042570C 00000011 00000008 00000000 00000000 00000000 0012FB0C 0041F80A 00000000 00375022 00000000 0032E404 00000000 00000000 00000000 00000000

    C stack:
    EIP:     EBP:       Frame: OldEBP, RetAddr, Params...
    CAFEDEAD 0012FA08   0012FB0C 0041F80A 00000000 00375022 00000000 0032E404 00000000 00000000 00000000 00000000
    0041F80A 0012FB0C   0012FB34 004011C0 004CEAC7 004CD2E0 0042570C 0000000B 00000008 00000000 00000000 0000003E
    004011C0 0012FB34   0012FC38 0041F80A 00000000 00000000 0032EBEC 00000000 00000008 0012FC60 00000000 0012FB74
    0041F80A 0012FC38   0012FC48 004396A7 0037501C 00000000
    004396A7 0012FC48   0012FCB4 004399CF 0012FC60 004D7AF2 00000000 0032E404 00000002 0000000B 005644D8 004CEA5B
    004399CF 0012FCB4   0012FDC0 00420711 0032EBEC 00000000 0000000B 004CEAA9 00000000 0032E404 7FFD8000 76E07720
    00420711 0012FDC0   0012FDE8 00401810 004D79C6 004D54EC 0042570C 00000001 00000000 00000000 00000000 00000158
    00401810 0012FDE8   0012FEEC 0041F787 00000001 00000001 00000001 005689C0 00000007 00000018 0032E404 00000058
    0041F787 0012FEEC   0012FF14 00401184 004CE964 004CD2E0 0042570C 00000000 00000000 00000000 00000000 00000028
    00401184 0012FF14   0012FF30 0041EAD3 00320000 00000000 00000000 00202330 00000000
    0041EAD3 0012FF30   0012FF50 0044E59E 00000001 004CD270 00202330 00200000 00000000 00247200
    0044E59E 0012FF50   0012FF80 004C9E5B 00400000 00000000 00202330 00000001 00000000 00000000 7FFD8000 00000000
    004C9E5B 0012FF80   0012FF94 00000000 004CD270 7636ED6C 7FFD8000
    00000000 0012FF94   0012FFD4 76E2377B 7FFD8000 76A3098B 00000000 00000000 7FFD8000 C0000005 76380651 76380651
    76E2377B 0012FFD4   0012FFEC 76E2374E 00401000 7FFD8000 00000000 00000000


Modules:
0x00400000 0x0018C000 C:\Users\Honeesh\Desktop\DDB\MAIN.exe
0x76DC0000 0x0013C000 C:\Windows\SYSTEM32\ntdll.dll
0x76320000 0x000D4000 C:\Windows\system32\kernel32.dll
0x74FF0000 0x0004A000 C:\Windows\system32\KERNELBASE.dll
0x762E0000 0x00035000 C:\Windows\system32\WS2_32.DLL
0x76D10000 0x000AC000 C:\Windows\system32\msvcrt.dll
0x76570000 0x000A1000 C:\Windows\system32\RPCRT4.dll
0x752D0000 0x00006000 C:\Windows\system32\NSI.dll
0x71230000 0x00021000 C:\Windows\system32\MSVFW32.DLL
0x76980000 0x000C9000 C:\Windows\system32\USER32.dll
0x76F40000 0x0004E000 C:\Windows\system32\GDI32.dll
0x76F90000 0x0000A000 C:\Windows\system32\LPK.dll
0x76400000 0x0009D000 C:\Windows\system32\USP10.dll
0x72F00000 0x00032000 C:\Windows\system32\WINMM.dll
0x766A0000 0x000A0000 C:\Windows\system32\ADVAPI32.dll
0x76680000 0x00019000 C:\Windows\SYSTEM32\sechost.dll
0x752E0000 0x00C4A000 C:\Windows\system32\SHELL32.dll
0x76280000 0x00057000 C:\Windows\system32\SHLWAPI.dll
0x73BE0000 0x0019E000 C:\Windows\WinSxS\x86_microsoft.windows.common-controls_6595b64144ccf1df_6.0.7601.17514_none_41e6975e2bd6f2b2\COMCTL32.dll
0x760F0000 0x0015C000 C:\Windows\system32\OLE32.DLL
0x76AE0000 0x0008F000 C:\Windows\system32\OLEAUT32.DLL
0x651F0000 0x00019000 C:\Windows\system32\OLEPRO32.DLL
0x76F20000 0x0001F000 C:\Windows\system32\IMM32.DLL
0x764A0000 0x000CC000 C:\Windows\system32\MSCTF.dll
0x74C90000 0x0000C000 C:\Windows\system32\CRYPTBASE.dll

Called from PAYMBROWSECLASS(0)
Called from R_MAIN_18SMART1(62) in c:\users\honeesh\desktop\ddb\MAIN.PRG
Called from SS_CALLR(344) in SSLIB.prg
Called from MAIN(40) in c:\users\honeesh\desktop\ddb\MAIN.PRG
------------------------------------------------------------------------
Application Internal Error - C:\Users\Honeesh\Desktop\DDB\MAIN.exe
Terminated at: 2012.05.06 01:24:52
Unrecoverable error 6005: Exception error: 

    Exception Code:C0000005
    Exception Address:CAFEDEAD
    EAX:004CD4D0  EBX:0032E404  ECX:0032E660  EDX:CAFEDEAD
    ESI:00000000  EDI:004CEAE3  EBP:0012FA08
    CS:EIP:001B:CAFEDEAD  SS:ESP:0023:0012F9F0
    DS:0023  ES:0023  FS:003B  GS:0000
    Flags:00010246
    CS:EIP:
    SS:ESP: 0042570C 00000011 00000008 00000000 00000000 00000000 0012FB0C 0041F80A 00000000 003A5022 00000000 0032E404 00000000 00000000 00000000 00000000

    C stack:
    EIP:     EBP:       Frame: OldEBP, RetAddr, Params...
    CAFEDEAD 0012FA08   0012FB0C 0041F80A 00000000 003A5022 00000000 0032E404 00000000 00000000 00000000 00000000
    0041F80A 0012FB0C   0012FB34 004011C0 004CEAC7 004CD2E0 0042570C 0000000B 00000008 00000000 00000000 0000003E
    004011C0 0012FB34   0012FC38 0041F80A 00000000 00000000 0032EBEC 00000000 00000008 0012FC60 00000000 0012FB74
    0041F80A 0012FC38   0012FC48 004396A7 003A501C 00000000
    004396A7 0012FC48   0012FCB4 004399CF 0012FC60 004D7AF2 00000000 0032E404 00000002 0000000B 005644D8 004CEA5B
    004399CF 0012FCB4   0012FDC0 00420711 0032EBEC 00000000 0000000B 004CEAA9 00000000 0032E404 7FFDF000 76E07720
    00420711 0012FDC0   0012FDE8 00401810 004D79C6 004D54EC 0042570C 00000001 00000000 00000000 00000000 00000158
    00401810 0012FDE8   0012FEEC 0041F787 00000001 00000001 00000001 005689C0 00000007 00000018 0032E404 00000058
    0041F787 0012FEEC   0012FF14 00401184 004CE964 004CD2E0 0042570C 00000000 00000000 00000000 00000000 00000028
    00401184 0012FF14   0012FF30 0041EAD3 00320000 00000000 00000000 00172330 00000000
    0041EAD3 0012FF30   0012FF50 0044E59E 00000001 004CD270 00172330 00170000 00000000 001B7200
    0044E59E 0012FF50   0012FF80 004C9E5B 00400000 00000000 00172330 00000001 00000000 00000000 7FFDF000 00000000
    004C9E5B 0012FF80   0012FF94 00000000 004CD270 7636ED6C 7FFDF000
    00000000 0012FF94   0012FFD4 76E2377B 7FFDF000 76A2B3F0 00000000 00000000 7FFDF000 C0000005 76380651 76380651
    76E2377B 0012FFD4   0012FFEC 76E2374E 00401000 7FFDF000 00000000 00000000


Modules:
0x00400000 0x0018C000 C:\Users\Honeesh\Desktop\DDB\MAIN.exe
0x76DC0000 0x0013C000 C:\Windows\SYSTEM32\ntdll.dll
0x76320000 0x000D4000 C:\Windows\system32\kernel32.dll
0x74FF0000 0x0004A000 C:\Windows\system32\KERNELBASE.dll
0x762E0000 0x00035000 C:\Windows\system32\WS2_32.DLL
0x76D10000 0x000AC000 C:\Windows\system32\msvcrt.dll
0x76570000 0x000A1000 C:\Windows\system32\RPCRT4.dll
0x752D0000 0x00006000 C:\Windows\system32\NSI.dll
0x71230000 0x00021000 C:\Windows\system32\MSVFW32.DLL
0x76980000 0x000C9000 C:\Windows\system32\USER32.dll
0x76F40000 0x0004E000 C:\Windows\system32\GDI32.dll
0x76F90000 0x0000A000 C:\Windows\system32\LPK.dll
0x76400000 0x0009D000 C:\Windows\system32\USP10.dll
0x72F00000 0x00032000 C:\Windows\system32\WINMM.dll
0x766A0000 0x000A0000 C:\Windows\system32\ADVAPI32.dll
0x76680000 0x00019000 C:\Windows\SYSTEM32\sechost.dll
0x752E0000 0x00C4A000 C:\Windows\system32\SHELL32.dll
0x76280000 0x00057000 C:\Windows\system32\SHLWAPI.dll
0x73BE0000 0x0019E000 C:\Windows\WinSxS\x86_microsoft.windows.common-controls_6595b64144ccf1df_6.0.7601.17514_none_41e6975e2bd6f2b2\COMCTL32.dll
0x760F0000 0x0015C000 C:\Windows\system32\OLE32.DLL
0x76AE0000 0x0008F000 C:\Windows\system32\OLEAUT32.DLL
0x651F0000 0x00019000 C:\Windows\system32\OLEPRO32.DLL
0x76F20000 0x0001F000 C:\Windows\system32\IMM32.DLL
0x764A0000 0x000CC000 C:\Windows\system32\MSCTF.dll
0x74C90000 0x0000C000 C:\Windows\system32\CRYPTBASE.dll

Called from PAYMBROWSECLASS(0)
Called from R_MAIN_18SMART1(62) in c:\users\honeesh\desktop\ddb\MAIN.PRG
Called from SS_CALLR(344) in SSLIB.prg
Called from MAIN(40) in c:\users\honeesh\desktop\ddb\MAIN.PRG
------------------------------------------------------------------------
Application Internal Error - C:\Users\Honeesh\Desktop\DDB\MAIN.exe
Terminated at: 2012.05.06 14:30:17
Unrecoverable error 6005: Exception error: 

    Exception Code:C0000005
    Exception Address:CAFEDEAD
    EAX:004CD510  EBX:003FDEBC  ECX:003FE118  EDX:CAFEDEAD
    ESI:00000000  EDI:004CEAE9  EBP:0012FA08
    CS:EIP:001B:CAFEDEAD  SS:ESP:0023:0012F9F0
    DS:0023  ES:0023  FS:003B  GS:0000
    Flags:00010246
    CS:EIP:
    SS:ESP: 0042570C 00000011 00000008 00000000 00000000 00000000 0012FB0C 0041F80A 00000000 006E98F2 00000000 003FDEBC 00000000 00000000 00000000 00000000

    C stack:
    EIP:     EBP:       Frame: OldEBP, RetAddr, Params...
    CAFEDEAD 0012FA08   0012FB0C 0041F80A 00000000 006E98F2 00000000 003FDEBC 00000000 00000000 00000000 00000000
    0041F80A 0012FB0C   0012FB34 004011C0 004CEAB7 004CD2E0 0042570C 0000000B 00000008 00000000 00000000 0000003F
    004011C0 0012FB34   0012FC38 0041F80A 00000000 00000000 003FE6A4 00000000 00000008 0012FC60 00000000 0012FB74
    0041F80A 0012FC38   0012FC48 004396A7 006E98EC 00000000
    004396A7 0012FC48   0012FCB4 004399CF 0012FC60 004D7A16 00000000 003FDEBC 00000002 0000000B 005643FC 004CEA4B
    004399CF 0012FCB4   0012FDC0 00420711 003FE6A4 00000000 0000000B 004CEA99 00000000 003FDEBC 7FFD6000 77057720
    00420711 0012FDC0   0012FDE8 00401810 004D78EA 004D5410 0042570C 00000001 00000000 00000000 00000000 00000158
    00401810 0012FDE8   0012FEEC 0041F787 00000001 00000001 00000001 005688E4 00000007 00000018 003FDEBC 00000058
    0041F787 0012FEEC   0012FF14 00401184 004CE954 004CD2E0 0042570C 00000000 00000000 00000000 00000000 00000028
    00401184 0012FF14   0012FF30 0041EAD3 003F0000 00000000 00000000 00172330 00000000
    0041EAD3 0012FF30   0012FF50 0044E59E 00000001 004CD270 00172330 00170000 00000000 001B7200
    0044E59E 0012FF50   0012FF80 004C9E5B 00400000 00000000 00172330 00000001 00000000 00000000 7FFD6000 00000000
    004C9E5B 0012FF80   0012FF94 00000000 004CD270 771AED6C 7FFD6000
    00000000 0012FF94   0012FFD4 7707377B 7FFD6000 7750F2F2 00000000 00000000 7FFD6000 00000000 00000000 00000000
    7707377B 0012FFD4   0012FFEC 7707374E 00401000 7FFD6000 00000000 00000000


Modules:
0x00400000 0x0018C000 C:\Users\Honeesh\Desktop\DDB\MAIN.exe
0x77010000 0x0013C000 C:\Windows\SYSTEM32\ntdll.dll
0x77160000 0x000D4000 C:\Windows\system32\kernel32.dll
0x75250000 0x0004A000 C:\Windows\system32\KERNELBASE.dll
0x76520000 0x00035000 C:\Windows\system32\WS2_32.DLL
0x768F0000 0x000AC000 C:\Windows\system32\msvcrt.dll
0x76840000 0x000A1000 C:\Windows\system32\RPCRT4.dll
0x76B90000 0x00006000 C:\Windows\system32\NSI.dll
0x68CD0000 0x00021000 C:\Windows\system32\MSVFW32.DLL
0x769C0000 0x000C9000 C:\Windows\system32\USER32.dll
0x76BA0000 0x0004E000 C:\Windows\system32\GDI32.dll
0x76A90000 0x0000A000 C:\Windows\system32\LPK.dll
0x76D10000 0x0009D000 C:\Windows\system32\USP10.dll
0x73150000 0x00032000 C:\Windows\system32\WINMM.dll
0x76330000 0x000A0000 C:\Windows\system32\ADVAPI32.dll
0x763D0000 0x00019000 C:\Windows\SYSTEM32\sechost.dll
0x75660000 0x00C4A000 C:\Windows\system32\SHELL32.dll
0x76560000 0x00057000 C:\Windows\system32\SHLWAPI.dll
0x73E30000 0x0019E000 C:\Windows\WinSxS\x86_microsoft.windows.common-controls_6595b64144ccf1df_6.0.7601.17514_none_41e6975e2bd6f2b2\COMCTL32.dll
0x766E0000 0x0015C000 C:\Windows\system32\OLE32.DLL
0x76DB0000 0x0008F000 C:\Windows\system32\OLEAUT32.DLL
0x655E0000 0x00019000 C:\Windows\system32\OLEPRO32.DLL
0x769A0000 0x0001F000 C:\Windows\system32\IMM32.DLL
0x76450000 0x000CC000 C:\Windows\system32\MSCTF.dll
0x74EE0000 0x0000C000 C:\Windows\system32\CRYPTBASE.dll

Called from SUPDATABROWSECLASS(0)
Called from R_MAIN_18SMART1(63) in c:\users\honeesh\desktop\ddb\MAIN.PRG
Called from SS_CALLR(344) in SSLIB.prg
Called from MAIN(40) in c:\users\honeesh\desktop\ddb\MAIN.PRG
------------------------------------------------------------------------
Application Internal Error - C:\Users\Honeesh\Desktop\DDB\MAIN.exe
Terminated at: 2012.05.06 14:31:00
Unrecoverable error 6005: Exception error: 

    Exception Code:C0000005
    Exception Address:CAFEDEAD
    EAX:004CD510  EBX:0032E3EC  ECX:0032E648  EDX:CAFEDEAD
    ESI:00000000  EDI:004CEAE9  EBP:0012FA08
    CS:EIP:001B:CAFEDEAD  SS:ESP:0023:0012F9F0
    DS:0023  ES:0023  FS:003B  GS:0000
    Flags:00010246
    CS:EIP:
    SS:ESP: 0042570C 00000011 00000008 00000000 00000000 00000000 0012FB0C 0041F80A 00000000 003698AA 00000000 0032E3EC 00000000 00000000 00000000 00000000

    C stack:
    EIP:     EBP:       Frame: OldEBP, RetAddr, Params...
    CAFEDEAD 0012FA08   0012FB0C 0041F80A 00000000 003698AA 00000000 0032E3EC 00000000 00000000 00000000 00000000
    0041F80A 0012FB0C   0012FB34 004011C0 004CEAB7 004CD2E0 0042570C 0000000B 00000008 00000000 00000000 0000003F
    004011C0 0012FB34   0012FC38 0041F80A 00000000 00000000 0032EBD4 00000000 00000008 0012FC60 00000000 0012FB74
    0041F80A 0012FC38   0012FC48 004396A7 003698A4 00000000
    004396A7 0012FC48   0012FCB4 004399CF 0012FC60 004D7A16 00000000 0032E3EC 00000002 0000000B 005643FC 004CEA4B
    004399CF 0012FCB4   0012FDC0 00420711 0032EBD4 00000000 0000000B 004CEA99 00000000 0032E3EC 7FFDA000 77057720
    00420711 0012FDC0   0012FDE8 00401810 004D78EA 004D5410 0042570C 00000001 00000000 00000000 00000000 00000158
    00401810 0012FDE8   0012FEEC 0041F787 00000001 00000001 00000001 005688E4 00000007 00000018 0032E3EC 00000058
    0041F787 0012FEEC   0012FF14 00401184 004CE954 004CD2E0 0042570C 00000000 00000000 00000000 00000000 00000028
    00401184 0012FF14   0012FF30 0041EAD3 00320000 00000000 00000000 00222330 00000000
    0041EAD3 0012FF30   0012FF50 0044E59E 00000001 004CD270 00222330 00220000 00000000 00267200
    0044E59E 0012FF50   0012FF80 004C9E5B 00400000 00000000 00222330 00000001 00000000 00000000 7FFDA000 00000000
    004C9E5B 0012FF80   0012FF94 00000000 004CD270 771AED6C 7FFDA000
    00000000 0012FF94   0012FFD4 7707377B 7FFDA000 7751AA6F 00000000 00000000 7FFDA000 00000000 00000000 00000000
    7707377B 0012FFD4   0012FFEC 7707374E 00401000 7FFDA000 00000000 00000000


Modules:
0x00400000 0x0018C000 C:\Users\Honeesh\Desktop\DDB\MAIN.exe
0x77010000 0x0013C000 C:\Windows\SYSTEM32\ntdll.dll
0x77160000 0x000D4000 C:\Windows\system32\kernel32.dll
0x75250000 0x0004A000 C:\Windows\system32\KERNELBASE.dll
0x76520000 0x00035000 C:\Windows\system32\WS2_32.DLL
0x768F0000 0x000AC000 C:\Windows\system32\msvcrt.dll
0x76840000 0x000A1000 C:\Windows\system32\RPCRT4.dll
0x76B90000 0x00006000 C:\Windows\system32\NSI.dll
0x68CD0000 0x00021000 C:\Windows\system32\MSVFW32.DLL
0x769C0000 0x000C9000 C:\Windows\system32\USER32.dll
0x76BA0000 0x0004E000 C:\Windows\system32\GDI32.dll
0x76A90000 0x0000A000 C:\Windows\system32\LPK.dll
0x76D10000 0x0009D000 C:\Windows\system32\USP10.dll
0x73150000 0x00032000 C:\Windows\system32\WINMM.dll
0x76330000 0x000A0000 C:\Windows\system32\ADVAPI32.dll
0x763D0000 0x00019000 C:\Windows\SYSTEM32\sechost.dll
0x75660000 0x00C4A000 C:\Windows\system32\SHELL32.dll
0x76560000 0x00057000 C:\Windows\system32\SHLWAPI.dll
0x73E30000 0x0019E000 C:\Windows\WinSxS\x86_microsoft.windows.common-controls_6595b64144ccf1df_6.0.7601.17514_none_41e6975e2bd6f2b2\COMCTL32.dll
0x766E0000 0x0015C000 C:\Windows\system32\OLE32.DLL
0x76DB0000 0x0008F000 C:\Windows\system32\OLEAUT32.DLL
0x655E0000 0x00019000 C:\Windows\system32\OLEPRO32.DLL
0x769A0000 0x0001F000 C:\Windows\system32\IMM32.DLL
0x76450000 0x000CC000 C:\Windows\system32\MSCTF.dll
0x74EE0000 0x0000C000 C:\Windows\system32\CRYPTBASE.dll

Called from SUPDATABROWSECLASS(0)
Called from R_MAIN_18SMART1(63) in c:\users\honeesh\desktop\ddb\MAIN.PRG
Called from SS_CALLR(344) in SSLIB.prg
Called from MAIN(40) in c:\users\honeesh\desktop\ddb\MAIN.PRG
------------------------------------------------------------------------
Application Internal Error - C:\Users\Honeesh\Desktop\DDB\MAIN.exe
Terminated at: 2012.05.06 14:31:21
Unrecoverable error 6005: Exception error: 

    Exception Code:C0000005
    Exception Address:CAFEDEAD
    EAX:004CD510  EBX:003FDEBC  ECX:003FE118  EDX:CAFEDEAD
    ESI:00000000  EDI:004CEAE9  EBP:0012FA08
    CS:EIP:001B:CAFEDEAD  SS:ESP:0023:0012F9F0
    DS:0023  ES:0023  FS:003B  GS:0000
    Flags:00010246
    CS:EIP:
    SS:ESP: 0042570C 00000011 00000008 00000000 00000000 00000000 0012FB0C 0041F80A 00000000 006E98F2 00000000 003FDEBC 00000000 00000000 00000000 00000000

    C stack:
    EIP:     EBP:       Frame: OldEBP, RetAddr, Params...
    CAFEDEAD 0012FA08   0012FB0C 0041F80A 00000000 006E98F2 00000000 003FDEBC 00000000 00000000 00000000 00000000
    0041F80A 0012FB0C   0012FB34 004011C0 004CEAB7 004CD2E0 0042570C 0000000B 00000008 00000000 00000000 0000003F
    004011C0 0012FB34   0012FC38 0041F80A 00000000 00000000 003FE6A4 00000000 00000008 0012FC60 00000000 0012FB74
    0041F80A 0012FC38   0012FC48 004396A7 006E98EC 00000000
    004396A7 0012FC48   0012FCB4 004399CF 0012FC60 004D7A16 00000000 003FDEBC 00000002 0000000B 005643FC 004CEA4B
    004399CF 0012FCB4   0012FDC0 00420711 003FE6A4 00000000 0000000B 004CEA99 00000000 003FDEBC 7FFD6000 77057720
    00420711 0012FDC0   0012FDE8 00401810 004D78EA 004D5410 0042570C 00000001 00000000 00000000 00000000 00000158
    00401810 0012FDE8   0012FEEC 0041F787 00000001 00000001 00000001 005688E4 00000007 00000018 003FDEBC 00000058
    0041F787 0012FEEC   0012FF14 00401184 004CE954 004CD2E0 0042570C 00000000 00000000 00000000 00000000 00000028
    00401184 0012FF14   0012FF30 0041EAD3 003F0000 00000000 00000000 00172330 00000000
    0041EAD3 0012FF30   0012FF50 0044E59E 00000001 004CD270 00172330 00170000 00000000 001B7200
    0044E59E 0012FF50   0012FF80 004C9E5B 00400000 00000000 00172330 00000001 00000000 00000000 7FFD6000 00000000
    004C9E5B 0012FF80   0012FF94 00000000 004CD270 771AED6C 7FFD6000
    00000000 0012FF94   0012FFD4 7707377B 7FFD6000 7750F2F2 00000000 00000000 7FFD6000 C0000005 771C0651 771C0651
    7707377B 0012FFD4   0012FFEC 7707374E 00401000 7FFD6000 00000000 00000000


Modules:
0x00400000 0x0018C000 C:\Users\Honeesh\Desktop\DDB\MAIN.exe
0x77010000 0x0013C000 C:\Windows\SYSTEM32\ntdll.dll
0x77160000 0x000D4000 C:\Windows\system32\kernel32.dll
0x75250000 0x0004A000 C:\Windows\system32\KERNELBASE.dll
0x76520000 0x00035000 C:\Windows\system32\WS2_32.DLL
0x768F0000 0x000AC000 C:\Windows\system32\msvcrt.dll
0x76840000 0x000A1000 C:\Windows\system32\RPCRT4.dll
0x76B90000 0x00006000 C:\Windows\system32\NSI.dll
0x68CD0000 0x00021000 C:\Windows\system32\MSVFW32.DLL
0x769C0000 0x000C9000 C:\Windows\system32\USER32.dll
0x76BA0000 0x0004E000 C:\Windows\system32\GDI32.dll
0x76A90000 0x0000A000 C:\Windows\system32\LPK.dll
0x76D10000 0x0009D000 C:\Windows\system32\USP10.dll
0x73150000 0x00032000 C:\Windows\system32\WINMM.dll
0x76330000 0x000A0000 C:\Windows\system32\ADVAPI32.dll
0x763D0000 0x00019000 C:\Windows\SYSTEM32\sechost.dll
0x75660000 0x00C4A000 C:\Windows\system32\SHELL32.dll
0x76560000 0x00057000 C:\Windows\system32\SHLWAPI.dll
0x73E30000 0x0019E000 C:\Windows\WinSxS\x86_microsoft.windows.common-controls_6595b64144ccf1df_6.0.7601.17514_none_41e6975e2bd6f2b2\COMCTL32.dll
0x766E0000 0x0015C000 C:\Windows\system32\OLE32.DLL
0x76DB0000 0x0008F000 C:\Windows\system32\OLEAUT32.DLL
0x655E0000 0x00019000 C:\Windows\system32\OLEPRO32.DLL
0x769A0000 0x0001F000 C:\Windows\system32\IMM32.DLL
0x76450000 0x000CC000 C:\Windows\system32\MSCTF.dll
0x74EE0000 0x0000C000 C:\Windows\system32\CRYPTBASE.dll

Called from SUPDATABROWSECLASS(0)
Called from R_MAIN_18SMART1(63) in c:\users\honeesh\desktop\ddb\MAIN.PRG
Called from SS_CALLR(344) in SSLIB.prg
Called from MAIN(40) in c:\users\honeesh\desktop\ddb\MAIN.PRG
------------------------------------------------------------------------
Application Internal Error - C:\Users\Honeesh\Desktop\DDB\MAIN.exe
Terminated at: 2012.05.06 14:31:55
Unrecoverable error 6005: Exception error: 

    Exception Code:C0000005
    Exception Address:CAFEDEAD
    EAX:004CD510  EBX:0032E3EC  ECX:0032E648  EDX:CAFEDEAD
    ESI:00000000  EDI:004CEAE9  EBP:0012FA08
    CS:EIP:001B:CAFEDEAD  SS:ESP:0023:0012F9F0
    DS:0023  ES:0023  FS:003B  GS:0000
    Flags:00010246
    CS:EIP:
    SS:ESP: 0042570C 00000011 00000008 00000000 00000000 00000000 0012FB0C 0041F80A 00000000 003698AA 00000000 0032E3EC 00000000 00000000 00000000 00000000

    C stack:
    EIP:     EBP:       Frame: OldEBP, RetAddr, Params...
    CAFEDEAD 0012FA08   0012FB0C 0041F80A 00000000 003698AA 00000000 0032E3EC 00000000 00000000 00000000 00000000
    0041F80A 0012FB0C   0012FB34 004011C0 004CEAB7 004CD2E0 0042570C 0000000B 00000008 00000000 00000000 0000003F
    004011C0 0012FB34   0012FC38 0041F80A 00000000 00000000 0032EBD4 00000000 00000008 0012FC60 00000000 0012FB74
    0041F80A 0012FC38   0012FC48 004396A7 003698A4 00000000
    004396A7 0012FC48   0012FCB4 004399CF 0012FC60 004D7A16 00000000 0032E3EC 00000002 0000000B 005643FC 004CEA4B
    004399CF 0012FCB4   0012FDC0 00420711 0032EBD4 00000000 0000000B 004CEA99 00000000 0032E3EC 7FFDA000 77057720
    00420711 0012FDC0   0012FDE8 00401810 004D78EA 004D5410 0042570C 00000001 00000000 00000000 00000000 00000158
    00401810 0012FDE8   0012FEEC 0041F787 00000001 00000001 00000001 005688E4 00000007 00000018 0032E3EC 00000058
    0041F787 0012FEEC   0012FF14 00401184 004CE954 004CD2E0 0042570C 00000000 00000000 00000000 00000000 00000028
    00401184 0012FF14   0012FF30 0041EAD3 00320000 00000000 00000000 00222330 00000000
    0041EAD3 0012FF30   0012FF50 0044E59E 00000001 004CD270 00222330 00220000 00000000 00267200
    0044E59E 0012FF50   0012FF80 004C9E5B 00400000 00000000 00222330 00000001 00000000 00000000 7FFDA000 00000000
    004C9E5B 0012FF80   0012FF94 00000000 004CD270 771AED6C 7FFDA000
    00000000 0012FF94   0012FFD4 7707377B 7FFDA000 7751AA6F 00000000 00000000 7FFDA000 C0000005 771C0651 771C0651
    7707377B 0012FFD4   0012FFEC 7707374E 00401000 7FFDA000 00000000 00000000


Modules:
0x00400000 0x0018C000 C:\Users\Honeesh\Desktop\DDB\MAIN.exe
0x77010000 0x0013C000 C:\Windows\SYSTEM32\ntdll.dll
0x77160000 0x000D4000 C:\Windows\system32\kernel32.dll
0x75250000 0x0004A000 C:\Windows\system32\KERNELBASE.dll
0x76520000 0x00035000 C:\Windows\system32\WS2_32.DLL
0x768F0000 0x000AC000 C:\Windows\system32\msvcrt.dll
0x76840000 0x000A1000 C:\Windows\system32\RPCRT4.dll
0x76B90000 0x00006000 C:\Windows\system32\NSI.dll
0x68CD0000 0x00021000 C:\Windows\system32\MSVFW32.DLL
0x769C0000 0x000C9000 C:\Windows\system32\USER32.dll
0x76BA0000 0x0004E000 C:\Windows\system32\GDI32.dll
0x76A90000 0x0000A000 C:\Windows\system32\LPK.dll
0x76D10000 0x0009D000 C:\Windows\system32\USP10.dll
0x73150000 0x00032000 C:\Windows\system32\WINMM.dll
0x76330000 0x000A0000 C:\Windows\system32\ADVAPI32.dll
0x763D0000 0x00019000 C:\Windows\SYSTEM32\sechost.dll
0x75660000 0x00C4A000 C:\Windows\system32\SHELL32.dll
0x76560000 0x00057000 C:\Windows\system32\SHLWAPI.dll
0x73E30000 0x0019E000 C:\Windows\WinSxS\x86_microsoft.windows.common-controls_6595b64144ccf1df_6.0.7601.17514_none_41e6975e2bd6f2b2\COMCTL32.dll
0x766E0000 0x0015C000 C:\Windows\system32\OLE32.DLL
0x76DB0000 0x0008F000 C:\Windows\system32\OLEAUT32.DLL
0x655E0000 0x00019000 C:\Windows\system32\OLEPRO32.DLL
0x769A0000 0x0001F000 C:\Windows\system32\IMM32.DLL
0x76450000 0x000CC000 C:\Windows\system32\MSCTF.dll
0x74EE0000 0x0000C000 C:\Windows\system32\CRYPTBASE.dll

Called from SUPDATABROWSECLASS(0)
Called from R_MAIN_18SMART1(63) in c:\users\honeesh\desktop\ddb\MAIN.PRG
Called from SS_CALLR(344) in SSLIB.prg
Called from MAIN(40) in c:\users\honeesh\desktop\ddb\MAIN.PRG
------------------------------------------------------------------------
Application Internal Error - C:\Users\Honeesh\Desktop\DDB\MAIN.exe
Terminated at: 2012.05.06 14:32:38
Unrecoverable error 6005: Exception error: 

    Exception Code:C0000005
    Exception Address:CAFEDEAD
    EAX:004CD510  EBX:0033E3EC  ECX:0033E648  EDX:CAFEDEAD
    ESI:00000000  EDI:004CEAE9  EBP:0012FA08
    CS:EIP:001B:CAFEDEAD  SS:ESP:0023:0012F9F0
    DS:0023  ES:0023  FS:003B  GS:0000
    Flags:00010246
    CS:EIP:
    SS:ESP: 0042570C 00000011 00000008 00000000 00000000 00000000 0012FB0C 0041F80A 00000000 0035990A 00000000 0033E3EC 00000000 00000000 00000000 00000000

    C stack:
    EIP:     EBP:       Frame: OldEBP, RetAddr, Params...
    CAFEDEAD 0012FA08   0012FB0C 0041F80A 00000000 0035990A 00000000 0033E3EC 00000000 00000000 00000000 00000000
    0041F80A 0012FB0C   0012FB34 004011C0 004CEAB7 004CD2E0 0042570C 0000000B 00000008 00000000 00000000 0000003F
    004011C0 0012FB34   0012FC38 0041F80A 00000000 00000000 0033EBD4 00000000 00000008 0012FC60 00000000 0012FB74
    0041F80A 0012FC38   0012FC48 004396A7 00359904 00000000
    004396A7 0012FC48   0012FCB4 004399CF 0012FC60 004D7A16 00000000 0033E3EC 00000002 0000000B 005643FC 004CEA4B
    004399CF 0012FCB4   0012FDC0 00420711 0033EBD4 00000000 0000000B 004CEA99 00000000 0033E3EC 7FFDA000 77057720
    00420711 0012FDC0   0012FDE8 00401810 004D78EA 004D5410 0042570C 00000001 00000000 00000000 00000000 00000158
    00401810 0012FDE8   0012FEEC 0041F787 00000001 00000001 00000001 005688E4 00000007 00000018 0033E3EC 00000058
    0041F787 0012FEEC   0012FF14 00401184 004CE954 004CD2E0 0042570C 00000000 00000000 00000000 00000000 00000028
    00401184 0012FF14   0012FF30 0041EAD3 00330000 00000000 00000000 001B2330 00000000
    0041EAD3 0012FF30   0012FF50 0044E59E 00000001 004CD270 001B2330 001B0000 00000000 001F7200
    0044E59E 0012FF50   0012FF80 004C9E5B 00400000 00000000 001B2330 00000001 00000000 00000000 7FFDA000 00000000
    004C9E5B 0012FF80   0012FF94 00000000 004CD270 771AED6C 7FFDA000
    00000000 0012FF94   0012FFD4 7707377B 7FFDA000 77522DF2 00000000 00000000 7FFDA000 00000000 00000000 00000000
    7707377B 0012FFD4   0012FFEC 7707374E 00401000 7FFDA000 00000000 00000000


Modules:
0x00400000 0x0018C000 C:\Users\Honeesh\Desktop\DDB\MAIN.exe
0x77010000 0x0013C000 C:\Windows\SYSTEM32\ntdll.dll
0x77160000 0x000D4000 C:\Windows\system32\kernel32.dll
0x75250000 0x0004A000 C:\Windows\system32\KERNELBASE.dll
0x76520000 0x00035000 C:\Windows\system32\WS2_32.DLL
0x768F0000 0x000AC000 C:\Windows\system32\msvcrt.dll
0x76840000 0x000A1000 C:\Windows\system32\RPCRT4.dll
0x76B90000 0x00006000 C:\Windows\system32\NSI.dll
0x68CD0000 0x00021000 C:\Windows\system32\MSVFW32.DLL
0x769C0000 0x000C9000 C:\Windows\system32\USER32.dll
0x76BA0000 0x0004E000 C:\Windows\system32\GDI32.dll
0x76A90000 0x0000A000 C:\Windows\system32\LPK.dll
0x76D10000 0x0009D000 C:\Windows\system32\USP10.dll
0x73150000 0x00032000 C:\Windows\system32\WINMM.dll
0x76330000 0x000A0000 C:\Windows\system32\ADVAPI32.dll
0x763D0000 0x00019000 C:\Windows\SYSTEM32\sechost.dll
0x75660000 0x00C4A000 C:\Windows\system32\SHELL32.dll
0x76560000 0x00057000 C:\Windows\system32\SHLWAPI.dll
0x73E30000 0x0019E000 C:\Windows\WinSxS\x86_microsoft.windows.common-controls_6595b64144ccf1df_6.0.7601.17514_none_41e6975e2bd6f2b2\COMCTL32.dll
0x766E0000 0x0015C000 C:\Windows\system32\OLE32.DLL
0x76DB0000 0x0008F000 C:\Windows\system32\OLEAUT32.DLL
0x655E0000 0x00019000 C:\Windows\system32\OLEPRO32.DLL
0x769A0000 0x0001F000 C:\Windows\system32\IMM32.DLL
0x76450000 0x000CC000 C:\Windows\system32\MSCTF.dll
0x74EE0000 0x0000C000 C:\Windows\system32\CRYPTBASE.dll

Called from SUPDATABROWSECLASS(0)
Called from R_MAIN_18SMART1(63) in c:\users\honeesh\desktop\ddb\MAIN.PRG
Called from SS_CALLR(344) in SSLIB.prg
Called from MAIN(40) in c:\users\honeesh\desktop\ddb\MAIN.PRG
------------------------------------------------------------------------
Application Internal Error - C:\Users\Honeesh\Desktop\DDB\MAIN.exe
Terminated at: 2012.05.06 14:33:04
Unrecoverable error 6005: Exception error: 

    Exception Code:C0000005
    Exception Address:CAFEDEAD
    EAX:004CD510  EBX:0022E3EC  ECX:0022E648  EDX:CAFEDEAD
    ESI:00000000  EDI:004CEAE9  EBP:0012FA08
    CS:EIP:001B:CAFEDEAD  SS:ESP:0023:0012F9F0
    DS:0023  ES:0023  FS:003B  GS:0000
    Flags:00010246
    CS:EIP:
    SS:ESP: 0042570C 00000011 00000008 00000000 00000000 00000000 0012FB0C 0041F80A 00000000 003698E2 00000000 0022E3EC 00000000 00000000 00000000 00000000

    C stack:
    EIP:     EBP:       Frame: OldEBP, RetAddr, Params...
    CAFEDEAD 0012FA08   0012FB0C 0041F80A 00000000 003698E2 00000000 0022E3EC 00000000 00000000 00000000 00000000
    0041F80A 0012FB0C   0012FB34 004011C0 004CEAB7 004CD2E0 0042570C 0000000B 00000008 00000000 00000000 0000003F
    004011C0 0012FB34   0012FC38 0041F80A 00000000 00000000 0022EBD4 00000000 00000008 0012FC60 00000000 0012FB74
    0041F80A 0012FC38   0012FC48 004396A7 003698DC 00000000
    004396A7 0012FC48   0012FCB4 004399CF 0012FC60 004D7A16 00000000 0022E3EC 00000002 0000000B 005643FC 004CEA4B
    004399CF 0012FCB4   0012FDC0 00420711 0022EBD4 00000000 0000000B 004CEA99 00000000 0022E3EC 7FFDF000 77057720
    00420711 0012FDC0   0012FDE8 00401810 004D78EA 004D5410 0042570C 00000001 00000000 00000000 00000000 00000158
    00401810 0012FDE8   0012FEEC 0041F787 00000001 00000001 00000001 005688E4 00000007 00000018 0022E3EC 00000058
    0041F787 0012FEEC   0012FF14 00401184 004CE954 004CD2E0 0042570C 00000000 00000000 00000000 00000000 00000028
    00401184 0012FF14   0012FF30 0041EAD3 00220000 00000000 00000000 00262330 00000000
    0041EAD3 0012FF30   0012FF50 0044E59E 00000001 004CD270 00262330 00260000 00000000 002A7200
    0044E59E 0012FF50   0012FF80 004C9E5B 00400000 00000000 00262330 00000001 00000000 00000000 7FFDF000 00000000
    004C9E5B 0012FF80   0012FF94 00000000 004CD270 771AED6C 7FFDF000
    00000000 0012FF94   0012FFD4 7707377B 7FFDF000 775384B0 00000000 00000000 7FFDF000 00000000 00000000 00000000
    7707377B 0012FFD4   0012FFEC 7707374E 00401000 7FFDF000 00000000 00000000


Modules:
0x00400000 0x0018C000 C:\Users\Honeesh\Desktop\DDB\MAIN.exe
0x77010000 0x0013C000 C:\Windows\SYSTEM32\ntdll.dll
0x77160000 0x000D4000 C:\Windows\system32\kernel32.dll
0x75250000 0x0004A000 C:\Windows\system32\KERNELBASE.dll
0x76520000 0x00035000 C:\Windows\system32\WS2_32.DLL
0x768F0000 0x000AC000 C:\Windows\system32\msvcrt.dll
0x76840000 0x000A1000 C:\Windows\system32\RPCRT4.dll
0x76B90000 0x00006000 C:\Windows\system32\NSI.dll
0x68CD0000 0x00021000 C:\Windows\system32\MSVFW32.DLL
0x769C0000 0x000C9000 C:\Windows\system32\USER32.dll
0x76BA0000 0x0004E000 C:\Windows\system32\GDI32.dll
0x76A90000 0x0000A000 C:\Windows\system32\LPK.dll
0x76D10000 0x0009D000 C:\Windows\system32\USP10.dll
0x73150000 0x00032000 C:\Windows\system32\WINMM.dll
0x76330000 0x000A0000 C:\Windows\system32\ADVAPI32.dll
0x763D0000 0x00019000 C:\Windows\SYSTEM32\sechost.dll
0x75660000 0x00C4A000 C:\Windows\system32\SHELL32.dll
0x76560000 0x00057000 C:\Windows\system32\SHLWAPI.dll
0x73E30000 0x0019E000 C:\Windows\WinSxS\x86_microsoft.windows.common-controls_6595b64144ccf1df_6.0.7601.17514_none_41e6975e2bd6f2b2\COMCTL32.dll
0x766E0000 0x0015C000 C:\Windows\system32\OLE32.DLL
0x76DB0000 0x0008F000 C:\Windows\system32\OLEAUT32.DLL
0x655E0000 0x00019000 C:\Windows\system32\OLEPRO32.DLL
0x769A0000 0x0001F000 C:\Windows\system32\IMM32.DLL
0x76450000 0x000CC000 C:\Windows\system32\MSCTF.dll
0x74EE0000 0x0000C000 C:\Windows\system32\CRYPTBASE.dll

Called from SUPDATABROWSECLASS(0)
Called from R_MAIN_18SMART1(63) in c:\users\honeesh\desktop\ddb\MAIN.PRG
Called from SS_CALLR(344) in SSLIB.prg
Called from MAIN(40) in c:\users\honeesh\desktop\ddb\MAIN.PRG
------------------------------------------------------------------------
Application Internal Error - C:\Users\Honeesh\Desktop\DDB\MAIN.exe
Terminated at: 2012.05.06 14:33:38
Unrecoverable error 6005: Exception error: 

    Exception Code:C0000005
    Exception Address:CAFEDEAD
    EAX:004CD510  EBX:0022E3EC  ECX:0022E648  EDX:CAFEDEAD
    ESI:00000000  EDI:004CEAE9  EBP:0012FA08
    CS:EIP:001B:CAFEDEAD  SS:ESP:0023:0012F9F0
    DS:0023  ES:0023  FS:003B  GS:0000
    Flags:00010246
    CS:EIP:
    SS:ESP: 0042570C 00000011 00000008 00000000 00000000 00000000 0012FB0C 0041F80A 00000000 003698E2 00000000 0022E3EC 00000000 00000000 00000000 00000000

    C stack:
    EIP:     EBP:       Frame: OldEBP, RetAddr, Params...
    CAFEDEAD 0012FA08   0012FB0C 0041F80A 00000000 003698E2 00000000 0022E3EC 00000000 00000000 00000000 00000000
    0041F80A 0012FB0C   0012FB34 004011C0 004CEAB7 004CD2E0 0042570C 0000000B 00000008 00000000 00000000 0000003F
    004011C0 0012FB34   0012FC38 0041F80A 00000000 00000000 0022EBD4 00000000 00000008 0012FC60 00000000 0012FB74
    0041F80A 0012FC38   0012FC48 004396A7 003698DC 00000000
    004396A7 0012FC48   0012FCB4 004399CF 0012FC60 004D7A16 00000000 0022E3EC 00000002 0000000B 005643FC 004CEA4B
    004399CF 0012FCB4   0012FDC0 00420711 0022EBD4 00000000 0000000B 004CEA99 00000000 0022E3EC 7FFDF000 77057720
    00420711 0012FDC0   0012FDE8 00401810 004D78EA 004D5410 0042570C 00000001 00000000 00000000 00000000 00000158
    00401810 0012FDE8   0012FEEC 0041F787 00000001 00000001 00000001 005688E4 00000007 00000018 0022E3EC 00000058
    0041F787 0012FEEC   0012FF14 00401184 004CE954 004CD2E0 0042570C 00000000 00000000 00000000 00000000 00000028
    00401184 0012FF14   0012FF30 0041EAD3 00220000 00000000 00000000 00262330 00000000
    0041EAD3 0012FF30   0012FF50 0044E59E 00000001 004CD270 00262330 00260000 00000000 002A7200
    0044E59E 0012FF50   0012FF80 004C9E5B 00400000 00000000 00262330 00000001 00000000 00000000 7FFDF000 00000000
    004C9E5B 0012FF80   0012FF94 00000000 004CD270 771AED6C 7FFDF000
    00000000 0012FF94   0012FFD4 7707377B 7FFDF000 775384B0 00000000 00000000 7FFDF000 C0000005 771C0651 771C0651
    7707377B 0012FFD4   0012FFEC 7707374E 00401000 7FFDF000 00000000 00000000


Modules:
0x00400000 0x0018C000 C:\Users\Honeesh\Desktop\DDB\MAIN.exe
0x77010000 0x0013C000 C:\Windows\SYSTEM32\ntdll.dll
0x77160000 0x000D4000 C:\Windows\system32\kernel32.dll
0x75250000 0x0004A000 C:\Windows\system32\KERNELBASE.dll
0x76520000 0x00035000 C:\Windows\system32\WS2_32.DLL
0x768F0000 0x000AC000 C:\Windows\system32\msvcrt.dll
0x76840000 0x000A1000 C:\Windows\system32\RPCRT4.dll
0x76B90000 0x00006000 C:\Windows\system32\NSI.dll
0x68CD0000 0x00021000 C:\Windows\system32\MSVFW32.DLL
0x769C0000 0x000C9000 C:\Windows\system32\USER32.dll
0x76BA0000 0x0004E000 C:\Windows\system32\GDI32.dll
0x76A90000 0x0000A000 C:\Windows\system32\LPK.dll
0x76D10000 0x0009D000 C:\Windows\system32\USP10.dll
0x73150000 0x00032000 C:\Windows\system32\WINMM.dll
0x76330000 0x000A0000 C:\Windows\system32\ADVAPI32.dll
0x763D0000 0x00019000 C:\Windows\SYSTEM32\sechost.dll
0x75660000 0x00C4A000 C:\Windows\system32\SHELL32.dll
0x76560000 0x00057000 C:\Windows\system32\SHLWAPI.dll
0x73E30000 0x0019E000 C:\Windows\WinSxS\x86_microsoft.windows.common-controls_6595b64144ccf1df_6.0.7601.17514_none_41e6975e2bd6f2b2\COMCTL32.dll
0x766E0000 0x0015C000 C:\Windows\system32\OLE32.DLL
0x76DB0000 0x0008F000 C:\Windows\system32\OLEAUT32.DLL
0x655E0000 0x00019000 C:\Windows\system32\OLEPRO32.DLL
0x769A0000 0x0001F000 C:\Windows\system32\IMM32.DLL
0x76450000 0x000CC000 C:\Windows\system32\MSCTF.dll
0x74EE0000 0x0000C000 C:\Windows\system32\CRYPTBASE.dll

Called from SUPDATABROWSECLASS(0)
Called from R_MAIN_18SMART1(63) in c:\users\honeesh\desktop\ddb\MAIN.PRG
Called from SS_CALLR(344) in SSLIB.prg
Called from MAIN(40) in c:\users\honeesh\desktop\ddb\MAIN.PRG
------------------------------------------------------------------------
Application Internal Error - C:\Users\Honeesh\Desktop\DDB\MAIN.exe
Terminated at: 2012.05.06 14:33:41
Unrecoverable error 6005: Exception error: 

    Exception Code:C0000005
    Exception Address:CAFEDEAD
    EAX:004CD510  EBX:0033E3EC  ECX:0033E648  EDX:CAFEDEAD
    ESI:00000000  EDI:004CEAE9  EBP:0012FA08
    CS:EIP:001B:CAFEDEAD  SS:ESP:0023:0012F9F0
    DS:0023  ES:0023  FS:003B  GS:0000
    Flags:00010246
    CS:EIP:
    SS:ESP: 0042570C 00000011 00000008 00000000 00000000 00000000 0012FB0C 0041F80A 00000000 0035990A 00000000 0033E3EC 00000000 00000000 00000000 00000000

    C stack:
    EIP:     EBP:       Frame: OldEBP, RetAddr, Params...
    CAFEDEAD 0012FA08   0012FB0C 0041F80A 00000000 0035990A 00000000 0033E3EC 00000000 00000000 00000000 00000000
    0041F80A 0012FB0C   0012FB34 004011C0 004CEAB7 004CD2E0 0042570C 0000000B 00000008 00000000 00000000 0000003F
    004011C0 0012FB34   0012FC38 0041F80A 00000000 00000000 0033EBD4 00000000 00000008 0012FC60 00000000 0012FB74
    0041F80A 0012FC38   0012FC48 004396A7 00359904 00000000
    004396A7 0012FC48   0012FCB4 004399CF 0012FC60 004D7A16 00000000 0033E3EC 00000002 0000000B 005643FC 004CEA4B
    004399CF 0012FCB4   0012FDC0 00420711 0033EBD4 00000000 0000000B 004CEA99 00000000 0033E3EC 7FFDA000 77057720
    00420711 0012FDC0   0012FDE8 00401810 004D78EA 004D5410 0042570C 00000001 00000000 00000000 00000000 00000158
    00401810 0012FDE8   0012FEEC 0041F787 00000001 00000001 00000001 005688E4 00000007 00000018 0033E3EC 00000058
    0041F787 0012FEEC   0012FF14 00401184 004CE954 004CD2E0 0042570C 00000000 00000000 00000000 00000000 00000028
    00401184 0012FF14   0012FF30 0041EAD3 00330000 00000000 00000000 001B2330 00000000
    0041EAD3 0012FF30   0012FF50 0044E59E 00000001 004CD270 001B2330 001B0000 00000000 001F7200
    0044E59E 0012FF50   0012FF80 004C9E5B 00400000 00000000 001B2330 00000001 00000000 00000000 7FFDA000 00000000
    004C9E5B 0012FF80   0012FF94 00000000 004CD270 771AED6C 7FFDA000
    00000000 0012FF94   0012FFD4 7707377B 7FFDA000 77522DF2 00000000 00000000 7FFDA000 C0000005 771C0651 771C0651
    7707377B 0012FFD4   0012FFEC 7707374E 00401000 7FFDA000 00000000 00000000


Modules:
0x00400000 0x0018C000 C:\Users\Honeesh\Desktop\DDB\MAIN.exe
0x77010000 0x0013C000 C:\Windows\SYSTEM32\ntdll.dll
0x77160000 0x000D4000 C:\Windows\system32\kernel32.dll
0x75250000 0x0004A000 C:\Windows\system32\KERNELBASE.dll
0x76520000 0x00035000 C:\Windows\system32\WS2_32.DLL
0x768F0000 0x000AC000 C:\Windows\system32\msvcrt.dll
0x76840000 0x000A1000 C:\Windows\system32\RPCRT4.dll
0x76B90000 0x00006000 C:\Windows\system32\NSI.dll
0x68CD0000 0x00021000 C:\Windows\system32\MSVFW32.DLL
0x769C0000 0x000C9000 C:\Windows\system32\USER32.dll
0x76BA0000 0x0004E000 C:\Windows\system32\GDI32.dll
0x76A90000 0x0000A000 C:\Windows\system32\LPK.dll
0x76D10000 0x0009D000 C:\Windows\system32\USP10.dll
0x73150000 0x00032000 C:\Windows\system32\WINMM.dll
0x76330000 0x000A0000 C:\Windows\system32\ADVAPI32.dll
0x763D0000 0x00019000 C:\Windows\SYSTEM32\sechost.dll
0x75660000 0x00C4A000 C:\Windows\system32\SHELL32.dll
0x76560000 0x00057000 C:\Windows\system32\SHLWAPI.dll
0x73E30000 0x0019E000 C:\Windows\WinSxS\x86_microsoft.windows.common-controls_6595b64144ccf1df_6.0.7601.17514_none_41e6975e2bd6f2b2\COMCTL32.dll
0x766E0000 0x0015C000 C:\Windows\system32\OLE32.DLL
0x76DB0000 0x0008F000 C:\Windows\system32\OLEAUT32.DLL
0x655E0000 0x00019000 C:\Windows\system32\OLEPRO32.DLL
0x769A0000 0x0001F000 C:\Windows\system32\IMM32.DLL
0x76450000 0x000CC000 C:\Windows\system32\MSCTF.dll
0x74EE0000 0x0000C000 C:\Windows\system32\CRYPTBASE.dll

Called from SUPDATABROWSECLASS(0)
Called from R_MAIN_18SMART1(63) in c:\users\honeesh\desktop\ddb\MAIN.PRG
Called from SS_CALLR(344) in SSLIB.prg
Called from MAIN(40) in c:\users\honeesh\desktop\ddb\MAIN.PRG
------------------------------------------------------------------------
Application Internal Error - C:\Users\Honeesh\Desktop\DDB\MAIN.exe
Terminated at: 2012.05.12 15:08:06
Unrecoverable error 6005: Exception error: 

    Exception Code:C0000005
    Exception Address:CAFEDEAD
    EAX:004CE5B4  EBX:003FEBD4  ECX:003FEE30  EDX:CAFEDEAD
    ESI:00000000  EDI:004D1034  EBP:0012FA08
    CS:EIP:001B:CAFEDEAD  SS:ESP:0023:0012F9F0
    DS:0023  ES:0023  FS:003B  GS:0000
    Flags:00010246
    CS:EIP:
    SS:ESP: 00426028 00000011 00000008 00000000 00000000 00000000 0012FB0C 00420126 00000000 006CB782 00000000 003FEBD4 00000000 00000000 00000000 00000000

    C stack:
    EIP:     EBP:       Frame: OldEBP, RetAddr, Params...
    CAFEDEAD 0012FA08   0012FB0C 00420126 00000000 006CB782 00000000 003FEBD4 00000000 00000000 00000000 00000000
    00420126 0012FB0C   0012FB34 004011C0 004D0FCB 004CE2E4 00426028 0000000B 00000008 00000000 00000000 0000004A
    004011C0 0012FB34   0012FC38 00420126 00000000 00000000 003FF3BC 00000000 00000008 0012FC60 00000000 0012FB74
    00420126 0012FC38   0012FC48 00439FC3 006CB77C 00000000
    00439FC3 0012FC48   0012FCB4 0043A2EB 0012FC60 004E10BE 00000000 003FEBD4 00000002 0000000B 0056E8F4 004D0F5F
    0043A2EB 0012FCB4   0012FDC0 0042102D 003FF3BC 00000000 0000000B 004D0FAD 00000000 003FEBD4 7FFDA000 76E77720
    0042102D 0012FDC0   0012FDE8 00401F18 004E0F92 004DEAB8 00426028 00000001 00000000 00000000 00000000 00000158
    00401F18 0012FDE8   0012FEEC 004200A3 00000001 00000001 00000001 00572DE4 00000007 00000018 003FEBD4 00000058
    004200A3 0012FEEC   0012FF14 00401184 004D0E68 004CE2E4 00426028 00000000 00000000 00000000 00000000 00000028
    00401184 0012FF14   0012FF30 0041F3EF 003F0000 00000000 00000000 001A2330 00000000
    0041F3EF 0012FF30   0012FF50 0044EEBA 00000001 004CE274 001A2330 001A0000 00000000 001E7200
    0044EEBA 0012FF50   0012FF80 004CA777 00400000 00000000 001A2330 00000001 00000000 00000000 7FFDA000 00000000
    004CA777 0012FF80   0012FF94 00000000 004CE274 7530ED6C 7FFDA000
    00000000 0012FF94   0012FFD4 76E9377B 7FFDA000 7602D7B5 00000000 00000000 7FFDA000 00000000 00000000 00000000
    76E9377B 0012FFD4   0012FFEC 76E9374E 00401000 7FFDA000 00000000 00000000


Modules:
0x00400000 0x00198000 C:\Users\Honeesh\Desktop\DDB\MAIN.exe
0x76E30000 0x0013C000 C:\Windows\SYSTEM32\ntdll.dll
0x752C0000 0x000D4000 C:\Windows\system32\kernel32.dll
0x75130000 0x0004A000 C:\Windows\system32\KERNELBASE.dll
0x75CA0000 0x00035000 C:\Windows\system32\WS2_32.DLL
0x75CE0000 0x000AC000 C:\Windows\system32\msvcrt.dll
0x757D0000 0x000A1000 C:\Windows\system32\RPCRT4.dll
0x759F0000 0x00006000 C:\Windows\system32\NSI.dll
0x67C60000 0x00021000 C:\Windows\system32\MSVFW32.DLL
0x75B40000 0x000C9000 C:\Windows\system32\USER32.dll
0x77010000 0x0004E000 C:\Windows\system32\GDI32.dll
0x76F70000 0x0000A000 C:\Windows\system32\LPK.dll
0x75730000 0x0009D000 C:\Windows\system32\USP10.dll
0x72EB0000 0x00032000 C:\Windows\system32\WINMM.dll
0x75630000 0x000A0000 C:\Windows\system32\ADVAPI32.dll
0x75D90000 0x00019000 C:\Windows\SYSTEM32\sechost.dll
0x75F20000 0x00C4A000 C:\Windows\system32\SHELL32.dll
0x756D0000 0x00057000 C:\Windows\system32\SHLWAPI.dll
0x73860000 0x0019E000 C:\Windows\WinSxS\x86_microsoft.windows.common-controls_6595b64144ccf1df_6.0.7601.17514_none_41e6975e2bd6f2b2\COMCTL32.dll
0x75DB0000 0x0015C000 C:\Windows\system32\OLE32.DLL
0x76F80000 0x0008F000 C:\Windows\system32\OLEAUT32.DLL
0x65360000 0x00019000 C:\Windows\system32\OLEPRO32.DLL
0x75B20000 0x0001F000 C:\Windows\system32\IMM32.DLL
0x75560000 0x000CC000 C:\Windows\system32\MSCTF.dll
0x74D00000 0x0000C000 C:\Windows\system32\CRYPTBASE.dll

Called from REPAYCLASS(0)
Called from R_MAIN_18SMART1(74) in c:\users\honeesh\desktop\ddb\MAIN.PRG
Called from SS_CALLR(344) in SSLIB.prg
Called from MAIN(40) in c:\users\honeesh\desktop\ddb\MAIN.PRG
------------------------------------------------------------------------
Application Internal Error - C:\Users\Honeesh\Desktop\DDB\MAIN.exe
Terminated at: 2012.05.12 15:08:38
Unrecoverable error 6005: Exception error: 

    Exception Code:C0000005
    Exception Address:CAFEDEAD
    EAX:004CE5B4  EBX:0032EEEC  ECX:0032F148  EDX:CAFEDEAD
    ESI:00000000  EDI:004D1034  EBP:0012FA08
    CS:EIP:001B:CAFEDEAD  SS:ESP:0023:0012F9F0
    DS:0023  ES:0023  FS:003B  GS:0000
    Flags:00010246
    CS:EIP:
    SS:ESP: 00426028 00000011 00000008 00000000 00000000 00000000 0012FB0C 00420126 00000000 0036B712 00000000 0032EEEC 00000000 00000000 00000000 00000000

    C stack:
    EIP:     EBP:       Frame: OldEBP, RetAddr, Params...
    CAFEDEAD 0012FA08   0012FB0C 00420126 00000000 0036B712 00000000 0032EEEC 00000000 00000000 00000000 00000000
    00420126 0012FB0C   0012FB34 004011C0 004D0FCB 004CE2E4 00426028 0000000B 00000008 00000000 00000000 0000004A
    004011C0 0012FB34   0012FC38 00420126 00000000 00000000 0032F6D4 00000000 00000008 0012FC60 00000000 0012FB74
    00420126 0012FC38   0012FC48 00439FC3 0036B70C 00000000
    00439FC3 0012FC48   0012FCB4 0043A2EB 0012FC60 004E10BE 00000000 0032EEEC 00000002 0000000B 0056E8F4 004D0F5F
    0043A2EB 0012FCB4   0012FDC0 0042102D 0032F6D4 00000000 0000000B 004D0FAD 00000000 0032EEEC 7FFDE000 76E77720
    0042102D 0012FDC0   0012FDE8 00401F18 004E0F92 004DEAB8 00426028 00000001 00000000 00000000 00000000 00000158
    00401F18 0012FDE8   0012FEEC 004200A3 00000001 00000001 00000001 00572DE4 00000007 00000018 0032EEEC 00000058
    004200A3 0012FEEC   0012FF14 00401184 004D0E68 004CE2E4 00426028 00000000 00000000 00000000 00000000 00000028
    00401184 0012FF14   0012FF30 0041F3EF 00320000 00000000 00000000 001B2330 00000000
    0041F3EF 0012FF30   0012FF50 0044EEBA 00000001 004CE274 001B2330 001B0000 00000000 001F7200
    0044EEBA 0012FF50   0012FF80 004CA777 00400000 00000000 001B2330 00000001 00000000 00000000 7FFDE000 00000000
    004CA777 0012FF80   0012FF94 00000000 004CE274 7530ED6C 7FFDE000
    00000000 0012FF94   0012FFD4 76E9377B 7FFDE000 760258CE 00000000 00000000 7FFDE000 00000000 00000000 00000000
    76E9377B 0012FFD4   0012FFEC 76E9374E 00401000 7FFDE000 00000000 00000000


Modules:
0x00400000 0x00198000 C:\Users\Honeesh\Desktop\DDB\MAIN.exe
0x76E30000 0x0013C000 C:\Windows\SYSTEM32\ntdll.dll
0x752C0000 0x000D4000 C:\Windows\system32\kernel32.dll
0x75130000 0x0004A000 C:\Windows\system32\KERNELBASE.dll
0x75CA0000 0x00035000 C:\Windows\system32\WS2_32.DLL
0x75CE0000 0x000AC000 C:\Windows\system32\msvcrt.dll
0x757D0000 0x000A1000 C:\Windows\system32\RPCRT4.dll
0x759F0000 0x00006000 C:\Windows\system32\NSI.dll
0x67C60000 0x00021000 C:\Windows\system32\MSVFW32.DLL
0x75B40000 0x000C9000 C:\Windows\system32\USER32.dll
0x77010000 0x0004E000 C:\Windows\system32\GDI32.dll
0x76F70000 0x0000A000 C:\Windows\system32\LPK.dll
0x75730000 0x0009D000 C:\Windows\system32\USP10.dll
0x72EB0000 0x00032000 C:\Windows\system32\WINMM.dll
0x75630000 0x000A0000 C:\Windows\system32\ADVAPI32.dll
0x75D90000 0x00019000 C:\Windows\SYSTEM32\sechost.dll
0x75F20000 0x00C4A000 C:\Windows\system32\SHELL32.dll
0x756D0000 0x00057000 C:\Windows\system32\SHLWAPI.dll
0x73860000 0x0019E000 C:\Windows\WinSxS\x86_microsoft.windows.common-controls_6595b64144ccf1df_6.0.7601.17514_none_41e6975e2bd6f2b2\COMCTL32.dll
0x75DB0000 0x0015C000 C:\Windows\system32\OLE32.DLL
0x76F80000 0x0008F000 C:\Windows\system32\OLEAUT32.DLL
0x65360000 0x00019000 C:\Windows\system32\OLEPRO32.DLL
0x75B20000 0x0001F000 C:\Windows\system32\IMM32.DLL
0x75560000 0x000CC000 C:\Windows\system32\MSCTF.dll
0x74D00000 0x0000C000 C:\Windows\system32\CRYPTBASE.dll

Called from REPAYCLASS(0)
Called from R_MAIN_18SMART1(74) in c:\users\honeesh\desktop\ddb\MAIN.PRG
Called from SS_CALLR(344) in SSLIB.prg
Called from MAIN(40) in c:\users\honeesh\desktop\ddb\MAIN.PRG
------------------------------------------------------------------------
Application Internal Error - C:\Users\Honeesh\Desktop\DDB\MAIN.exe
Terminated at: 2012.05.12 15:08:52
Unrecoverable error 6005: Exception error: 

    Exception Code:C0000005
    Exception Address:CAFEDEAD
    EAX:004CE5B4  EBX:003FEBD4  ECX:003FEE30  EDX:CAFEDEAD
    ESI:00000000  EDI:004D1034  EBP:0012FA08
    CS:EIP:001B:CAFEDEAD  SS:ESP:0023:0012F9F0
    DS:0023  ES:0023  FS:003B  GS:0000
    Flags:00010246
    CS:EIP:
    SS:ESP: 00426028 00000011 00000008 00000000 00000000 00000000 0012FB0C 00420126 00000000 006CB782 00000000 003FEBD4 00000000 00000000 00000000 00000000

    C stack:
    EIP:     EBP:       Frame: OldEBP, RetAddr, Params...
    CAFEDEAD 0012FA08   0012FB0C 00420126 00000000 006CB782 00000000 003FEBD4 00000000 00000000 00000000 00000000
    00420126 0012FB0C   0012FB34 004011C0 004D0FCB 004CE2E4 00426028 0000000B 00000008 00000000 00000000 0000004A
    004011C0 0012FB34   0012FC38 00420126 00000000 00000000 003FF3BC 00000000 00000008 0012FC60 00000000 0012FB74
    00420126 0012FC38   0012FC48 00439FC3 006CB77C 00000000
    00439FC3 0012FC48   0012FCB4 0043A2EB 0012FC60 004E10BE 00000000 003FEBD4 00000002 0000000B 0056E8F4 004D0F5F
    0043A2EB 0012FCB4   0012FDC0 0042102D 003FF3BC 00000000 0000000B 004D0FAD 00000000 003FEBD4 7FFDA000 76E77720
    0042102D 0012FDC0   0012FDE8 00401F18 004E0F92 004DEAB8 00426028 00000001 00000000 00000000 00000000 00000158
    00401F18 0012FDE8   0012FEEC 004200A3 00000001 00000001 00000001 00572DE4 00000007 00000018 003FEBD4 00000058
    004200A3 0012FEEC   0012FF14 00401184 004D0E68 004CE2E4 00426028 00000000 00000000 00000000 00000000 00000028
    00401184 0012FF14   0012FF30 0041F3EF 003F0000 00000000 00000000 001A2330 00000000
    0041F3EF 0012FF30   0012FF50 0044EEBA 00000001 004CE274 001A2330 001A0000 00000000 001E7200
    0044EEBA 0012FF50   0012FF80 004CA777 00400000 00000000 001A2330 00000001 00000000 00000000 7FFDA000 00000000
    004CA777 0012FF80   0012FF94 00000000 004CE274 7530ED6C 7FFDA000
    00000000 0012FF94   0012FFD4 76E9377B 7FFDA000 7602D7B5 00000000 00000000 7FFDA000 C0000005 75320651 75320651
    76E9377B 0012FFD4   0012FFEC 76E9374E 00401000 7FFDA000 00000000 00000000


Modules:
0x00400000 0x00198000 C:\Users\Honeesh\Desktop\DDB\MAIN.exe
0x76E30000 0x0013C000 C:\Windows\SYSTEM32\ntdll.dll
0x752C0000 0x000D4000 C:\Windows\system32\kernel32.dll
0x75130000 0x0004A000 C:\Windows\system32\KERNELBASE.dll
0x75CA0000 0x00035000 C:\Windows\system32\WS2_32.DLL
0x75CE0000 0x000AC000 C:\Windows\system32\msvcrt.dll
0x757D0000 0x000A1000 C:\Windows\system32\RPCRT4.dll
0x759F0000 0x00006000 C:\Windows\system32\NSI.dll
0x67C60000 0x00021000 C:\Windows\system32\MSVFW32.DLL
0x75B40000 0x000C9000 C:\Windows\system32\USER32.dll
0x77010000 0x0004E000 C:\Windows\system32\GDI32.dll
0x76F70000 0x0000A000 C:\Windows\system32\LPK.dll
0x75730000 0x0009D000 C:\Windows\system32\USP10.dll
0x72EB0000 0x00032000 C:\Windows\system32\WINMM.dll
0x75630000 0x000A0000 C:\Windows\system32\ADVAPI32.dll
0x75D90000 0x00019000 C:\Windows\SYSTEM32\sechost.dll
0x75F20000 0x00C4A000 C:\Windows\system32\SHELL32.dll
0x756D0000 0x00057000 C:\Windows\system32\SHLWAPI.dll
0x73860000 0x0019E000 C:\Windows\WinSxS\x86_microsoft.windows.common-controls_6595b64144ccf1df_6.0.7601.17514_none_41e6975e2bd6f2b2\COMCTL32.dll
0x75DB0000 0x0015C000 C:\Windows\system32\OLE32.DLL
0x76F80000 0x0008F000 C:\Windows\system32\OLEAUT32.DLL
0x65360000 0x00019000 C:\Windows\system32\OLEPRO32.DLL
0x75B20000 0x0001F000 C:\Windows\system32\IMM32.DLL
0x75560000 0x000CC000 C:\Windows\system32\MSCTF.dll
0x74D00000 0x0000C000 C:\Windows\system32\CRYPTBASE.dll

Called from REPAYCLASS(0)
Called from R_MAIN_18SMART1(74) in c:\users\honeesh\desktop\ddb\MAIN.PRG
Called from SS_CALLR(344) in SSLIB.prg
Called from MAIN(40) in c:\users\honeesh\desktop\ddb\MAIN.PRG
------------------------------------------------------------------------
Application Internal Error - C:\Users\Honeesh\Desktop\DDB\MAIN.exe
Terminated at: 2012.05.12 15:09:57
Unrecoverable error 6005: Exception error: 

    Exception Code:C0000005
    Exception Address:CAFEDEAD
    EAX:004CE5B4  EBX:0032EEEC  ECX:0032F148  EDX:CAFEDEAD
    ESI:00000000  EDI:004D1034  EBP:0012FA08
    CS:EIP:001B:CAFEDEAD  SS:ESP:0023:0012F9F0
    DS:0023  ES:0023  FS:003B  GS:0000
    Flags:00010246
    CS:EIP:
    SS:ESP: 00426028 00000011 00000008 00000000 00000000 00000000 0012FB0C 00420126 00000000 0036B712 00000000 0032EEEC 00000000 00000000 00000000 00000000

    C stack:
    EIP:     EBP:       Frame: OldEBP, RetAddr, Params...
    CAFEDEAD 0012FA08   0012FB0C 00420126 00000000 0036B712 00000000 0032EEEC 00000000 00000000 00000000 00000000
    00420126 0012FB0C   0012FB34 004011C0 004D0FCB 004CE2E4 00426028 0000000B 00000008 00000000 00000000 0000004A
    004011C0 0012FB34   0012FC38 00420126 00000000 00000000 0032F6D4 00000000 00000008 0012FC60 00000000 0012FB74
    00420126 0012FC38   0012FC48 00439FC3 0036B70C 00000000
    00439FC3 0012FC48   0012FCB4 0043A2EB 0012FC60 004E10BE 00000000 0032EEEC 00000002 0000000B 0056E8F4 004D0F5F
    0043A2EB 0012FCB4   0012FDC0 0042102D 0032F6D4 00000000 0000000B 004D0FAD 00000000 0032EEEC 7FFDE000 76E77720
    0042102D 0012FDC0   0012FDE8 00401F18 004E0F92 004DEAB8 00426028 00000001 00000000 00000000 00000000 00000158
    00401F18 0012FDE8   0012FEEC 004200A3 00000001 00000001 00000001 00572DE4 00000007 00000018 0032EEEC 00000058
    004200A3 0012FEEC   0012FF14 00401184 004D0E68 004CE2E4 00426028 00000000 00000000 00000000 00000000 00000028
    00401184 0012FF14   0012FF30 0041F3EF 00320000 00000000 00000000 001B2330 00000000
    0041F3EF 0012FF30   0012FF50 0044EEBA 00000001 004CE274 001B2330 001B0000 00000000 001F7200
    0044EEBA 0012FF50   0012FF80 004CA777 00400000 00000000 001B2330 00000001 00000000 00000000 7FFDE000 00000000
    004CA777 0012FF80   0012FF94 00000000 004CE274 7530ED6C 7FFDE000
    00000000 0012FF94   0012FFD4 76E9377B 7FFDE000 760258CE 00000000 00000000 7FFDE000 C0000005 75320651 75320651
    76E9377B 0012FFD4   0012FFEC 76E9374E 00401000 7FFDE000 00000000 00000000


Modules:
0x00400000 0x00198000 C:\Users\Honeesh\Desktop\DDB\MAIN.exe
0x76E30000 0x0013C000 C:\Windows\SYSTEM32\ntdll.dll
0x752C0000 0x000D4000 C:\Windows\system32\kernel32.dll
0x75130000 0x0004A000 C:\Windows\system32\KERNELBASE.dll
0x75CA0000 0x00035000 C:\Windows\system32\WS2_32.DLL
0x75CE0000 0x000AC000 C:\Windows\system32\msvcrt.dll
0x757D0000 0x000A1000 C:\Windows\system32\RPCRT4.dll
0x759F0000 0x00006000 C:\Windows\system32\NSI.dll
0x67C60000 0x00021000 C:\Windows\system32\MSVFW32.DLL
0x75B40000 0x000C9000 C:\Windows\system32\USER32.dll
0x77010000 0x0004E000 C:\Windows\system32\GDI32.dll
0x76F70000 0x0000A000 C:\Windows\system32\LPK.dll
0x75730000 0x0009D000 C:\Windows\system32\USP10.dll
0x72EB0000 0x00032000 C:\Windows\system32\WINMM.dll
0x75630000 0x000A0000 C:\Windows\system32\ADVAPI32.dll
0x75D90000 0x00019000 C:\Windows\SYSTEM32\sechost.dll
0x75F20000 0x00C4A000 C:\Windows\system32\SHELL32.dll
0x756D0000 0x00057000 C:\Windows\system32\SHLWAPI.dll
0x73860000 0x0019E000 C:\Windows\WinSxS\x86_microsoft.windows.common-controls_6595b64144ccf1df_6.0.7601.17514_none_41e6975e2bd6f2b2\COMCTL32.dll
0x75DB0000 0x0015C000 C:\Windows\system32\OLE32.DLL
0x76F80000 0x0008F000 C:\Windows\system32\OLEAUT32.DLL
0x65360000 0x00019000 C:\Windows\system32\OLEPRO32.DLL
0x75B20000 0x0001F000 C:\Windows\system32\IMM32.DLL
0x75560000 0x000CC000 C:\Windows\system32\MSCTF.dll
0x74D00000 0x0000C000 C:\Windows\system32\CRYPTBASE.dll

Called from REPAYCLASS(0)
Called from R_MAIN_18SMART1(74) in c:\users\honeesh\desktop\ddb\MAIN.PRG
Called from SS_CALLR(344) in SSLIB.prg
Called from MAIN(40) in c:\users\honeesh\desktop\ddb\MAIN.PRG
------------------------------------------------------------------------
