Application Internal Error - C:\Users\IT\Desktop\lesson 24\24.exe
Terminated at: 2012.01.10 12:39:59
Unrecoverable error 6005: Exception error: 

    Exception Code:C0000005
    Exception Address:00419DC3
    EAX:0012F8B8  EBX:0021DB44  ECX:0012F82C  EDX:00000000
    ESI:00000000  EDI:0054EB68  EBP:0012F8D4
    CS:EIP:001B:00419DC3  SS:ESP:0023:0012F8A8
    DS:0023  ES:0023  FS:003B  GS:0000
    Flags:00010286
    CS:EIP: 8B 0A FF 11 8B 44 24 04 50 E8 4B 8D 06 00 59 59
    SS:ESP: 00000000 0056111C 0012F8B8 00000000 0012F8C0 0045E9FC 00000013 00000008 00000000 00000000 00000000 0012F9D8 00458AFA 00000001 004CD7F1 0021DB44

    C stack:
    EIP:     EBP:       Frame: OldEBP, RetAddr, Params...
    00419DC3 0012F8D4   0012F9D8 00458AFA 00000001 004CD7F1 0021DB44 004CD4E8 00000000 0021DB44 0012F978 0047F244
    00458AFA 0012F9D8   0012FA08 00419C58 0054EAFD 0054E2C4 0045EBD5 00000000 0021DB44 00000011 00000008 00000000
    00419C58 0012FA08   0012FB0C 00458BB4 00000000 00248A42 00000000 0021DB44 00000000 00000000 00000000 00000000
    00458BB4 0012FB0C   0012FB34 004011BC 004CD6DD 004CD2D8 0045E9FC 0000000B 00000008 00000000 00000000 00000046
    004011BC 0012FB34   0012FC38 00458AFA 00000000 00000000 0021E32C 00000000 00000008 0012FC60 00000000 0012FB74
    00458AFA 0012FC38   0012FC48 00472997 00248A3C 00000000
    00472997 0012FC48   0012FCB4 00472CBF 0012FC60 005420FE 00000000 0021DB44 00000002 0000000B 0055A040 004CD673
    00472CBF 0012FCB4   0012FDC0 00459A01 0021E32C 00000000 0000000B 004CD6BF 00000000 0021DB44 7FFDC000 77DA77A0
    00459A01 0012FDC0   0012FDE8 00418784 00541FD2 0053FAF8 0045E9FC 00000001 00000000 00000000 00000000 00000158
    00418784 0012FDE8   0012FEEC 00458A77 00000001 00000001 00000001 005618E0 00000007 00000018 0021DB44 00000058
    00458A77 0012FEEC   0012FF14 00401180 004CD57C 004CD2D8 0045E9FC 00000000 00000000 00000000 00000000 00000028
    00401180 0012FF14   0012FF30 00457DC3 00210000 00000000 00000000 002524AF 00000000
    00457DC3 0012FF30   0012FF50 0048788E 00000001 004CD268 002524AF 00250000 00000000 00270340
    0048788E 0012FF50   0012FF80 004C996B 00400000 00000000 002524AF 00000001 00000000 00000000 7FFDC000 00000000
    004C996B 0012FF80   0012FF94 00000000 004CD268 7749ED6C 7FFDC000
    00000000 0012FF94   0012FFD4 77DC37F5 7FFDC000 728DB197 00000000 00000000 7FFDC000 00000000 00000000 00000000
    77DC37F5 0012FFD4   0012FFEC 77DC37C8 00401000 7FFDC000 00000000 00000000


Modules:
0x00400000 0x00185000 C:\Users\IT\Desktop\lesson 24\24.exe
0x77D60000 0x0013C000 C:\Windows\SYSTEM32\ntdll.dll
0x77450000 0x000D4000 C:\Windows\system32\kernel32.dll
0x759C0000 0x0004A000 C:\Windows\system32\KERNELBASE.dll
0x75A10000 0x00035000 C:\Windows\system32\WS2_32.DLL
0x76460000 0x000AC000 C:\Windows\system32\msvcrt.dll
0x75E40000 0x000A1000 C:\Windows\system32\RPCRT4.dll
0x77160000 0x00006000 C:\Windows\system32\NSI.dll
0x6D560000 0x00021000 C:\Windows\system32\MSVFW32.DLL
0x77580000 0x000C9000 C:\Windows\system32\USER32.dll
0x75C50000 0x0004E000 C:\Windows\system32\GDI32.dll
0x75D90000 0x0000A000 C:\Windows\system32\LPK.dll
0x75DA0000 0x0009D000 C:\Windows\system32\USP10.dll
0x73BE0000 0x00032000 C:\Windows\system32\WINMM.dll
0x76030000 0x000A0000 C:\Windows\system32\ADVAPI32.dll
0x77EA0000 0x00019000 C:\Windows\SYSTEM32\sechost.dll
0x76510000 0x00C4A000 C:\Windows\system32\SHELL32.dll
0x75A50000 0x00057000 C:\Windows\system32\SHLWAPI.dll
0x74540000 0x0019E000 C:\Windows\WinSxS\x86_microsoft.windows.common-controls_6595b64144ccf1df_6.0.7601.17514_none_41e6975e2bd6f2b2\COMCTL32.dll
0x77290000 0x0015C000 C:\Windows\system32\OLE32.DLL
0x760D0000 0x0008F000 C:\Windows\system32\OLEAUT32.DLL
0x6C4C0000 0x00019000 C:\Windows\system32\OLEPRO32.DLL
0x75CA0000 0x0001F000 C:\Windows\system32\IMM32.DLL
0x75CC0000 0x000CC000 C:\Windows\system32\MSCTF.dll
0x75610000 0x0000C000 C:\Windows\system32\CRYPTBASE.dll
0x743C0000 0x00040000 C:\Windows\system32\uxtheme.dll
0x10000000 0x0000A000 C:\Program Files\SweetIM\Messenger\mgAdaptersProxy.dll
0x7C360000 0x00056000 C:\Program Files\SweetIM\Messenger\MSVCR71.dll
0x19600000 0x00014000 C:\Program Files\TeamViewer\Version7\tv_w32.dll
0x6C240000 0x00027000 C:\Windows\system32\CRTDLL.dll
0x73D20000 0x00013000 C:\Windows\system32\dwmapi.dll
0x73F30000 0x00014000 C:\Windows\system32\Atl.Dll

Called from ATLAXGETDISP(0)
Called from TACTIVEX:LOAD(60) in taxprg.prg
Called from R_24_18SMART1(70) in 24.prg
Called from SS_CALLR(344) in SSLIB.prg
Called from MAIN(40) in 24.prg
------------------------------------------------------------------------
Application Internal Error - C:\Users\IT\Desktop\lesson 24\24.exe
Terminated at: 2012.01.10 12:40:05
Unrecoverable error 6005: Exception error: 

    Exception Code:C0000005
    Exception Address:00419DC3
    EAX:0012F8B8  EBX:0021DB44  ECX:0012F82C  EDX:00000000
    ESI:00000000  EDI:0054EB68  EBP:0012F8D4
    CS:EIP:001B:00419DC3  SS:ESP:0023:0012F8A8
    DS:0023  ES:0023  FS:003B  GS:0000
    Flags:00010286
    CS:EIP: 8B 0A FF 11 8B 44 24 04 50 E8 4B 8D 06 00 59 59
    SS:ESP: 00000000 0056111C 0012F8B8 00000000 0012F8C0 0045E9FC 00000013 00000008 00000000 00000000 00000000 0012F9D8 00458AFA 00000001 004CD7F1 0021DB44

    C stack:
    EIP:     EBP:       Frame: OldEBP, RetAddr, Params...
    00419DC3 0012F8D4   0012F9D8 00458AFA 00000001 004CD7F1 0021DB44 004CD4E8 00000000 0021DB44 0012F978 0047F244
    00458AFA 0012F9D8   0012FA08 00419C58 0054EAFD 0054E2C4 0045EBD5 00000000 0021DB44 00000011 00000008 00000000
    00419C58 0012FA08   0012FB0C 00458BB4 00000000 00248A42 00000000 0021DB44 00000000 00000000 00000000 00000000
    00458BB4 0012FB0C   0012FB34 004011BC 004CD6DD 004CD2D8 0045E9FC 0000000B 00000008 00000000 00000000 00000046
    004011BC 0012FB34   0012FC38 00458AFA 00000000 00000000 0021E32C 00000000 00000008 0012FC60 00000000 0012FB74
    00458AFA 0012FC38   0012FC48 00472997 00248A3C 00000000
    00472997 0012FC48   0012FCB4 00472CBF 0012FC60 005420FE 00000000 0021DB44 00000002 0000000B 0055A040 004CD673
    00472CBF 0012FCB4   0012FDC0 00459A01 0021E32C 00000000 0000000B 004CD6BF 00000000 0021DB44 7FFDC000 77DA77A0
    00459A01 0012FDC0   0012FDE8 00418784 00541FD2 0053FAF8 0045E9FC 00000001 00000000 00000000 00000000 00000158
    00418784 0012FDE8   0012FEEC 00458A77 00000001 00000001 00000001 005618E0 00000007 00000018 0021DB44 00000058
    00458A77 0012FEEC   0012FF14 00401180 004CD57C 004CD2D8 0045E9FC 00000000 00000000 00000000 00000000 00000028
    00401180 0012FF14   0012FF30 00457DC3 00210000 00000000 00000000 002524AF 00000000
    00457DC3 0012FF30   0012FF50 0048788E 00000001 004CD268 002524AF 00250000 00000000 00270340
    0048788E 0012FF50   0012FF80 004C996B 00400000 00000000 002524AF 00000001 00000000 00000000 7FFDC000 00000000
    004C996B 0012FF80   0012FF94 00000000 004CD268 7749ED6C 7FFDC000
    00000000 0012FF94   0012FFD4 77DC37F5 7FFDC000 728DB197 00000000 00000000 7FFDC000 C0000005 774B0651 774B0651
    77DC37F5 0012FFD4   0012FFEC 77DC37C8 00401000 7FFDC000 00000000 00000000


Modules:
0x00400000 0x00185000 C:\Users\IT\Desktop\lesson 24\24.exe
0x77D60000 0x0013C000 C:\Windows\SYSTEM32\ntdll.dll
0x77450000 0x000D4000 C:\Windows\system32\kernel32.dll
0x759C0000 0x0004A000 C:\Windows\system32\KERNELBASE.dll
0x75A10000 0x00035000 C:\Windows\system32\WS2_32.DLL
0x76460000 0x000AC000 C:\Windows\system32\msvcrt.dll
0x75E40000 0x000A1000 C:\Windows\system32\RPCRT4.dll
0x77160000 0x00006000 C:\Windows\system32\NSI.dll
0x6D560000 0x00021000 C:\Windows\system32\MSVFW32.DLL
0x77580000 0x000C9000 C:\Windows\system32\USER32.dll
0x75C50000 0x0004E000 C:\Windows\system32\GDI32.dll
0x75D90000 0x0000A000 C:\Windows\system32\LPK.dll
0x75DA0000 0x0009D000 C:\Windows\system32\USP10.dll
0x73BE0000 0x00032000 C:\Windows\system32\WINMM.dll
0x76030000 0x000A0000 C:\Windows\system32\ADVAPI32.dll
0x77EA0000 0x00019000 C:\Windows\SYSTEM32\sechost.dll
0x76510000 0x00C4A000 C:\Windows\system32\SHELL32.dll
0x75A50000 0x00057000 C:\Windows\system32\SHLWAPI.dll
0x74540000 0x0019E000 C:\Windows\WinSxS\x86_microsoft.windows.common-controls_6595b64144ccf1df_6.0.7601.17514_none_41e6975e2bd6f2b2\COMCTL32.dll
0x77290000 0x0015C000 C:\Windows\system32\OLE32.DLL
0x760D0000 0x0008F000 C:\Windows\system32\OLEAUT32.DLL
0x6C4C0000 0x00019000 C:\Windows\system32\OLEPRO32.DLL
0x75CA0000 0x0001F000 C:\Windows\system32\IMM32.DLL
0x75CC0000 0x000CC000 C:\Windows\system32\MSCTF.dll
0x75610000 0x0000C000 C:\Windows\system32\CRYPTBASE.dll
0x743C0000 0x00040000 C:\Windows\system32\uxtheme.dll
0x10000000 0x0000A000 C:\Program Files\SweetIM\Messenger\mgAdaptersProxy.dll
0x7C360000 0x00056000 C:\Program Files\SweetIM\Messenger\MSVCR71.dll
0x19600000 0x00014000 C:\Program Files\TeamViewer\Version7\tv_w32.dll
0x6C240000 0x00027000 C:\Windows\system32\CRTDLL.dll
0x73D20000 0x00013000 C:\Windows\system32\dwmapi.dll
0x73F30000 0x00014000 C:\Windows\system32\Atl.Dll

Called from ATLAXGETDISP(0)
Called from TACTIVEX:LOAD(60) in taxprg.prg
Called from R_24_18SMART1(70) in 24.prg
Called from SS_CALLR(344) in SSLIB.prg
Called from MAIN(40) in 24.prg
------------------------------------------------------------------------
Application Internal Error - C:\Users\IT\Desktop\lesson 24\24.exe
Terminated at: 2012.01.10 12:53:29
Unrecoverable error 6005: Exception error: 

    Exception Code:C0000005
    Exception Address:004C0FBC
    EAX:0012EAD8  EBX:004CDFEC  ECX:004CDFEC  EDX:0012EABC
    ESI:0012EADC  EDI:00000000  EBP:0012EAC0
    CS:EIP:001B:004C0FBC  SS:ESP:0023:0012EA98
    DS:0023  ES:0023  FS:003B  GS:0000
    Flags:00010202
    CS:EIP: 8B 0F FF 51 14 A3 48 24 56 00 8B 45 FC 50 E8 E1
    SS:ESP: 00000000 005615B4 0012EABC 00000001 00000000 0012EAD8 002A9D74 00000001 00000000 00354C64 0012EB30 004C1204 00000000 004CDFEC 0012EAD8 0012EADC

    C stack:
    EIP:     EBP:       Frame: OldEBP, RetAddr, Params...
    004C0FBC 0012EAC0   0012EB30 004C1204 00000000 004CDFEC 0012EAD8 0012EADC 0025F714 00000000 0025DC8C 004CD588
    004C1204 0012EB30   0012EC34 00458BC8 00000001 004CD8D4 00000000 0025DC8C 00481B16 00000016 004CD8C3 0012EB68
    00458BC8 0012EC34   0012EC5C 004011D0 004CD963 004CD2D8 0045EA10 00000058 00000008 00000000 00000000 00000052
    004011D0 0012EC5C   0012ED60 00458B0E 00000000 FFFFFFFE 0025EFB4 0025DC8C 00458A8B 00000002 0051D712 00000000
    00458B0E 0012ED60   0012ED9C 0045EDB4 004CD8D1 004CD2D8 0051D7B7 0025DC8C 00518FE4 0045EBE9 00000000 0025DC8C
    0045EDB4 0012ED9C   0012EEA0 00458BC8 00000001 0053A06A 00000000 0025DC8C 0047BCF7 002AFB9C 002A9D44 002A9D34
    00458BC8 0012EEA0   0012EEC8 00415434 0051D6D8 00518BE4 0045EA10 00000022 00000008 0026087C 00000000 00000626
    00415434 0012EEC8   0012EFCC 00458A8B 00000002 00000000 0025DC8C 00535850 00000215 0012EF04 775B2BEE FFFF0C3A
    00458A8B 0012EFCC   0012EFFC 00418228 00536724 00535850 0045EB39 00000111 00540CC2 00000020 00000008 00000000
    00418228 0012EFFC   0012F014 0040C06A 00000004 0012F090 00000111 00000000
    0040C06A 0012F014   0012F040 7759C4E7 00540CC2 00000111 00000000 00630C2A 00000111 DCBAABCD 00000000 0012F090
    7759C4E7 0012F040   0012F0B8 7759C5E7 0040BFEC 00540CC2 00000111 00000000 00630C2A 6BF51F80 00000111 0040BFEC
    7759C5E7 0012F0B8   0012F0E8 77591B31 00000000 0040BFEC 00540CC2 00000111 00000000 00630C2A 00000000 00000000
    77591B31 0012F0E8   0012F108 77591B57 FFFF0C28 00540CC2 00000111 00000000 00630C2A 00000000


Modules:
0x00400000 0x00185000 C:\Users\IT\Desktop\lesson 24\24.exe
0x77D60000 0x0013C000 C:\Windows\SYSTEM32\ntdll.dll
0x77450000 0x000D4000 C:\Windows\system32\kernel32.dll
0x759C0000 0x0004A000 C:\Windows\system32\KERNELBASE.dll
0x75A10000 0x00035000 C:\Windows\system32\WS2_32.DLL
0x76460000 0x000AC000 C:\Windows\system32\msvcrt.dll
0x75E40000 0x000A1000 C:\Windows\system32\RPCRT4.dll
0x77160000 0x00006000 C:\Windows\system32\NSI.dll
0x6D560000 0x00021000 C:\Windows\system32\MSVFW32.DLL
0x77580000 0x000C9000 C:\Windows\system32\USER32.dll
0x75C50000 0x0004E000 C:\Windows\system32\GDI32.dll
0x75D90000 0x0000A000 C:\Windows\system32\LPK.dll
0x75DA0000 0x0009D000 C:\Windows\system32\USP10.dll
0x73BE0000 0x00032000 C:\Windows\system32\WINMM.dll
0x76030000 0x000A0000 C:\Windows\system32\ADVAPI32.dll
0x77EA0000 0x00019000 C:\Windows\SYSTEM32\sechost.dll
0x76510000 0x00C4A000 C:\Windows\system32\SHELL32.dll
0x75A50000 0x00057000 C:\Windows\system32\SHLWAPI.dll
0x74540000 0x0019E000 C:\Windows\WinSxS\x86_microsoft.windows.common-controls_6595b64144ccf1df_6.0.7601.17514_none_41e6975e2bd6f2b2\COMCTL32.dll
0x77290000 0x0015C000 C:\Windows\system32\OLE32.DLL
0x760D0000 0x0008F000 C:\Windows\system32\OLEAUT32.DLL
0x6C4C0000 0x00019000 C:\Windows\system32\OLEPRO32.DLL
0x75CA0000 0x0001F000 C:\Windows\system32\IMM32.DLL
0x75CC0000 0x000CC000 C:\Windows\system32\MSCTF.dll
0x75610000 0x0000C000 C:\Windows\system32\CRYPTBASE.dll
0x743C0000 0x00040000 C:\Windows\system32\uxtheme.dll
0x10000000 0x0000A000 C:\Program Files\SweetIM\Messenger\mgAdaptersProxy.dll
0x7C360000 0x00056000 C:\Program Files\SweetIM\Messenger\MSVCR71.dll
0x19600000 0x00014000 C:\Program Files\TeamViewer\Version7\tv_w32.dll
0x6C240000 0x00027000 C:\Windows\system32\CRTDLL.dll
0x73D20000 0x00013000 C:\Windows\system32\dwmapi.dll
0x73F30000 0x00014000 C:\Windows\system32\Atl.Dll
0x75FA0000 0x00083000 C:\Windows\system32\CLBCatQ.DLL
0x6C9D0000 0x00946000 C:\Windows\System32\ieframe.dll
0x76170000 0x00005000 C:\Windows\system32\PSAPI.DLL
0x6C990000 0x0003C000 C:\Windows\System32\OLEACC.dll
0x76180000 0x001B8000 C:\Windows\system32\iertutil.dll
0x75620000 0x0005F000 C:\Windows\system32\SXS.DLL
0x76340000 0x00111000 C:\Windows\system32\urlmon.dll
0x77170000 0x0011B000 C:\Windows\system32\WININET.dll
0x76160000 0x00003000 C:\Windows\system32\Normaliz.dll
0x74440000 0x000F5000 C:\Windows\system32\PROPSYS.dll
0x75680000 0x0004C000 C:\Windows\system32\apphelp.dll
0x755C0000 0x00008000 C:\Windows\system32\Secur32.dll
0x755F0000 0x0001B000 C:\Windows\system32\SSPICLI.DLL
0x75710000 0x0000B000 C:\Windows\system32\profapi.dll
0x75010000 0x00044000 C:\Windows\system32\dnsapi.DLL
0x73CE0000 0x0001C000 C:\Windows\system32\iphlpapi.DLL
0x73CA0000 0x00007000 C:\Windows\system32\WINNSI.DLL
0x6BEB0000 0x00052000 C:\Windows\system32\RASAPI32.dll
0x6C4A0000 0x00015000 C:\Windows\system32\rasman.dll
0x72CB0000 0x0000D000 C:\Windows\system32\rtutils.dll
0x70910000 0x00006000 C:\Windows\system32\sensapi.dll
0x75140000 0x0003C000 C:\Windows\system32\mswsock.dll
0x75410000 0x00006000 C:\Windows\System32\wship6.dll
0x74C60000 0x00005000 C:\Windows\System32\wshtcpip.dll
0x6AC40000 0x00BBB000 C:\Windows\system32\MSHTML.dll
0x74BD0000 0x00009000 C:\Windows\system32\VERSION.dll
0x740C0000 0x00010000 C:\Windows\system32\NLAapi.dll
0x70600000 0x00006000 C:\Windows\system32\rasadhlp.dll
0x70890000 0x00027000 C:\Program Files\Common Files\Microsoft Shared\Windows Live\WLIDNSP.DLL
0x707F0000 0x00021000 C:\Program Files\Bonjour\mdnsNSP.dll
0x6A640000 0x0002E000 C:\Windows\system32\mlang.dll
0x69CF0000 0x0000B000 C:\Windows\system32\msimtf.dll
0x687E0000 0x001BB000 C:\Windows\System32\jscript9.dll
0x75AB0000 0x0019D000 C:\Windows\system32\setupapi.dll
0x757B0000 0x00027000 C:\Windows\system32\CFGMGR32.dll
0x75790000 0x00012000 C:\Windows\system32\DEVOBJ.dll
0x046E0000 0x000BA000 C:\Windows\system32\d2d1.dll
0x6AA50000 0x0010A000 C:\Windows\system32\DWrite.dll
0x70260000 0x00083000 C:\Windows\system32\dxgi.dll
0x75870000 0x0002D000 C:\Windows\system32\WINTRUST.dll
0x758A0000 0x0011D000 C:\Windows\system32\CRYPT32.dll
0x75780000 0x0000C000 C:\Windows\system32\MSASN1.dll
0x70620000 0x0002C000 C:\Windows\system32\d3d10_1.dll
0x70460000 0x0003A000 C:\Windows\system32\d3d10_1core.dll
0x689A0000 0x0012C000 C:\Windows\system32\D3D10Warp.dll
0x73D90000 0x0002B000 C:\Windows\system32\msls31.dll
0x736B0000 0x000FB000 C:\Windows\system32\windowscodecs.dll
0x73E30000 0x00021000 C:\Windows\system32\ntmarta.dll
0x77530000 0x00045000 C:\Windows\system32\WLDAP32.dll
0x66D70000 0x00102000 C:\Windows\system32\d3d10.dll
0x66D30000 0x00033000 C:\Windows\system32\d3d10core.dll

Called from TOLEAUTO:OPENREPORT(0)
Called from SHOWREPORT(82) in 24.prg
Called from (b)R_24_18SMART1(68) in 24.prg
Called from _DOCONTROLEVENTPROCEDURE(1574) in h_windows.prg
Called from EVENTS(1444) in h_events.prg
Called from _DOMESSAGELOOP(0)
Called from _ACTIVATEWINDOW(1311) in h_windows.prg
Called from R_24_18SMART1(74) in 24.prg
Called from SS_CALLR(344) in SSLIB.prg
Called from MAIN(40) in 24.prg
------------------------------------------------------------------------
Application Internal Error - C:\Users\IT\Desktop\lesson 24\24.exe
Terminated at: 2012.01.10 12:53:35
Unrecoverable error 6005: Exception error: 

    Exception Code:C0000005
    Exception Address:004C0FBC
    EAX:0012EAD8  EBX:004CDFEC  ECX:004CDFEC  EDX:0012EABC
    ESI:0012EADC  EDI:00000000  EBP:0012EAC0
    CS:EIP:001B:004C0FBC  SS:ESP:0023:0012EA98
    DS:0023  ES:0023  FS:003B  GS:0000
    Flags:00010202
    CS:EIP: 8B 0F FF 51 14 A3 48 24 56 00 8B 45 FC 50 E8 E1
    SS:ESP: 00000000 005615B4 0012EABC 00000001 00000000 0012EAD8 002A9D74 00000001 00000000 00354C64 0012EB30 004C1204 00000000 004CDFEC 0012EAD8 0012EADC

    C stack:
    EIP:     EBP:       Frame: OldEBP, RetAddr, Params...
    004C0FBC 0012EAC0   0012EB30 004C1204 00000000 004CDFEC 0012EAD8 0012EADC 0025F714 00000000 0025DC8C 004CD588
    004C1204 0012EB30   0012EC34 00458BC8 00000001 004CD8D4 00000000 0025DC8C 00481B16 00000016 004CD8C3 0012EB68
    00458BC8 0012EC34   0012EC5C 004011D0 004CD963 004CD2D8 0045EA10 00000058 00000008 00000000 00000000 00000052
    004011D0 0012EC5C   0012ED60 00458B0E 00000000 FFFFFFFE 0025EFB4 0025DC8C 00458A8B 00000002 0051D712 00000000
    00458B0E 0012ED60   0012ED9C 0045EDB4 004CD8D1 004CD2D8 0051D7B7 0025DC8C 00518FE4 0045EBE9 00000000 0025DC8C
    0045EDB4 0012ED9C   0012EEA0 00458BC8 00000001 0053A06A 00000000 0025DC8C 0047BCF7 002AFB9C 002A9D44 002A9D34
    00458BC8 0012EEA0   0012EEC8 00415434 0051D6D8 00518BE4 0045EA10 00000022 00000008 0026087C 00000000 00000626
    00415434 0012EEC8   0012EFCC 00458A8B 00000002 00000000 0025DC8C 00535850 00000215 0012EF04 775B2BEE FFFF0C3A
    00458A8B 0012EFCC   0012EFFC 00418228 00536724 00535850 0045EB39 00000111 00540CC2 00000020 00000008 00000000
    00418228 0012EFFC   0012F014 0040C06A 00000004 0012F090 00000111 00000000
    0040C06A 0012F014   0012F040 7759C4E7 00540CC2 00000111 00000000 00630C2A 00000111 DCBAABCD 00000000 0012F090
    7759C4E7 0012F040   0012F0B8 7759C5E7 0040BFEC 00540CC2 00000111 00000000 00630C2A 6BF51F80 00000111 0040BFEC
    7759C5E7 0012F0B8   0012F0E8 77591B31 00000000 0040BFEC 00540CC2 00000111 00000000 00630C2A 00000000 00000000
    77591B31 0012F0E8   0012F108 77591B57 FFFF0C28 00540CC2 00000111 00000000 00630C2A 00000000


Modules:
0x00400000 0x00185000 C:\Users\IT\Desktop\lesson 24\24.exe
0x77D60000 0x0013C000 C:\Windows\SYSTEM32\ntdll.dll
0x77450000 0x000D4000 C:\Windows\system32\kernel32.dll
0x759C0000 0x0004A000 C:\Windows\system32\KERNELBASE.dll
0x75A10000 0x00035000 C:\Windows\system32\WS2_32.DLL
0x76460000 0x000AC000 C:\Windows\system32\msvcrt.dll
0x75E40000 0x000A1000 C:\Windows\system32\RPCRT4.dll
0x77160000 0x00006000 C:\Windows\system32\NSI.dll
0x6D560000 0x00021000 C:\Windows\system32\MSVFW32.DLL
0x77580000 0x000C9000 C:\Windows\system32\USER32.dll
0x75C50000 0x0004E000 C:\Windows\system32\GDI32.dll
0x75D90000 0x0000A000 C:\Windows\system32\LPK.dll
0x75DA0000 0x0009D000 C:\Windows\system32\USP10.dll
0x73BE0000 0x00032000 C:\Windows\system32\WINMM.dll
0x76030000 0x000A0000 C:\Windows\system32\ADVAPI32.dll
0x77EA0000 0x00019000 C:\Windows\SYSTEM32\sechost.dll
0x76510000 0x00C4A000 C:\Windows\system32\SHELL32.dll
0x75A50000 0x00057000 C:\Windows\system32\SHLWAPI.dll
0x74540000 0x0019E000 C:\Windows\WinSxS\x86_microsoft.windows.common-controls_6595b64144ccf1df_6.0.7601.17514_none_41e6975e2bd6f2b2\COMCTL32.dll
0x77290000 0x0015C000 C:\Windows\system32\OLE32.DLL
0x760D0000 0x0008F000 C:\Windows\system32\OLEAUT32.DLL
0x6C4C0000 0x00019000 C:\Windows\system32\OLEPRO32.DLL
0x75CA0000 0x0001F000 C:\Windows\system32\IMM32.DLL
0x75CC0000 0x000CC000 C:\Windows\system32\MSCTF.dll
0x75610000 0x0000C000 C:\Windows\system32\CRYPTBASE.dll
0x743C0000 0x00040000 C:\Windows\system32\uxtheme.dll
0x10000000 0x0000A000 C:\Program Files\SweetIM\Messenger\mgAdaptersProxy.dll
0x7C360000 0x00056000 C:\Program Files\SweetIM\Messenger\MSVCR71.dll
0x19600000 0x00014000 C:\Program Files\TeamViewer\Version7\tv_w32.dll
0x6C240000 0x00027000 C:\Windows\system32\CRTDLL.dll
0x73D20000 0x00013000 C:\Windows\system32\dwmapi.dll
0x73F30000 0x00014000 C:\Windows\system32\Atl.Dll
0x75FA0000 0x00083000 C:\Windows\system32\CLBCatQ.DLL
0x6C9D0000 0x00946000 C:\Windows\System32\ieframe.dll
0x76170000 0x00005000 C:\Windows\system32\PSAPI.DLL
0x6C990000 0x0003C000 C:\Windows\System32\OLEACC.dll
0x76180000 0x001B8000 C:\Windows\system32\iertutil.dll
0x75620000 0x0005F000 C:\Windows\system32\SXS.DLL
0x76340000 0x00111000 C:\Windows\system32\urlmon.dll
0x77170000 0x0011B000 C:\Windows\system32\WININET.dll
0x76160000 0x00003000 C:\Windows\system32\Normaliz.dll
0x74440000 0x000F5000 C:\Windows\system32\PROPSYS.dll
0x75680000 0x0004C000 C:\Windows\system32\apphelp.dll
0x755C0000 0x00008000 C:\Windows\system32\Secur32.dll
0x755F0000 0x0001B000 C:\Windows\system32\SSPICLI.DLL
0x75710000 0x0000B000 C:\Windows\system32\profapi.dll
0x75010000 0x00044000 C:\Windows\system32\dnsapi.DLL
0x73CE0000 0x0001C000 C:\Windows\system32\iphlpapi.DLL
0x73CA0000 0x00007000 C:\Windows\system32\WINNSI.DLL
0x6BEB0000 0x00052000 C:\Windows\system32\RASAPI32.dll
0x6C4A0000 0x00015000 C:\Windows\system32\rasman.dll
0x72CB0000 0x0000D000 C:\Windows\system32\rtutils.dll
0x70910000 0x00006000 C:\Windows\system32\sensapi.dll
0x75140000 0x0003C000 C:\Windows\system32\mswsock.dll
0x75410000 0x00006000 C:\Windows\System32\wship6.dll
0x74C60000 0x00005000 C:\Windows\System32\wshtcpip.dll
0x6AC40000 0x00BBB000 C:\Windows\system32\MSHTML.dll
0x74BD0000 0x00009000 C:\Windows\system32\VERSION.dll
0x740C0000 0x00010000 C:\Windows\system32\NLAapi.dll
0x70600000 0x00006000 C:\Windows\system32\rasadhlp.dll
0x70890000 0x00027000 C:\Program Files\Common Files\Microsoft Shared\Windows Live\WLIDNSP.DLL
0x707F0000 0x00021000 C:\Program Files\Bonjour\mdnsNSP.dll
0x6A640000 0x0002E000 C:\Windows\system32\mlang.dll
0x69CF0000 0x0000B000 C:\Windows\system32\msimtf.dll
0x687E0000 0x001BB000 C:\Windows\System32\jscript9.dll
0x75AB0000 0x0019D000 C:\Windows\system32\setupapi.dll
0x757B0000 0x00027000 C:\Windows\system32\CFGMGR32.dll
0x75790000 0x00012000 C:\Windows\system32\DEVOBJ.dll
0x046E0000 0x000BA000 C:\Windows\system32\d2d1.dll
0x6AA50000 0x0010A000 C:\Windows\system32\DWrite.dll
0x70260000 0x00083000 C:\Windows\system32\dxgi.dll
0x75870000 0x0002D000 C:\Windows\system32\WINTRUST.dll
0x758A0000 0x0011D000 C:\Windows\system32\CRYPT32.dll
0x75780000 0x0000C000 C:\Windows\system32\MSASN1.dll
0x70620000 0x0002C000 C:\Windows\system32\d3d10_1.dll
0x70460000 0x0003A000 C:\Windows\system32\d3d10_1core.dll
0x689A0000 0x0012C000 C:\Windows\system32\D3D10Warp.dll
0x73D90000 0x0002B000 C:\Windows\system32\msls31.dll
0x736B0000 0x000FB000 C:\Windows\system32\windowscodecs.dll
0x73E30000 0x00021000 C:\Windows\system32\ntmarta.dll
0x77530000 0x00045000 C:\Windows\system32\WLDAP32.dll
0x66D70000 0x00102000 C:\Windows\system32\d3d10.dll
0x66D30000 0x00033000 C:\Windows\system32\d3d10core.dll

Called from TOLEAUTO:OPENREPORT(0)
Called from SHOWREPORT(82) in 24.prg
Called from (b)R_24_18SMART1(68) in 24.prg
Called from _DOCONTROLEVENTPROCEDURE(1574) in h_windows.prg
Called from EVENTS(1444) in h_events.prg
Called from _DOMESSAGELOOP(0)
Called from _ACTIVATEWINDOW(1311) in h_windows.prg
Called from R_24_18SMART1(74) in 24.prg
Called from SS_CALLR(344) in SSLIB.prg
Called from MAIN(40) in 24.prg
------------------------------------------------------------------------
Application Internal Error - C:\Users\IT\Desktop\lesson 24\24.exe
Terminated at: 2012.01.10 15:54:08
Unrecoverable error 6005: Exception error: 

    Exception Code:C0000005
    Exception Address:00419DD7
    EAX:0012F8B8  EBX:0022FB9C  ECX:0012F82C  EDX:00000000
    ESI:00000000  EDI:0054EFD4  EBP:0012F8D4
    CS:EIP:001B:00419DD7  SS:ESP:0023:0012F8A8
    DS:0023  ES:0023  FS:003B  GS:0000
    Flags:00010286
    CS:EIP: 8B 0A FF 11 8B 44 24 04 50 E8 4B 8D 06 00 59 59
    SS:ESP: 00000000 00561588 0012F8B8 00000000 0012F8C0 0045EA10 00000013 00000008 00000000 00000000 00000000 0012F9D8 00458B0E 00000001 004CD8C6 0022FB9C

    C stack:
    EIP:     EBP:       Frame: OldEBP, RetAddr, Params...
    00419DD7 0012F8D4   0012F9D8 00458B0E 00000001 004CD8C6 0022FB9C 004CD4D8 00000000 0022FB9C 0012F978 0047F258
    00458B0E 0012F9D8   0012FA08 00419C6C 0054EF69 0054E730 0045EBE9 00000000 0022FB9C 00000011 00000008 00000000
    00419C6C 0012FA08   0012FB0C 00458BC8 00000000 003690EA 00000000 0022FB9C 00000000 00000000 00000000 00000000
    00458BC8 0012FB0C   0012FB34 004011BC 004CD80D 004CD2D8 0045EA10 0000000B 00000008 00000000 00000000 00000044
    004011BC 0012FB34   0012FC38 00458B0E 00000000 00000000 0022D47C 00000000 00000008 0012FC60 00000000 0012FB74
    00458B0E 0012FC38   0012FC48 004729AB 003690E4 00000000
    004729AB 0012FC48   0012FCB4 00472CD3 0012FC60 0054256A 00000000 0022FB9C 00000002 0000000B 0055A4AC 004CD7A3
    00472CD3 0012FCB4   0012FDC0 00459A15 0022D47C 00000000 0000000B 004CD7EF 00000000 0022FB9C 7FFDD000 77CF77A0
    00459A15 0012FDC0   0012FDE8 00418798 0054243E 0053FF64 0045EA10 00000001 00000000 00000000 00000000 00000158
    00418798 0012FDE8   0012FEEC 00458A8B 00000001 00000001 00000001 00561D4C 00000007 00000018 0022FB9C 00000058
    00458A8B 0012FEEC   0012FF14 00401180 004CD6AC 004CD2D8 0045EA10 00000000 00000000 00000000 00000000 00000028
    00401180 0012FF14   0012FF30 00457DD7 00220000 00000000 00000000 002322E7 00000000
    00457DD7 0012FF30   0012FF50 004878A2 00000001 004CD268 002322E7 00230000 00000000 00250040
    004878A2 0012FF50   0012FF80 004C997F 00400000 00000000 002322E7 00000001 00000000 00000000 7FFDD000 00000000
    004C997F 0012FF80   0012FF94 00000000 004CD268 7609ED6C 7FFDD000
    00000000 0012FF94   0012FFD4 77D137F5 7FFDD000 77553C4C 00000000 00000000 7FFDD000 00000000 00000000 00000000
    77D137F5 0012FFD4   0012FFEC 77D137C8 00401000 7FFDD000 00000000 00000000


Modules:
0x00400000 0x00185000 C:\Users\IT\Desktop\lesson 24\24.exe
0x77CB0000 0x0013C000 C:\Windows\SYSTEM32\ntdll.dll
0x76050000 0x000D4000 C:\Windows\system32\kernel32.dll
0x758E0000 0x0004A000 C:\Windows\system32\KERNELBASE.dll
0x77560000 0x00035000 C:\Windows\system32\WS2_32.DLL
0x75990000 0x000AC000 C:\Windows\system32\msvcrt.dll
0x75DD0000 0x000A1000 C:\Windows\system32\RPCRT4.dll
0x77E00000 0x00006000 C:\Windows\system32\NSI.dll
0x6E2F0000 0x00021000 C:\Windows\system32\MSVFW32.DLL
0x773F0000 0x000C9000 C:\Windows\system32\USER32.dll
0x774C0000 0x0004E000 C:\Windows\system32\GDI32.dll
0x761B0000 0x0000A000 C:\Windows\system32\LPK.dll
0x77040000 0x0009D000 C:\Windows\system32\USP10.dll
0x73CC0000 0x00032000 C:\Windows\system32\WINMM.dll
0x75FB0000 0x000A0000 C:\Windows\system32\ADVAPI32.dll
0x76130000 0x00019000 C:\Windows\SYSTEM32\sechost.dll
0x763F0000 0x00C4A000 C:\Windows\system32\SHELL32.dll
0x77390000 0x00057000 C:\Windows\system32\SHLWAPI.dll
0x745B0000 0x0019E000 C:\Windows\WinSxS\x86_microsoft.windows.common-controls_6595b64144ccf1df_6.0.7601.17514_none_41e6975e2bd6f2b2\COMCTL32.dll
0x761C0000 0x0015C000 C:\Windows\system32\OLE32.DLL
0x770E0000 0x0008F000 C:\Windows\system32\OLEAUT32.DLL
0x6E7F0000 0x00019000 C:\Windows\system32\OLEPRO32.DLL
0x75A40000 0x0001F000 C:\Windows\system32\IMM32.DLL
0x76320000 0x000CC000 C:\Windows\system32\MSCTF.dll
0x75560000 0x0000C000 C:\Windows\system32\CRYPTBASE.dll
0x74230000 0x00040000 C:\Windows\system32\uxtheme.dll
0x10000000 0x0000A000 C:\Program Files\SweetIM\Messenger\mgAdaptersProxy.dll
0x7C360000 0x00056000 C:\Program Files\SweetIM\Messenger\MSVCR71.dll
0x19600000 0x00014000 C:\Program Files\TeamViewer\Version7\tv_w32.dll
0x6C240000 0x00027000 C:\Windows\system32\CRTDLL.dll
0x73C00000 0x00013000 C:\Windows\system32\dwmapi.dll
0x73EC0000 0x00014000 C:\Windows\system32\Atl.Dll

Called from ATLAXGETDISP(0)
Called from TACTIVEX:LOAD(60) in taxprg.prg
Called from R_24_18SMART1(68) in 24.prg
Called from SS_CALLR(344) in SSLIB.prg
Called from MAIN(40) in 24.prg
------------------------------------------------------------------------
Application Internal Error - C:\Users\IT\Desktop\lesson 24\24.exe
Terminated at: 2012.01.10 15:54:11
Unrecoverable error 6005: Exception error: 

    Exception Code:C0000005
    Exception Address:00419DD7
    EAX:0012F8B8  EBX:0022FB9C  ECX:0012F82C  EDX:00000000
    ESI:00000000  EDI:0054EFD4  EBP:0012F8D4
    CS:EIP:001B:00419DD7  SS:ESP:0023:0012F8A8
    DS:0023  ES:0023  FS:003B  GS:0000
    Flags:00010286
    CS:EIP: 8B 0A FF 11 8B 44 24 04 50 E8 4B 8D 06 00 59 59
    SS:ESP: 00000000 00561588 0012F8B8 00000000 0012F8C0 0045EA10 00000013 00000008 00000000 00000000 00000000 0012F9D8 00458B0E 00000001 004CD8C6 0022FB9C

    C stack:
    EIP:     EBP:       Frame: OldEBP, RetAddr, Params...
    00419DD7 0012F8D4   0012F9D8 00458B0E 00000001 004CD8C6 0022FB9C 004CD4D8 00000000 0022FB9C 0012F978 0047F258
    00458B0E 0012F9D8   0012FA08 00419C6C 0054EF69 0054E730 0045EBE9 00000000 0022FB9C 00000011 00000008 00000000
    00419C6C 0012FA08   0012FB0C 00458BC8 00000000 003690EA 00000000 0022FB9C 00000000 00000000 00000000 00000000
    00458BC8 0012FB0C   0012FB34 004011BC 004CD80D 004CD2D8 0045EA10 0000000B 00000008 00000000 00000000 00000044
    004011BC 0012FB34   0012FC38 00458B0E 00000000 00000000 0022D47C 00000000 00000008 0012FC60 00000000 0012FB74
    00458B0E 0012FC38   0012FC48 004729AB 003690E4 00000000
    004729AB 0012FC48   0012FCB4 00472CD3 0012FC60 0054256A 00000000 0022FB9C 00000002 0000000B 0055A4AC 004CD7A3
    00472CD3 0012FCB4   0012FDC0 00459A15 0022D47C 00000000 0000000B 004CD7EF 00000000 0022FB9C 7FFDD000 77CF77A0
    00459A15 0012FDC0   0012FDE8 00418798 0054243E 0053FF64 0045EA10 00000001 00000000 00000000 00000000 00000158
    00418798 0012FDE8   0012FEEC 00458A8B 00000001 00000001 00000001 00561D4C 00000007 00000018 0022FB9C 00000058
    00458A8B 0012FEEC   0012FF14 00401180 004CD6AC 004CD2D8 0045EA10 00000000 00000000 00000000 00000000 00000028
    00401180 0012FF14   0012FF30 00457DD7 00220000 00000000 00000000 002322E7 00000000
    00457DD7 0012FF30   0012FF50 004878A2 00000001 004CD268 002322E7 00230000 00000000 00250040
    004878A2 0012FF50   0012FF80 004C997F 00400000 00000000 002322E7 00000001 00000000 00000000 7FFDD000 00000000
    004C997F 0012FF80   0012FF94 00000000 004CD268 7609ED6C 7FFDD000
    00000000 0012FF94   0012FFD4 77D137F5 7FFDD000 77553C4C 00000000 00000000 7FFDD000 C0000005 760B0651 760B0651
    77D137F5 0012FFD4   0012FFEC 77D137C8 00401000 7FFDD000 00000000 00000000


Modules:
0x00400000 0x00185000 C:\Users\IT\Desktop\lesson 24\24.exe
0x77CB0000 0x0013C000 C:\Windows\SYSTEM32\ntdll.dll
0x76050000 0x000D4000 C:\Windows\system32\kernel32.dll
0x758E0000 0x0004A000 C:\Windows\system32\KERNELBASE.dll
0x77560000 0x00035000 C:\Windows\system32\WS2_32.DLL
0x75990000 0x000AC000 C:\Windows\system32\msvcrt.dll
0x75DD0000 0x000A1000 C:\Windows\system32\RPCRT4.dll
0x77E00000 0x00006000 C:\Windows\system32\NSI.dll
0x6E2F0000 0x00021000 C:\Windows\system32\MSVFW32.DLL
0x773F0000 0x000C9000 C:\Windows\system32\USER32.dll
0x774C0000 0x0004E000 C:\Windows\system32\GDI32.dll
0x761B0000 0x0000A000 C:\Windows\system32\LPK.dll
0x77040000 0x0009D000 C:\Windows\system32\USP10.dll
0x73CC0000 0x00032000 C:\Windows\system32\WINMM.dll
0x75FB0000 0x000A0000 C:\Windows\system32\ADVAPI32.dll
0x76130000 0x00019000 C:\Windows\SYSTEM32\sechost.dll
0x763F0000 0x00C4A000 C:\Windows\system32\SHELL32.dll
0x77390000 0x00057000 C:\Windows\system32\SHLWAPI.dll
0x745B0000 0x0019E000 C:\Windows\WinSxS\x86_microsoft.windows.common-controls_6595b64144ccf1df_6.0.7601.17514_none_41e6975e2bd6f2b2\COMCTL32.dll
0x761C0000 0x0015C000 C:\Windows\system32\OLE32.DLL
0x770E0000 0x0008F000 C:\Windows\system32\OLEAUT32.DLL
0x6E7F0000 0x00019000 C:\Windows\system32\OLEPRO32.DLL
0x75A40000 0x0001F000 C:\Windows\system32\IMM32.DLL
0x76320000 0x000CC000 C:\Windows\system32\MSCTF.dll
0x75560000 0x0000C000 C:\Windows\system32\CRYPTBASE.dll
0x74230000 0x00040000 C:\Windows\system32\uxtheme.dll
0x10000000 0x0000A000 C:\Program Files\SweetIM\Messenger\mgAdaptersProxy.dll
0x7C360000 0x00056000 C:\Program Files\SweetIM\Messenger\MSVCR71.dll
0x19600000 0x00014000 C:\Program Files\TeamViewer\Version7\tv_w32.dll
0x6C240000 0x00027000 C:\Windows\system32\CRTDLL.dll
0x73C00000 0x00013000 C:\Windows\system32\dwmapi.dll
0x73EC0000 0x00014000 C:\Windows\system32\Atl.Dll

Called from ATLAXGETDISP(0)
Called from TACTIVEX:LOAD(60) in taxprg.prg
Called from R_24_18SMART1(68) in 24.prg
Called from SS_CALLR(344) in SSLIB.prg
Called from MAIN(40) in 24.prg
------------------------------------------------------------------------
