Application Internal Error - C:\Documents and Settings\”⁄œ\”ÿÕ «·„ﬂ »\ ÿ»Ìﬁ 44\ ÿ»Ìﬁ 44\Lesson\MAIN.exe
Terminated at: 2011.11.12 12:01:14
Unrecoverable error 6005: Exception error: 

    Exception Code:C0000005
    Exception Address:004C1C24
    EAX:0012ED74  EBX:004DCC1C  ECX:004DCC1C  EDX:0012ED58
    ESI:0012ED78  EDI:00000000  EBP:0012ED5C
    CS:EIP:001B:004C1C24  SS:ESP:0023:0012ED34
    DS:0023  ES:0023  FS:003B  GS:0000
    Flags:00010206
    CS:EIP: 8B 0F FF 51 14 A3 08 24 57 00 8B 45 FC 50 E8 E1
    SS:ESP: 00000000 00571574 0012ED58 00000001 00000000 0012ED74 00F690B4 00000001 00000000 00187584 0012EDCC 004C1E6C 00000000 004DCC1C 0012ED74 0012ED78

    C stack:
    EIP:     EBP:       Frame: OldEBP, RetAddr, Params...
    004C1C24 0012ED5C   0012EDCC 004C1E6C 00000000 004DCC1C 0012ED74 0012ED78 00EA073C 00000000 00A8DF14 004CFD30
    004C1E6C 0012EDCC   0012EED0 0045972C 00000003 004DB023 00A8DF14 004CFFA0 00000000 3169D6E4 000302C6 0000000F
    0045972C 0012EED0   0012EF00 00401918 004D762A 004CE2E0 0045F74D 00000000 00A8DF14 0000006E 00000011 00000000
    00401918 0012EF00   0012F004 0045972C 00000000 FFFFFFFF 00EA277C 00A8DF14 004595EF 00000002 0052CA3A 00000000
    0045972C 0012F004   0012F040 0045F918 004DB01E 004CE2E0 0052CAAE 00A8DF14 005286D8 0045F74D 00000000 00A8DF14
    0045F918 0012F040   0012F144 0045972C 00000000 0052C624 00000000 00A8DF14 00000010 00000000 000A0004 00000000
    0045972C 0012F144   0012F16C 00415EEC 0052CA10 005282D8 0045F574 0000005E 00000011 00000000 00000000 00000595
    00415EEC 0012F16C   0012F270 004595EF 00000001 004DB214 00000000 00A8DF14 0012F208 0047FDBC 00EA268C 0000000A
    004595EF 0012F270   0012F298 00415E9C 0052BDA2 005282D8 0045F574 0000005B 00000011 00000000 00000000 0000050F
    00415E9C 0012F298   0012F39C 004595EF 00000002 004D0DA4 00A8DF14 004CE600 00000001 7FFDD000 00070001 00000004
    004595EF 0012F39C   0012F3CC 00401CC4 004DAFC4 004CE2E0 0045F74D 00000000 00A8DF14 00000058 00000011 00000000
    00401CC4 0012F3CC   0012F4D0 0045972C 00000000 FFFFFFFE 00EA240C 00A8DF14 004595EF 00000002 0052CE06 00000000
    0045972C 0012F4D0   0012F50C 0045F918 004D0D9E 004CE2E0 0052CEAB 00A8DF14 005286D8 0045F74D 00000000 00A8DF14
    0045F918 0012F50C   0012F610 0045972C 00000001 00549DE6 00000000 00A8DF14 0047C85B 00F681DC 00F428CC 00F428BC
    0045972C 0012F610   0012F638 00415F50 0052CDCC 005282D8 0045F574 00000022 00000011 00EA186C 00000000 00000626
    00415F50 0012F638   0012F73C 004595EF 00000002 0000D6CD 00A8DF14 00545800 77D00494 77CDB378 FFFFFFFF 77CDB373
    004595EF 0012F73C   0012F76C 00418D8C 005466D4 00545800 0045F69D 00000111 00050276 00000020 00000011 00000000
    00418D8C 0012F76C   0012F784 0040CB86 00000004 0012F7EC 0040CB08 00000000
    0040CB86 0012F784   0012F7B0 77CD8709 00050276 00000111 0000D6CD 00000000 0040CB08 DCBAABCD 00000000 0012F7EC
    77CD8709 0012F7B0   0012F818 77CD87EB 0040CB08 00050276 00000111 0000D6CD 00000000 0012F8E4 0012F8DC 007CA5B0


Modules:
0x00400000 0x00196000 C:\Documents and Settings\”⁄œ\”ÿÕ «·„ﬂ »\ ÿ»Ìﬁ 44\ ÿ»Ìﬁ 44\Lesson\MAIN.exe
0x7C950000 0x000AD000 C:\WINDOWS\system32\ntdll.dll
0x7C800000 0x0014F000 C:\WINDOWS\system32\kernel32.dll
0x719F0000 0x00017000 C:\WINDOWS\system32\WS2_32.DLL
0x77BA0000 0x00058000 C:\WINDOWS\system32\msvcrt.dll
0x719E0000 0x00008000 C:\WINDOWS\system32\WS2HELP.dll
0x77F50000 0x000AB000 C:\WINDOWS\system32\ADVAPI32.dll
0x77D60000 0x00092000 C:\WINDOWS\system32\RPCRT4.dll
0x77ED0000 0x00011000 C:\WINDOWS\system32\Secur32.dll
0x75AC0000 0x00021000 C:\WINDOWS\system32\MSVFW32.DLL
0x77CD0000 0x0008F000 C:\WINDOWS\system32\USER32.dll
0x77E00000 0x00048000 C:\WINDOWS\system32\GDI32.dll
0x76AB0000 0x0002D000 C:\WINDOWS\system32\WINMM.dll
0x7CA00000 0x00812000 C:\WINDOWS\system32\SHELL32.dll
0x77E50000 0x00076000 C:\WINDOWS\system32\SHLWAPI.dll
0x77360000 0x00102000 C:\WINDOWS\WinSxS\x86_Microsoft.Windows.Common-Controls_6595b64144ccf1df_6.0.2600.2180_x-ww_a84f1ff9\COMCTL32.dll
0x77470000 0x0013C000 C:\WINDOWS\system32\OLE32.DLL
0x770B0000 0x0008C000 C:\WINDOWS\system32\OLEAUT32.DLL
0x5F280000 0x00017000 C:\WINDOWS\system32\OLEPRO32.DLL
0x762E0000 0x0001D000 C:\WINDOWS\system32\IMM32.DLL
0x62EB0000 0x00009000 C:\WINDOWS\system32\LPK.DLL
0x74CD0000 0x0006B000 C:\WINDOWS\system32\USP10.dll
0x74660000 0x0004B000 C:\WINDOWS\system32\MSCTF.dll
0x753E0000 0x0002E000 C:\WINDOWS\system32\msctfime.ime
0x5B1F0000 0x00038000 C:\WINDOWS\system32\UxTheme.dll
0x10000000 0x00008000 C:\Program Files\Internet Download Manager\idmmkb.dll
0x76F60000 0x0007F000 C:\WINDOWS\system32\CLBCATQ.DLL
0x76FE0000 0x000BF000 C:\WINDOWS\system32\COMRes.dll
0x77B90000 0x00008000 C:\WINDOWS\system32\VERSION.dll
0x4FAB0000 0x00083000 C:\Program Files\Common Files\System\ado\msado15.dll
0x76520000 0x00025000 C:\WINDOWS\system32\MSDART.DLL
0x76300000 0x00068000 C:\WINDOWS\system32\comdlg32.dll
0x20000000 0x0057B000 C:\WINDOWS\system32\xpsp2res.dll
0x73F10000 0x00077000 C:\Program Files\Common Files\System\Ole DB\oledb32.dll
0x75110000 0x00011000 C:\Program Files\Common Files\System\Ole DB\OLEDB32R.DLL
0x4C610000 0x0004D000 C:\Program Files\Common Files\System\Ole DB\msdasql.dll
0x61310000 0x00017000 C:\Program Files\Common Files\System\Ole DB\MSDATL3.dll
0x73F90000 0x0003D000 C:\WINDOWS\system32\ODBC32.dll
0x01270000 0x00017000 C:\WINDOWS\system32\odbcint.dll
0x01660000 0x00004000 C:\Program Files\Common Files\System\Ole DB\MSDASQLR.DLL
0x1B5D0000 0x00095000 C:\WINDOWS\system32\MSWSTR10.DLL
0x76590000 0x0013A000 C:\WINDOWS\system32\comsvcs.dll
0x59550000 0x00054000 C:\WINDOWS\system32\NETAPI32.dll
0x75030000 0x00013000 C:\WINDOWS\system32\MTXCLU.DLL
0x71A10000 0x00009000 C:\WINDOWS\system32\WSOCK32.dll
0x75070000 0x00014000 C:\WINDOWS\system32\colbact.DLL
0x76CA0000 0x00011000 C:\WINDOWS\system32\CLUSAPI.DLL
0x74FF0000 0x00012000 C:\WINDOWS\system32\RESUTILS.DLL
0x76930000 0x000B3000 C:\WINDOWS\system32\USERENV.dll
0x4C520000 0x00044000 C:\WINDOWS\system32\odbcjt32.dll
0x1B000000 0x00170000 C:\WINDOWS\system32\msjet40.dll
0x4CF60000 0x0000F000 C:\WINDOWS\system32\odbcji32.dll
0x1B2C0000 0x0000D000 C:\WINDOWS\system32\msjter40.dll
0x1B2D0000 0x00026000 C:\WINDOWS\system32\MSJINT40.DLL
0x75DE0000 0x000B0000 C:\WINDOWS\system32\SXS.DLL
0x1B810000 0x0003A000 C:\WINDOWS\system32\msjtes40.dll
0x0F9A0000 0x0000B000 C:\WINDOWS\system32\VBAJET32.DLL
0x0F9C0000 0x00062000 C:\WINDOWS\system32\expsrv.dll
0x4B880000 0x0000E000 C:\Program Files\Common Files\System\ado\msadrh15.dll
0x70DF0000 0x00013000 C:\WINDOWS\system32\asycfilt.dll
0x76A90000 0x00011000 C:\WINDOWS\system32\Atl.Dll
0x31690000 0x00023000 C:\WINDOWS\system32\SNAPVIEW.OCX
0x1A400000 0x00132000 C:\WINDOWS\system32\urlmon.dll
0x5DCA0000 0x001E8000 C:\WINDOWS\system32\iertutil.dll
0x72F50000 0x00026000 C:\WINDOWS\system32\WINSPOOL.DRV

Called from TOLEAUTO:OPENCURRENTDATABASE(0)
Called from ORDERSREPORTCLASS:SHOWREPORT(54) in MAIN.prg
Called from (b)ORDERSREPORTCLASS_SHOWWINDOW(56) in MAIN.prg
Called from _PROCESSINITPROCEDURE(1429) in h_windows.prg
Called from _ACTIVATEWINDOW(1295) in h_windows.prg
Called from ORDERSREPORTCLASS:SHOWWINDOW(81) in MAIN.prg
Called from (b)R_MAIN_18SMART1(92) in MAIN.prg
Called from _DOCONTROLEVENTPROCEDURE(1574) in h_windows.prg
Called from EVENTS(1377) in h_events.prg
Called from _DOMESSAGELOOP(0)
Called from _ACTIVATEWINDOW(1311) in h_windows.prg
Called from R_MAIN_18SMART1(110) in MAIN.prg
Called from SS_CALLR(344) in SSLIB.prg
Called from MAIN(40) in MAIN.prg
------------------------------------------------------------------------
Application Internal Error - C:\Documents and Settings\”⁄œ\”ÿÕ «·„ﬂ »\ ÿ»Ìﬁ 45\Lesson\MAIN.exe
Terminated at: 2011.11.12 16:08:41
Unrecoverable error 6005: Exception error: 

    Exception Code:C0000005
    Exception Address:004C1D28
    EAX:0012ED74  EBX:004DD927  ECX:004DD927  EDX:0012ED58
    ESI:0012ED78  EDI:00000000  EBP:0012ED5C
    CS:EIP:001B:004C1D28  SS:ESP:0023:0012ED34
    DS:0023  ES:0023  FS:003B  GS:0000
    Flags:00010206
    CS:EIP: 8B 0F FF 51 14 A3 CC 33 57 00 8B 45 FC 50 E8 E1
    SS:ESP: 00000000 00572538 0012ED58 00000001 00000000 0012ED74 00EBE70C 00000001 00000000 001872BC 0012EDCC 004C1F70 00000000 004DD927 0012ED74 0012ED78

    C stack:
    EIP:     EBP:       Frame: OldEBP, RetAddr, Params...
    004C1D28 0012ED5C   0012EDCC 004C1F70 00000000 004DD927 0012ED74 0012ED78 00EA073C 00000000 00A8DF04 004CFD50
    004C1F70 0012EDCC   0012EED0 00459830 00000003 004DB49C 00A8DF04 004CFFC0 00000000 0040CC0C DCBAABCD 00000000
    00459830 0012EED0   0012EF00 00401918 004D79BF 004CE2E0 0045F851 00000000 00A8DF04 0000006E 00000012 00000000
    00401918 0012EF00   0012F004 00459830 00000000 FFFFFFFF 00EA28BC 00A8DF04 004596F3 00000002 0052D9FE 00000000
    00459830 0012F004   0012F040 0045FA1C 004DB497 004CE2E0 0052DA72 00A8DF04 0052969C 0045F851 00000000 00A8DF04
    0045FA1C 0012F040   0012F144 00459830 00000000 0052D5E8 00000000 00A8DF04 00000010 00000000 000A0004 00000000
    00459830 0012F144   0012F16C 00415FF0 0052D9D4 0052929C 0045F678 0000005E 00000012 00000000 00000000 00000595
    00415FF0 0012F16C   0012F270 004596F3 00000001 004DB68D 00000000 00A8DF04 0012F208 0047FEC0 00EA27CC 0000000A
    004596F3 0012F270   0012F298 00415FA0 0052CD66 0052929C 0045F678 0000005B 00000012 00000000 00000000 0000050F
    00415FA0 0012F298   0012F39C 004596F3 00000002 004D108F 00A8DF04 004CE620 00000001 7FFDE000 00070001 00000004
    004596F3 0012F39C   0012F3CC 00401CD8 004DB43D 004CE2E0 0045F851 00000000 00A8DF04 00000058 00000012 00000000
    00401CD8 0012F3CC   0012F4D0 00459830 00000000 FFFFFFFE 00EA254C 00A8DF04 004596F3 00000002 0052DDCA 00000000
    00459830 0012F4D0   0012F50C 0045FA1C 004D1089 004CE2E0 0052DE6F 00A8DF04 0052969C 0045F851 00000000 00A8DF04
    0045FA1C 0012F50C   0012F610 00459830 00000001 0054ADAA 00000000 00A8DF04 0047C95F 00F44324 00F4F50C 00F4F4FC
    00459830 0012F610   0012F638 00416054 0052DD90 0052929C 0045F678 00000022 00000012 00EA186C 00000000 00000626
    00416054 0012F638   0012F73C 004596F3 00000002 000091B7 00A8DF04 005467C4 77D00494 77CDB378 FFFFFFFF 77CDB373
    004596F3 0012F73C   0012F76C 00418E90 00547698 005467C4 0045F7A1 00000111 000B02FC 00000020 00000012 00000000
    00418E90 0012F76C   0012F784 0040CC8A 00000004 0012F7EC 0040CC0C 00000000
    0040CC8A 0012F784   0012F7B0 77CD8709 000B02FC 00000111 000091B7 00000000 0040CC0C DCBAABCD 00000000 0012F7EC
    77CD8709 0012F7B0   0012F818 77CD87EB 0040CC0C 000B02FC 00000111 000091B7 00000000 0012F8E4 0012F8DC 007D7E98


Modules:
0x00400000 0x00197000 C:\Documents and Settings\”⁄œ\”ÿÕ «·„ﬂ »\ ÿ»Ìﬁ 45\Lesson\MAIN.exe
0x7C950000 0x000AD000 C:\WINDOWS\system32\ntdll.dll
0x7C800000 0x0014F000 C:\WINDOWS\system32\kernel32.dll
0x719F0000 0x00017000 C:\WINDOWS\system32\WS2_32.DLL
0x77BA0000 0x00058000 C:\WINDOWS\system32\msvcrt.dll
0x719E0000 0x00008000 C:\WINDOWS\system32\WS2HELP.dll
0x77F50000 0x000AB000 C:\WINDOWS\system32\ADVAPI32.dll
0x77D60000 0x00092000 C:\WINDOWS\system32\RPCRT4.dll
0x77ED0000 0x00011000 C:\WINDOWS\system32\Secur32.dll
0x75AC0000 0x00021000 C:\WINDOWS\system32\MSVFW32.DLL
0x77CD0000 0x0008F000 C:\WINDOWS\system32\USER32.dll
0x77E00000 0x00048000 C:\WINDOWS\system32\GDI32.dll
0x76AB0000 0x0002D000 C:\WINDOWS\system32\WINMM.dll
0x7CA00000 0x00812000 C:\WINDOWS\system32\SHELL32.dll
0x77E50000 0x00076000 C:\WINDOWS\system32\SHLWAPI.dll
0x77360000 0x00102000 C:\WINDOWS\WinSxS\x86_Microsoft.Windows.Common-Controls_6595b64144ccf1df_6.0.2600.2180_x-ww_a84f1ff9\COMCTL32.dll
0x77470000 0x0013C000 C:\WINDOWS\system32\OLE32.DLL
0x770B0000 0x0008C000 C:\WINDOWS\system32\OLEAUT32.DLL
0x5F280000 0x00017000 C:\WINDOWS\system32\OLEPRO32.DLL
0x762E0000 0x0001D000 C:\WINDOWS\system32\IMM32.DLL
0x62EB0000 0x00009000 C:\WINDOWS\system32\LPK.DLL
0x74CD0000 0x0006B000 C:\WINDOWS\system32\USP10.dll
0x74660000 0x0004B000 C:\WINDOWS\system32\MSCTF.dll
0x753E0000 0x0002E000 C:\WINDOWS\system32\msctfime.ime
0x5B1F0000 0x00038000 C:\WINDOWS\system32\UxTheme.dll
0x10000000 0x00008000 C:\Program Files\Internet Download Manager\idmmkb.dll
0x76F60000 0x0007F000 C:\WINDOWS\system32\CLBCATQ.DLL
0x76FE0000 0x000BF000 C:\WINDOWS\system32\COMRes.dll
0x77B90000 0x00008000 C:\WINDOWS\system32\VERSION.dll
0x4FAB0000 0x00083000 C:\Program Files\Common Files\System\ado\msado15.dll
0x76520000 0x00025000 C:\WINDOWS\system32\MSDART.DLL
0x76300000 0x00068000 C:\WINDOWS\system32\comdlg32.dll
0x20000000 0x0057B000 C:\WINDOWS\system32\xpsp2res.dll
0x73F10000 0x00077000 C:\Program Files\Common Files\System\Ole DB\oledb32.dll
0x75110000 0x00011000 C:\Program Files\Common Files\System\Ole DB\OLEDB32R.DLL
0x4C610000 0x0004D000 C:\Program Files\Common Files\System\Ole DB\msdasql.dll
0x61310000 0x00017000 C:\Program Files\Common Files\System\Ole DB\MSDATL3.dll
0x73F90000 0x0003D000 C:\WINDOWS\system32\ODBC32.dll
0x01260000 0x00017000 C:\WINDOWS\system32\odbcint.dll
0x01280000 0x00004000 C:\Program Files\Common Files\System\Ole DB\MSDASQLR.DLL
0x1B5D0000 0x00095000 C:\WINDOWS\system32\MSWSTR10.DLL
0x76590000 0x0013A000 C:\WINDOWS\system32\comsvcs.dll
0x59550000 0x00054000 C:\WINDOWS\system32\NETAPI32.dll
0x75030000 0x00013000 C:\WINDOWS\system32\MTXCLU.DLL
0x71A10000 0x00009000 C:\WINDOWS\system32\WSOCK32.dll
0x75070000 0x00014000 C:\WINDOWS\system32\colbact.DLL
0x76CA0000 0x00011000 C:\WINDOWS\system32\CLUSAPI.DLL
0x74FF0000 0x00012000 C:\WINDOWS\system32\RESUTILS.DLL
0x76930000 0x000B3000 C:\WINDOWS\system32\USERENV.dll
0x4C520000 0x00044000 C:\WINDOWS\system32\odbcjt32.dll
0x1B000000 0x00170000 C:\WINDOWS\system32\msjet40.dll
0x4CF60000 0x0000F000 C:\WINDOWS\system32\odbcji32.dll
0x1B2C0000 0x0000D000 C:\WINDOWS\system32\msjter40.dll
0x1B2D0000 0x00026000 C:\WINDOWS\system32\MSJINT40.DLL
0x75DE0000 0x000B0000 C:\WINDOWS\system32\SXS.DLL
0x1B810000 0x0003A000 C:\WINDOWS\system32\msjtes40.dll
0x0F9A0000 0x0000B000 C:\WINDOWS\system32\VBAJET32.DLL
0x0F9C0000 0x00062000 C:\WINDOWS\system32\expsrv.dll
0x4B880000 0x0000E000 C:\Program Files\Common Files\System\ado\msadrh15.dll
0x70DF0000 0x00013000 C:\WINDOWS\system32\asycfilt.dll
0x76A90000 0x00011000 C:\WINDOWS\system32\Atl.Dll
0x31690000 0x00023000 C:\WINDOWS\system32\SNAPVIEW.OCX
0x1A400000 0x00132000 C:\WINDOWS\system32\urlmon.dll
0x5DCA0000 0x001E8000 C:\WINDOWS\system32\iertutil.dll
0x72F50000 0x00026000 C:\WINDOWS\system32\WINSPOOL.DRV

Called from TOLEAUTO:OPENCURRENTDATABASE(0)
Called from ORDERSREPORTCLASS:SHOWREPORT(54) in MAIN.prg
Called from (b)ORDERSREPORTCLASS_SHOWWINDOW(56) in MAIN.prg
Called from _PROCESSINITPROCEDURE(1429) in h_windows.prg
Called from _ACTIVATEWINDOW(1295) in h_windows.prg
Called from ORDERSREPORTCLASS:SHOWWINDOW(81) in MAIN.prg
Called from (b)R_MAIN_18SMART1(94) in MAIN.prg
Called from _DOCONTROLEVENTPROCEDURE(1574) in h_windows.prg
Called from EVENTS(1377) in h_events.prg
Called from _DOMESSAGELOOP(0)
Called from _ACTIVATEWINDOW(1311) in h_windows.prg
Called from R_MAIN_18SMART1(112) in MAIN.prg
Called from SS_CALLR(344) in SSLIB.prg
Called from MAIN(40) in MAIN.prg
------------------------------------------------------------------------
Application Internal Error - C:\Documents and Settings\”⁄œ\”ÿÕ «·„ﬂ »\ ÿ»Ìﬁ 45\Lesson\MAIN.exe
Terminated at: 2011.11.12 16:09:31
Unrecoverable error 6005: Exception error: 

    Exception Code:C0000005
    Exception Address:004C1D28
    EAX:0012ED74  EBX:004DD927  ECX:004DD927  EDX:0012ED58
    ESI:0012ED78  EDI:00000000  EBP:0012ED5C
    CS:EIP:001B:004C1D28  SS:ESP:0023:0012ED34
    DS:0023  ES:0023  FS:003B  GS:0000
    Flags:00010206
    CS:EIP: 8B 0F FF 51 14 A3 CC 33 57 00 8B 45 FC 50 E8 E1
    SS:ESP: 00000000 00572538 0012ED58 00000001 00000000 0012ED74 00F4836C 00000001 00000000 0018469C 0012EDCC 004C1F70 00000000 004DD927 0012ED74 0012ED78

    C stack:
    EIP:     EBP:       Frame: OldEBP, RetAddr, Params...
    004C1D28 0012ED5C   0012EDCC 004C1F70 00000000 004DD927 0012ED74 0012ED78 00EA073C 00000000 00A8DF04 004CFD50
    004C1F70 0012EDCC   0012EED0 00459830 00000003 004DB49C 00A8DF04 004CFFC0 00000000 3169D6E4 002C03FE 0000000F
    00459830 0012EED0   0012EF00 00401918 004D79BF 004CE2E0 0045F851 00000000 00A8DF04 0000006E 00000012 00000000
    00401918 0012EF00   0012F004 00459830 00000000 FFFFFFFF 00EA28BC 00A8DF04 004596F3 00000002 0052D9FE 00000000
    00459830 0012F004   0012F040 0045FA1C 004DB497 004CE2E0 0052DA72 00A8DF04 0052969C 0045F851 00000000 00A8DF04
    0045FA1C 0012F040   0012F144 00459830 00000000 0052D5E8 00000000 00A8DF04 00000010 00000000 000A0004 00000000
    00459830 0012F144   0012F16C 00415FF0 0052D9D4 0052929C 0045F678 0000005E 00000012 00000000 00000000 00000595
    00415FF0 0012F16C   0012F270 004596F3 00000001 004DB68D 00000000 00A8DF04 0012F208 0047FEC0 00EA27CC 0000000A
    004596F3 0012F270   0012F298 00415FA0 0052CD66 0052929C 0045F678 0000005B 00000012 00000000 00000000 0000050F
    00415FA0 0012F298   0012F39C 004596F3 00000002 004D108F 00A8DF04 004CE620 00000001 7FFDD000 00070001 00000004
    004596F3 0012F39C   0012F3CC 00401CD8 004DB43D 004CE2E0 0045F851 00000000 00A8DF04 00000058 00000012 00000000
    00401CD8 0012F3CC   0012F4D0 00459830 00000000 FFFFFFFE 00EA254C 00A8DF04 004596F3 00000002 0052DDCA 00000000
    00459830 0012F4D0   0012F50C 0045FA1C 004D1089 004CE2E0 0052DE6F 00A8DF04 0052969C 0045F851 00000000 00A8DF04
    0045FA1C 0012F50C   0012F610 00459830 00000001 0054ADAA 00000000 00A8DF04 0047C95F 00F4FAE4 00F64F34 00F64F24
    00459830 0012F610   0012F638 00416054 0052DD90 0052929C 0045F678 00000022 00000012 00EA186C 00000000 00000626
    00416054 0012F638   0012F73C 004596F3 00000002 0000F5C4 00A8DF04 005467C4 77D00494 77CDB378 FFFFFFFF 77CDB373
    004596F3 0012F73C   0012F76C 00418E90 00547698 005467C4 0045F7A1 00000111 000D02FC 00000020 00000012 00000000
    00418E90 0012F76C   0012F784 0040CC8A 00000004 0012F7EC 0040CC0C 00000000
    0040CC8A 0012F784   0012F7B0 77CD8709 000D02FC 00000111 0000F5C4 00000000 0040CC0C DCBAABCD 00000000 0012F7EC
    77CD8709 0012F7B0   0012F818 77CD87EB 0040CC0C 000D02FC 00000111 0000F5C4 00000000 0012F8E4 0012F8DC 007D7E98


Modules:
0x00400000 0x00197000 C:\Documents and Settings\”⁄œ\”ÿÕ «·„ﬂ »\ ÿ»Ìﬁ 45\Lesson\MAIN.exe
0x7C950000 0x000AD000 C:\WINDOWS\system32\ntdll.dll
0x7C800000 0x0014F000 C:\WINDOWS\system32\kernel32.dll
0x719F0000 0x00017000 C:\WINDOWS\system32\WS2_32.DLL
0x77BA0000 0x00058000 C:\WINDOWS\system32\msvcrt.dll
0x719E0000 0x00008000 C:\WINDOWS\system32\WS2HELP.dll
0x77F50000 0x000AB000 C:\WINDOWS\system32\ADVAPI32.dll
0x77D60000 0x00092000 C:\WINDOWS\system32\RPCRT4.dll
0x77ED0000 0x00011000 C:\WINDOWS\system32\Secur32.dll
0x75AC0000 0x00021000 C:\WINDOWS\system32\MSVFW32.DLL
0x77CD0000 0x0008F000 C:\WINDOWS\system32\USER32.dll
0x77E00000 0x00048000 C:\WINDOWS\system32\GDI32.dll
0x76AB0000 0x0002D000 C:\WINDOWS\system32\WINMM.dll
0x7CA00000 0x00812000 C:\WINDOWS\system32\SHELL32.dll
0x77E50000 0x00076000 C:\WINDOWS\system32\SHLWAPI.dll
0x77360000 0x00102000 C:\WINDOWS\WinSxS\x86_Microsoft.Windows.Common-Controls_6595b64144ccf1df_6.0.2600.2180_x-ww_a84f1ff9\COMCTL32.dll
0x77470000 0x0013C000 C:\WINDOWS\system32\OLE32.DLL
0x770B0000 0x0008C000 C:\WINDOWS\system32\OLEAUT32.DLL
0x5F280000 0x00017000 C:\WINDOWS\system32\OLEPRO32.DLL
0x762E0000 0x0001D000 C:\WINDOWS\system32\IMM32.DLL
0x62EB0000 0x00009000 C:\WINDOWS\system32\LPK.DLL
0x74CD0000 0x0006B000 C:\WINDOWS\system32\USP10.dll
0x74660000 0x0004B000 C:\WINDOWS\system32\MSCTF.dll
0x753E0000 0x0002E000 C:\WINDOWS\system32\msctfime.ime
0x5B1F0000 0x00038000 C:\WINDOWS\system32\UxTheme.dll
0x10000000 0x00008000 C:\Program Files\Internet Download Manager\idmmkb.dll
0x76F60000 0x0007F000 C:\WINDOWS\system32\CLBCATQ.DLL
0x76FE0000 0x000BF000 C:\WINDOWS\system32\COMRes.dll
0x77B90000 0x00008000 C:\WINDOWS\system32\VERSION.dll
0x4FAB0000 0x00083000 C:\Program Files\Common Files\System\ado\msado15.dll
0x76520000 0x00025000 C:\WINDOWS\system32\MSDART.DLL
0x76300000 0x00068000 C:\WINDOWS\system32\comdlg32.dll
0x20000000 0x0057B000 C:\WINDOWS\system32\xpsp2res.dll
0x73F10000 0x00077000 C:\Program Files\Common Files\System\Ole DB\oledb32.dll
0x75110000 0x00011000 C:\Program Files\Common Files\System\Ole DB\OLEDB32R.DLL
0x4C610000 0x0004D000 C:\Program Files\Common Files\System\Ole DB\msdasql.dll
0x61310000 0x00017000 C:\Program Files\Common Files\System\Ole DB\MSDATL3.dll
0x73F90000 0x0003D000 C:\WINDOWS\system32\ODBC32.dll
0x01260000 0x00017000 C:\WINDOWS\system32\odbcint.dll
0x01280000 0x00004000 C:\Program Files\Common Files\System\Ole DB\MSDASQLR.DLL
0x1B5D0000 0x00095000 C:\WINDOWS\system32\MSWSTR10.DLL
0x76590000 0x0013A000 C:\WINDOWS\system32\comsvcs.dll
0x59550000 0x00054000 C:\WINDOWS\system32\NETAPI32.dll
0x75030000 0x00013000 C:\WINDOWS\system32\MTXCLU.DLL
0x71A10000 0x00009000 C:\WINDOWS\system32\WSOCK32.dll
0x75070000 0x00014000 C:\WINDOWS\system32\colbact.DLL
0x76CA0000 0x00011000 C:\WINDOWS\system32\CLUSAPI.DLL
0x74FF0000 0x00012000 C:\WINDOWS\system32\RESUTILS.DLL
0x76930000 0x000B3000 C:\WINDOWS\system32\USERENV.dll
0x4C520000 0x00044000 C:\WINDOWS\system32\odbcjt32.dll
0x1B000000 0x00170000 C:\WINDOWS\system32\msjet40.dll
0x4CF60000 0x0000F000 C:\WINDOWS\system32\odbcji32.dll
0x1B2C0000 0x0000D000 C:\WINDOWS\system32\msjter40.dll
0x1B2D0000 0x00026000 C:\WINDOWS\system32\MSJINT40.DLL
0x75DE0000 0x000B0000 C:\WINDOWS\system32\SXS.DLL
0x1B810000 0x0003A000 C:\WINDOWS\system32\msjtes40.dll
0x0F9A0000 0x0000B000 C:\WINDOWS\system32\VBAJET32.DLL
0x0F9C0000 0x00062000 C:\WINDOWS\system32\expsrv.dll
0x4B880000 0x0000E000 C:\Program Files\Common Files\System\ado\msadrh15.dll
0x70DF0000 0x00013000 C:\WINDOWS\system32\asycfilt.dll
0x76A90000 0x00011000 C:\WINDOWS\system32\Atl.Dll
0x31690000 0x00023000 C:\WINDOWS\system32\SNAPVIEW.OCX
0x1A400000 0x00132000 C:\WINDOWS\system32\urlmon.dll
0x5DCA0000 0x001E8000 C:\WINDOWS\system32\iertutil.dll
0x72F50000 0x00026000 C:\WINDOWS\system32\WINSPOOL.DRV

Called from TOLEAUTO:OPENCURRENTDATABASE(0)
Called from ORDERSREPORTCLASS:SHOWREPORT(54) in MAIN.prg
Called from (b)ORDERSREPORTCLASS_SHOWWINDOW(56) in MAIN.prg
Called from _PROCESSINITPROCEDURE(1429) in h_windows.prg
Called from _ACTIVATEWINDOW(1295) in h_windows.prg
Called from ORDERSREPORTCLASS:SHOWWINDOW(81) in MAIN.prg
Called from (b)R_MAIN_18SMART1(94) in MAIN.prg
Called from _DOCONTROLEVENTPROCEDURE(1574) in h_windows.prg
Called from EVENTS(1377) in h_events.prg
Called from _DOMESSAGELOOP(0)
Called from _ACTIVATEWINDOW(1311) in h_windows.prg
Called from R_MAIN_18SMART1(112) in MAIN.prg
Called from SS_CALLR(344) in SSLIB.prg
Called from MAIN(40) in MAIN.prg
------------------------------------------------------------------------
