Application Internal Error - D:\doublesvsoop\PWCTStudents\Reem Mohammed\Session6\COPY.exe
Terminated at: 2011.10.11 20:36:14
Unrecoverable error 6005: Exception error: 

    Exception Code:C0000005
    Exception Address:731208D3
    EAX:007A78C8  EBX:7311CAFC  ECX:40000000  EDX:0000000E
    ESI:7313D0F8  EDI:7313D4B4  EBP:0012ED50
    CS:EIP:001B:731208D3  SS:ESP:0023:0012ED30
    DS:0023  ES:0023  FS:003B  GS:0000
    Flags:00010202
    CS:EIP: FF 51 08 EB DB 90 90 90 90 90 8B FF 56 8B 35 00
    SS:ESP: 007A78C8 0025E0F0 0025E0E8 7313D0B4 73120A10 00000001 00000000 00796068 0012EDB0 73120859 73110000 00000000 00000001 6FC37C6C 00000001 0012EDC4

    C stack:
    EIP:     EBP:       Frame: OldEBP, RetAddr, Params...
    731208D3 0012ED50   0012EDB0 73120859 73110000 00000000 00000001 6FC37C6C 00000001 0012EDC4 00796068 007961E8
    73120859 0012EDB0   0012EDD0 7738AF58 73110000 00000000 00000001 00796068 00000001 007961D8
    7738AF58 0012EDD0   0012EE74 7739387B 73119842 73110000 00000000 00000001 77E4AC61 77408340 77408380 00000000
    7739387B 0012EE74   0012EE88 773937EE 00517733 00000000 0034D154
    773937EE 0012EE88   0012EE9C 77142B04 00000000 77E8F3B0 FFFFFFFF
    77142B04 0012EE9C   0012EEC0 0040C3AB 00000000 0045ABF4 00000051 00000008 0034F744 00000000 00000000
    0040C3AB 0012EEC0   0012EFC4 00454C6F 00000001 005377E9 00000000 0034D154 00477EDB 0038624C 0000000F 00386240
    00454C6F 0012EFC4   0012EFEC 00415724 00517565 00512060 0045ABF4 00000022 00000008 0034F744 00000000 00000809
    00415724 0012EFEC   0012F0F0 00454C6F 00000000 00000000 0034D154 0052F5F4 00481294 003402BC 0048129D 0034EE54
    00454C6F 0012F0F0   0012F120 00418434 005304C8 0052F5F4 0045AD1D 00000010 0054040C 00000020 00000008 00000000
    00418434 0012F120   0012F138 0040C0FE 00000004 0012F1B4 00000010 00000000
    0040C0FE 0012F138   0012F164 771E86EF 0054040C 00000010 00000000 00000000 00000010 DCBAABCD 00000000 0012F1B4
    771E86EF 0012F164   0012F1DC 771E8876 0040C080 0054040C 00000010 00000000 00000000 6E1BE98D 00000000 0054040C
    771E8876 0012F1DC   0012F238 771E70F4 00000000 0040C080 0054040C 00000010 00000000 00000000 008C7744 00000001
    771E70F4 0012F238   0012F260 771E738F 008C7730 00000010 00000000 00000000 0040C080 0034D154 00000000 00000000
    771E738F 0012F260   0012F314 7737627E 0012F278 00000018 0012F400 77376230 008C7730 00000010 00000000 00000000
    7737627E 0012F314   0012F330 771DE0DB 0054040C 00000112 0000F060 001901E1 00000001
    771DE0DB 0012F330   0012F348 73FE5EEF 0054040C 00000112 0000F060 001901E1
    73FE5EEF 0012F348   0012F358 73FFD128 0012F374 01974758
    73FFD128 0012F358   0012F3AC 73FE1E09 01974758 0012F374 0000F060 00000112 0054040C 0054040C 00000112 0000F060


Modules:
0x00400000 0x00179000 D:\doublesvsoop\PWCTStudents\Reem Mohammed\Session6\COPY.exe
0x77330000 0x0013D000 C:\Windows\SYSTEM32\ntdll.dll
0x770F0000 0x000D4000 C:\Windows\system32\kernel32.dll
0x75500000 0x0004A000 C:\Windows\system32\KERNELBASE.dll
0x75C60000 0x00035000 C:\Windows\system32\WS2_32.DLL
0x75780000 0x000AC000 C:\Windows\system32\msvcrt.dll
0x76360000 0x000A1000 C:\Windows\system32\RPCRT4.dll
0x761B0000 0x00006000 C:\Windows\system32\NSI.dll
0x72B60000 0x00021000 C:\Windows\system32\MSVFW32.DLL
0x771D0000 0x000C9000 C:\Windows\system32\USER32.dll
0x75CA0000 0x0004E000 C:\Windows\system32\GDI32.dll
0x75EA0000 0x0000A000 C:\Windows\system32\LPK.dll
0x75BA0000 0x0009D000 C:\Windows\system32\USP10.dll
0x73470000 0x00032000 C:\Windows\system32\WINMM.dll
0x75AF0000 0x000A0000 C:\Windows\system32\ADVAPI32.dll
0x774C0000 0x00019000 C:\Windows\SYSTEM32\sechost.dll
0x76410000 0x00C49000 C:\Windows\system32\SHELL32.dll
0x76300000 0x00057000 C:\Windows\system32\SHLWAPI.dll
0x74130000 0x0019E000 C:\Windows\WinSxS\x86_microsoft.windows.common-controls_6595b64144ccf1df_6.0.7600.16661_none_420fe3fa2b8113bd\COMCTL32.dll
0x75890000 0x0015C000 C:\Windows\system32\OLE32.DLL
0x72B40000 0x00019000 C:\Windows\system32\OLEPRO32.DLL
0x77060000 0x0008F000 C:\Windows\system32\OLEAUT32.dll
0x75C40000 0x0001F000 C:\Windows\system32\IMM32.DLL
0x759F0000 0x000CC000 C:\Windows\system32\MSCTF.dll
0x73FE0000 0x00040000 C:\Windows\system32\uxtheme.dll
0x733C0000 0x00013000 C:\Windows\system32\dwmapi.dll
0x75400000 0x0000C000 C:\Windows\system32\CRYPTBASE.dll
0x6BD00000 0x00014000 C:\Windows\system32\asycfilt.dll
0x74780000 0x00039000 C:\Windows\system32\MMDevAPI.DLL
0x74650000 0x000F5000 C:\Windows\system32\PROPSYS.dll
0x73440000 0x00030000 C:\Windows\system32\wdmaud.drv
0x73430000 0x00004000 C:\Windows\system32\ksuser.dll
0x74750000 0x00007000 C:\Windows\system32\AVRT.dll
0x75D00000 0x0019D000 C:\Windows\system32\SETUPAPI.dll
0x75670000 0x00027000 C:\Windows\system32\CFGMGR32.dll
0x75760000 0x00012000 C:\Windows\system32\DEVOBJ.dll
0x73110000 0x00036000 C:\Windows\system32\AUDIOSES.DLL
0x73100000 0x00008000 C:\Windows\system32\msacm32.drv
0x730E0000 0x00014000 C:\Windows\system32\MSACM32.dll
0x730D0000 0x00007000 C:\Windows\system32\midimap.dll
0x772A0000 0x00083000 C:\Windows\system32\CLBCatQ.DLL

Called from EXITPROCESS(0)
Called from RELEASEALLWINDOWS(2057) in h_windows.prg
Called from EVENTS(2894) in h_events.prg
Called from _DOMESSAGELOOP(0)
Called from _ACTIVATEWINDOW(1311) in h_windows.prg
Called from R_COPY_18SMART1(114) in COPY.prg
Called from SS_CALLR(344) in SSLIB.prg
Called from MAIN(39) in COPY.prg
------------------------------------------------------------------------
Application Internal Error - D:\doublesvsoop\PWCTStudents\Reem Mohammed\Session6\COPY.exe
Terminated at: 2011.10.11 20:36:21
Unrecoverable error 6005: Exception error: 

    Exception Code:C0000005
    Exception Address:731208D3
    EAX:007A78C8  EBX:7311CAFC  ECX:40000000  EDX:0000000E
    ESI:7313D0F8  EDI:7313D4B4  EBP:0012ED50
    CS:EIP:001B:731208D3  SS:ESP:0023:0012ED30
    DS:0023  ES:0023  FS:003B  GS:0000
    Flags:00010202
    CS:EIP: FF 51 08 EB DB 90 90 90 90 90 8B FF 56 8B 35 00
    SS:ESP: 007A78C8 0025E0F0 0025E0E8 7313D0B4 73120A10 00000001 00000000 00796068 0012EDB0 73120859 73110000 00000000 00000001 6FC37C6C 00000001 0012EDC4

    C stack:
    EIP:     EBP:       Frame: OldEBP, RetAddr, Params...
    731208D3 0012ED50   0012EDB0 73120859 73110000 00000000 00000001 6FC37C6C 00000001 0012EDC4 00796068 007961E8
    73120859 0012EDB0   0012EDD0 7738AF58 73110000 00000000 00000001 00796068 00000001 007961D8
    7738AF58 0012EDD0   0012EE74 7739387B 73119842 73110000 00000000 00000001 77E4AC61 77408340 77408380 00000000
    7739387B 0012EE74   0012EE88 773937EE 00517733 00000000 0034D154
    773937EE 0012EE88   0012EE9C 77142B04 00000000 77E8F3B0 FFFFFFFF
    77142B04 0012EE9C   0012EEC0 0040C3AB 00000000 0045ABF4 00000051 00000008 0034F744 00000000 00000000
    0040C3AB 0012EEC0   0012EFC4 00454C6F 00000001 005377E9 00000000 0034D154 00477EDB 0038624C 0000000F 00386240
    00454C6F 0012EFC4   0012EFEC 00415724 00517565 00512060 0045ABF4 00000022 00000008 0034F744 00000000 00000809
    00415724 0012EFEC   0012F0F0 00454C6F 00000000 00000000 0034D154 0052F5F4 00481294 003402BC 0048129D 0034EE54
    00454C6F 0012F0F0   0012F120 00418434 005304C8 0052F5F4 0045AD1D 00000010 0054040C 00000020 00000008 00000000
    00418434 0012F120   0012F138 0040C0FE 00000004 0012F1B4 00000010 00000000
    0040C0FE 0012F138   0012F164 771E86EF 0054040C 00000010 00000000 00000000 00000010 DCBAABCD 00000000 0012F1B4
    771E86EF 0012F164   0012F1DC 771E8876 0040C080 0054040C 00000010 00000000 00000000 6E1BE98D 00000000 0054040C
    771E8876 0012F1DC   0012F238 771E70F4 00000000 0040C080 0054040C 00000010 00000000 00000000 008C7744 00000001
    771E70F4 0012F238   0012F260 771E738F 008C7730 00000010 00000000 00000000 0040C080 0034D154 00000000 00000000
    771E738F 0012F260   0012F314 7737627E 0012F278 00000018 0012F400 77376230 008C7730 00000010 00000000 00000000
    7737627E 0012F314   0012F330 771DE0DB 0054040C 00000112 0000F060 001901E1 00000001
    771DE0DB 0012F330   0012F348 73FE5EEF 0054040C 00000112 0000F060 001901E1
    73FE5EEF 0012F348   0012F358 73FFD128 0012F374 01974758
    73FFD128 0012F358   0012F3AC 73FE1E09 01974758 0012F374 0000F060 00000112 0054040C 0054040C 00000112 0000F060


Modules:
0x00400000 0x00179000 D:\doublesvsoop\PWCTStudents\Reem Mohammed\Session6\COPY.exe
0x77330000 0x0013D000 C:\Windows\SYSTEM32\ntdll.dll
0x770F0000 0x000D4000 C:\Windows\system32\kernel32.dll
0x75500000 0x0004A000 C:\Windows\system32\KERNELBASE.dll
0x75C60000 0x00035000 C:\Windows\system32\WS2_32.DLL
0x75780000 0x000AC000 C:\Windows\system32\msvcrt.dll
0x76360000 0x000A1000 C:\Windows\system32\RPCRT4.dll
0x761B0000 0x00006000 C:\Windows\system32\NSI.dll
0x72B60000 0x00021000 C:\Windows\system32\MSVFW32.DLL
0x771D0000 0x000C9000 C:\Windows\system32\USER32.dll
0x75CA0000 0x0004E000 C:\Windows\system32\GDI32.dll
0x75EA0000 0x0000A000 C:\Windows\system32\LPK.dll
0x75BA0000 0x0009D000 C:\Windows\system32\USP10.dll
0x73470000 0x00032000 C:\Windows\system32\WINMM.dll
0x75AF0000 0x000A0000 C:\Windows\system32\ADVAPI32.dll
0x774C0000 0x00019000 C:\Windows\SYSTEM32\sechost.dll
0x76410000 0x00C49000 C:\Windows\system32\SHELL32.dll
0x76300000 0x00057000 C:\Windows\system32\SHLWAPI.dll
0x74130000 0x0019E000 C:\Windows\WinSxS\x86_microsoft.windows.common-controls_6595b64144ccf1df_6.0.7600.16661_none_420fe3fa2b8113bd\COMCTL32.dll
0x75890000 0x0015C000 C:\Windows\system32\OLE32.DLL
0x72B40000 0x00019000 C:\Windows\system32\OLEPRO32.DLL
0x77060000 0x0008F000 C:\Windows\system32\OLEAUT32.dll
0x75C40000 0x0001F000 C:\Windows\system32\IMM32.DLL
0x759F0000 0x000CC000 C:\Windows\system32\MSCTF.dll
0x73FE0000 0x00040000 C:\Windows\system32\uxtheme.dll
0x733C0000 0x00013000 C:\Windows\system32\dwmapi.dll
0x75400000 0x0000C000 C:\Windows\system32\CRYPTBASE.dll
0x6BD00000 0x00014000 C:\Windows\system32\asycfilt.dll
0x74780000 0x00039000 C:\Windows\system32\MMDevAPI.DLL
0x74650000 0x000F5000 C:\Windows\system32\PROPSYS.dll
0x73440000 0x00030000 C:\Windows\system32\wdmaud.drv
0x73430000 0x00004000 C:\Windows\system32\ksuser.dll
0x74750000 0x00007000 C:\Windows\system32\AVRT.dll
0x75D00000 0x0019D000 C:\Windows\system32\SETUPAPI.dll
0x75670000 0x00027000 C:\Windows\system32\CFGMGR32.dll
0x75760000 0x00012000 C:\Windows\system32\DEVOBJ.dll
0x73110000 0x00036000 C:\Windows\system32\AUDIOSES.DLL
0x73100000 0x00008000 C:\Windows\system32\msacm32.drv
0x730E0000 0x00014000 C:\Windows\system32\MSACM32.dll
0x730D0000 0x00007000 C:\Windows\system32\midimap.dll
0x772A0000 0x00083000 C:\Windows\system32\CLBCatQ.DLL

Called from EXITPROCESS(0)
Called from RELEASEALLWINDOWS(2057) in h_windows.prg
Called from EVENTS(2894) in h_events.prg
Called from _DOMESSAGELOOP(0)
Called from _ACTIVATEWINDOW(1311) in h_windows.prg
Called from R_COPY_18SMART1(114) in COPY.prg
Called from SS_CALLR(344) in SSLIB.prg
Called from MAIN(39) in COPY.prg
------------------------------------------------------------------------
