Application Internal Error - C:\Users\ismai\Desktop\project data\MAIN.exe
Terminated at: 2012.05.19 14:46:09
Unrecoverable error 6005: Exception error: 

    Exception Code:C0000005
    Exception Address:CAFEDEAD
    EAX:004CD4A8  EBX:0022DE2C  ECX:0022E088  EDX:CAFEDEAD
    ESI:00000000  EDI:004CE060  EBP:0012FA08
    CS:EIP:001B:CAFEDEAD  SS:ESP:0023:0012F9F0
    DS:0023  ES:0023  FS:003B  GS:0000
    Flags:00010246
    CS:EIP:
    SS:ESP: 004253F4 00000011 00000008 00000000 00000000 00000000 0012FB0C 0041F4F2 00000000 0036314A 00000000 0022DE2C 00000000 00000000 00000000 00000000

    C stack:
    EIP:     EBP:       Frame: OldEBP, RetAddr, Params...
    CAFEDEAD 0012FA08   0012FB0C 0041F4F2 00000000 0036314A 00000000 0022DE2C 00000000 00000000 00000000 00000000
    0041F4F2 0012FB0C   0012FB34 004011C0 004CE04F 004CD2D8 004253F4 0000000B 00000008 00000000 00000000 00000039
    004011C0 0012FB34   0012FC38 0041F4F2 00000000 00000000 0022E614 00000000 00000008 0012FC60 00000000 0012FB74
    0041F4F2 0012FC38   0012FC48 0043938F 00363144 00000000
    0043938F 0012FC48   0012FCB4 004396B7 0012FC60 004D2FFE 00000000 0022DE2C 00000002 0000000B 0055F118 004CDFE3
    004396B7 0012FCB4   0012FDC0 004203F9 0022E614 00000000 0000000B 004CE031 00000000 0022DE2C 7FFD9000 77366B7E
    004203F9 0012FDC0   0012FDE8 00401540 004D2ED2 004D09F8 004253F4 00000001 00000000 00000000 00000000 00000158
    00401540 0012FDE8   0012FEEC 0041F46F 00000001 00000001 00000001 00563610 00000007 00000018 0022DE2C 00000058
    0041F46F 0012FEEC   0012FF14 00401184 004CDEEC 004CD2D8 004253F4 00000000 00000000 00000000 00000000 00000028
    00401184 0012FF14   0012FF30 0041E7BB 00220000 00000000 00000000 00241F07 00000000
    0041E7BB 0012FF30   0012FF50 0044E286 00000001 004CD268 00241F07 00240000 00000000 002609E0
    0044E286 0012FF50   0012FF80 004C9B43 00400000 00000000 00241F07 00000001 00000000 00000000 7FFD9000 00000000
    004C9B43 0012FF80   0012FF94 00000000 004CD268 764E1174 7FFD9000
    00000000 0012FF94   0012FFD4 7737B3F5 7FFD9000 771DC15B 00000000 00000000 7FFD9000 00000000 00000000 00000000
    7737B3F5 0012FFD4   0012FFEC 7737B3C8 00401000 7FFD9000 00000000 00000000


Modules:
0x00400000 0x00187000 C:\Users\ismai\Desktop\project data\MAIN.exe
0x77320000 0x0013C000 C:\Windows\SYSTEM32\ntdll.dll
0x76490000 0x000D4000 C:\Windows\system32\kernel32.dll
0x75760000 0x0004A000 C:\Windows\system32\KERNELBASE.dll
0x76180000 0x00035000 C:\Windows\system32\WS2_32.DLL
0x77490000 0x000AC000 C:\Windows\system32\msvcrt.dll
0x75EE0000 0x000A1000 C:\Windows\system32\RPCRT4.dll
0x77540000 0x00006000 C:\Windows\system32\NSI.dll
0x72690000 0x00021000 C:\Windows\system32\MSVFW32.DLL
0x76360000 0x000C9000 C:\Windows\system32\USER32.dll
0x75DA0000 0x0004E000 C:\Windows\system32\GDI32.dll
0x75F90000 0x0000A000 C:\Windows\system32\LPK.dll
0x75FA0000 0x0009D000 C:\Windows\system32\USP10.dll
0x71320000 0x00032000 C:\Windows\system32\WINMM.dll
0x75C70000 0x000A0000 C:\Windows\system32\ADVAPI32.dll
0x77460000 0x00019000 C:\Windows\SYSTEM32\sechost.dll
0x766D0000 0x00C49000 C:\Windows\system32\SHELL32.dll
0x75DF0000 0x00057000 C:\Windows\system32\SHLWAPI.dll
0x743A0000 0x0019E000 C:\Windows\WinSxS\x86_microsoft.windows.common-controls_6595b64144ccf1df_6.0.7600.16385_none_421189da2b7fabfc\COMCTL32.dll
0x76570000 0x0015C000 C:\Windows\system32\OLE32.DLL
0x75D10000 0x0008F000 C:\Windows\system32\OLEAUT32.DLL
0x704F0000 0x00019000 C:\Windows\system32\OLEPRO32.DLL
0x76040000 0x0001F000 C:\Windows\system32\IMM32.DLL
0x75950000 0x000CC000 C:\Windows\system32\MSCTF.dll
0x75490000 0x0000C000 C:\Windows\system32\CRYPTBASE.dll
0x742F0000 0x00040000 C:\Windows\system32\uxtheme.dll

Called from CUSTOMERSCLASSWINDOW(0)
Called from R_MAIN_18SMART1(57) in c:\users\ismai\desktop\project data\MAIN.PRG
Called from SS_CALLR(344) in SSLIB.prg
Called from MAIN(40) in c:\users\ismai\desktop\project data\MAIN.PRG
------------------------------------------------------------------------
Application Internal Error - C:\Users\ismai\Desktop\project data\MAIN.exe
Terminated at: 2012.05.19 14:46:19
Unrecoverable error 6005: Exception error: 

    Exception Code:C0000005
    Exception Address:CAFEDEAD
    EAX:004CD4A8  EBX:0022DE2C  ECX:0022E088  EDX:CAFEDEAD
    ESI:00000000  EDI:004CE060  EBP:0012FA08
    CS:EIP:001B:CAFEDEAD  SS:ESP:0023:0012F9F0
    DS:0023  ES:0023  FS:003B  GS:0000
    Flags:00010246
    CS:EIP:
    SS:ESP: 004253F4 00000011 00000008 00000000 00000000 00000000 0012FB0C 0041F4F2 00000000 0036314A 00000000 0022DE2C 00000000 00000000 00000000 00000000

    C stack:
    EIP:     EBP:       Frame: OldEBP, RetAddr, Params...
    CAFEDEAD 0012FA08   0012FB0C 0041F4F2 00000000 0036314A 00000000 0022DE2C 00000000 00000000 00000000 00000000
    0041F4F2 0012FB0C   0012FB34 004011C0 004CE04F 004CD2D8 004253F4 0000000B 00000008 00000000 00000000 00000039
    004011C0 0012FB34   0012FC38 0041F4F2 00000000 00000000 0022E614 00000000 00000008 0012FC60 00000000 0012FB74
    0041F4F2 0012FC38   0012FC48 0043938F 00363144 00000000
    0043938F 0012FC48   0012FCB4 004396B7 0012FC60 004D2FFE 00000000 0022DE2C 00000002 0000000B 0055F118 004CDFE3
    004396B7 0012FCB4   0012FDC0 004203F9 0022E614 00000000 0000000B 004CE031 00000000 0022DE2C 7FFD9000 77366B7E
    004203F9 0012FDC0   0012FDE8 00401540 004D2ED2 004D09F8 004253F4 00000001 00000000 00000000 00000000 00000158
    00401540 0012FDE8   0012FEEC 0041F46F 00000001 00000001 00000001 00563610 00000007 00000018 0022DE2C 00000058
    0041F46F 0012FEEC   0012FF14 00401184 004CDEEC 004CD2D8 004253F4 00000000 00000000 00000000 00000000 00000028
    00401184 0012FF14   0012FF30 0041E7BB 00220000 00000000 00000000 00241F07 00000000
    0041E7BB 0012FF30   0012FF50 0044E286 00000001 004CD268 00241F07 00240000 00000000 002609E0
    0044E286 0012FF50   0012FF80 004C9B43 00400000 00000000 00241F07 00000001 00000000 00000000 7FFD9000 00000000
    004C9B43 0012FF80   0012FF94 00000000 004CD268 764E1174 7FFD9000
    00000000 0012FF94   0012FFD4 7737B3F5 7FFD9000 771DC15B 00000000 00000000 7FFD9000 C0000005 764F2B35 764F2B35
    7737B3F5 0012FFD4   0012FFEC 7737B3C8 00401000 7FFD9000 00000000 00000000


Modules:
0x00400000 0x00187000 C:\Users\ismai\Desktop\project data\MAIN.exe
0x77320000 0x0013C000 C:\Windows\SYSTEM32\ntdll.dll
0x76490000 0x000D4000 C:\Windows\system32\kernel32.dll
0x75760000 0x0004A000 C:\Windows\system32\KERNELBASE.dll
0x76180000 0x00035000 C:\Windows\system32\WS2_32.DLL
0x77490000 0x000AC000 C:\Windows\system32\msvcrt.dll
0x75EE0000 0x000A1000 C:\Windows\system32\RPCRT4.dll
0x77540000 0x00006000 C:\Windows\system32\NSI.dll
0x72690000 0x00021000 C:\Windows\system32\MSVFW32.DLL
0x76360000 0x000C9000 C:\Windows\system32\USER32.dll
0x75DA0000 0x0004E000 C:\Windows\system32\GDI32.dll
0x75F90000 0x0000A000 C:\Windows\system32\LPK.dll
0x75FA0000 0x0009D000 C:\Windows\system32\USP10.dll
0x71320000 0x00032000 C:\Windows\system32\WINMM.dll
0x75C70000 0x000A0000 C:\Windows\system32\ADVAPI32.dll
0x77460000 0x00019000 C:\Windows\SYSTEM32\sechost.dll
0x766D0000 0x00C49000 C:\Windows\system32\SHELL32.dll
0x75DF0000 0x00057000 C:\Windows\system32\SHLWAPI.dll
0x743A0000 0x0019E000 C:\Windows\WinSxS\x86_microsoft.windows.common-controls_6595b64144ccf1df_6.0.7600.16385_none_421189da2b7fabfc\COMCTL32.dll
0x76570000 0x0015C000 C:\Windows\system32\OLE32.DLL
0x75D10000 0x0008F000 C:\Windows\system32\OLEAUT32.DLL
0x704F0000 0x00019000 C:\Windows\system32\OLEPRO32.DLL
0x76040000 0x0001F000 C:\Windows\system32\IMM32.DLL
0x75950000 0x000CC000 C:\Windows\system32\MSCTF.dll
0x75490000 0x0000C000 C:\Windows\system32\CRYPTBASE.dll
0x742F0000 0x00040000 C:\Windows\system32\uxtheme.dll

Called from CUSTOMERSCLASSWINDOW(0)
Called from R_MAIN_18SMART1(57) in c:\users\ismai\desktop\project data\MAIN.PRG
Called from SS_CALLR(344) in SSLIB.prg
Called from MAIN(40) in c:\users\ismai\desktop\project data\MAIN.PRG
------------------------------------------------------------------------
Application Internal Error - C:\Users\ismai\Desktop\project data\MAIN.exe
Terminated at: 2012.05.19 14:46:56
Unrecoverable error 6005: Exception error: 

    Exception Code:C0000005
    Exception Address:CAFEDEAD
    EAX:004CD4A8  EBX:0032DE2C  ECX:0032E088  EDX:CAFEDEAD
    ESI:00000000  EDI:004CE060  EBP:0012FA08
    CS:EIP:001B:CAFEDEAD  SS:ESP:0023:0012F9F0
    DS:0023  ES:0023  FS:003B  GS:0000
    Flags:00010246
    CS:EIP:
    SS:ESP: 004253F4 00000011 00000008 00000000 00000000 00000000 0012FB0C 0041F4F2 00000000 00343182 00000000 0032DE2C 00000000 00000000 00000000 00000000

    C stack:
    EIP:     EBP:       Frame: OldEBP, RetAddr, Params...
    CAFEDEAD 0012FA08   0012FB0C 0041F4F2 00000000 00343182 00000000 0032DE2C 00000000 00000000 00000000 00000000
    0041F4F2 0012FB0C   0012FB34 004011C0 004CE04F 004CD2D8 004253F4 0000000B 00000008 00000000 00000000 00000039
    004011C0 0012FB34   0012FC38 0041F4F2 00000000 00000000 0032E614 00000000 00000008 0012FC60 00000000 0012FB74
    0041F4F2 0012FC38   0012FC48 0043938F 0034317C 00000000
    0043938F 0012FC48   0012FCB4 004396B7 0012FC60 004D2FFA 00000000 0032DE2C 00000002 0000000B 0055F114 004CDFE3
    004396B7 0012FCB4   0012FDC0 004203F9 0032E614 00000000 0000000B 004CE031 00000000 0032DE2C 7FFDC000 77366B7E
    004203F9 0012FDC0   0012FDE8 00401540 004D2ECE 004D09F4 004253F4 00000001 00000000 00000000 00000000 00000158
    00401540 0012FDE8   0012FEEC 0041F46F 00000001 00000001 00000001 0056360C 00000007 00000018 0032DE2C 00000058
    0041F46F 0012FEEC   0012FF14 00401184 004CDEEC 004CD2D8 004253F4 00000000 00000000 00000000 00000000 00000028
    00401184 0012FF14   0012FF30 0041E7BB 00320000 00000000 00000000 001B1F07 00000000
    0041E7BB 0012FF30   0012FF50 0044E286 00000001 004CD268 001B1F07 001B0000 00000000 001D09E0
    0044E286 0012FF50   0012FF80 004C9B43 00400000 00000000 001B1F07 00000001 00000000 00000000 7FFDC000 00000000
    004C9B43 0012FF80   0012FF94 00000000 004CD268 764E1174 7FFDC000
    00000000 0012FF94   0012FFD4 7737B3F5 7FFDC000 771C894C 00000000 00000000 7FFDC000 00000000 00000000 00000000
    7737B3F5 0012FFD4   0012FFEC 7737B3C8 00401000 7FFDC000 00000000 00000000


Modules:
0x00400000 0x00187000 C:\Users\ismai\Desktop\project data\MAIN.exe
0x77320000 0x0013C000 C:\Windows\SYSTEM32\ntdll.dll
0x76490000 0x000D4000 C:\Windows\system32\kernel32.dll
0x75760000 0x0004A000 C:\Windows\system32\KERNELBASE.dll
0x76180000 0x00035000 C:\Windows\system32\WS2_32.DLL
0x77490000 0x000AC000 C:\Windows\system32\msvcrt.dll
0x75EE0000 0x000A1000 C:\Windows\system32\RPCRT4.dll
0x77540000 0x00006000 C:\Windows\system32\NSI.dll
0x726A0000 0x00021000 C:\Windows\system32\MSVFW32.DLL
0x76360000 0x000C9000 C:\Windows\system32\USER32.dll
0x75DA0000 0x0004E000 C:\Windows\system32\GDI32.dll
0x75F90000 0x0000A000 C:\Windows\system32\LPK.dll
0x75FA0000 0x0009D000 C:\Windows\system32\USP10.dll
0x71320000 0x00032000 C:\Windows\system32\WINMM.dll
0x75C70000 0x000A0000 C:\Windows\system32\ADVAPI32.dll
0x77460000 0x00019000 C:\Windows\SYSTEM32\sechost.dll
0x766D0000 0x00C49000 C:\Windows\system32\SHELL32.dll
0x75DF0000 0x00057000 C:\Windows\system32\SHLWAPI.dll
0x743A0000 0x0019E000 C:\Windows\WinSxS\x86_microsoft.windows.common-controls_6595b64144ccf1df_6.0.7600.16385_none_421189da2b7fabfc\COMCTL32.dll
0x76570000 0x0015C000 C:\Windows\system32\OLE32.DLL
0x75D10000 0x0008F000 C:\Windows\system32\OLEAUT32.DLL
0x704F0000 0x00019000 C:\Windows\system32\OLEPRO32.DLL
0x76040000 0x0001F000 C:\Windows\system32\IMM32.DLL
0x75950000 0x000CC000 C:\Windows\system32\MSCTF.dll
0x75490000 0x0000C000 C:\Windows\system32\CRYPTBASE.dll
0x742F0000 0x00040000 C:\Windows\system32\uxtheme.dll

Called from CUSTOMERSDATACLASS(0)
Called from R_MAIN_18SMART1(57) in c:\users\ismai\desktop\project data\MAIN.PRG
Called from SS_CALLR(344) in SSLIB.prg
Called from MAIN(40) in c:\users\ismai\desktop\project data\MAIN.PRG
------------------------------------------------------------------------
Application Internal Error - C:\Users\ismai\Desktop\project data\MAIN.exe
Terminated at: 2012.05.19 14:47:01
Unrecoverable error 6005: Exception error: 

    Exception Code:C0000005
    Exception Address:CAFEDEAD
    EAX:004CD4A8  EBX:0032DE2C  ECX:0032E088  EDX:CAFEDEAD
    ESI:00000000  EDI:004CE060  EBP:0012FA08
    CS:EIP:001B:CAFEDEAD  SS:ESP:0023:0012F9F0
    DS:0023  ES:0023  FS:003B  GS:0000
    Flags:00010246
    CS:EIP:
    SS:ESP: 004253F4 00000011 00000008 00000000 00000000 00000000 0012FB0C 0041F4F2 00000000 00343182 00000000 0032DE2C 00000000 00000000 00000000 00000000

    C stack:
    EIP:     EBP:       Frame: OldEBP, RetAddr, Params...
    CAFEDEAD 0012FA08   0012FB0C 0041F4F2 00000000 00343182 00000000 0032DE2C 00000000 00000000 00000000 00000000
    0041F4F2 0012FB0C   0012FB34 004011C0 004CE04F 004CD2D8 004253F4 0000000B 00000008 00000000 00000000 00000039
    004011C0 0012FB34   0012FC38 0041F4F2 00000000 00000000 0032E614 00000000 00000008 0012FC60 00000000 0012FB74
    0041F4F2 0012FC38   0012FC48 0043938F 0034317C 00000000
    0043938F 0012FC48   0012FCB4 004396B7 0012FC60 004D2FFA 00000000 0032DE2C 00000002 0000000B 0055F114 004CDFE3
    004396B7 0012FCB4   0012FDC0 004203F9 0032E614 00000000 0000000B 004CE031 00000000 0032DE2C 7FFDC000 77366B7E
    004203F9 0012FDC0   0012FDE8 00401540 004D2ECE 004D09F4 004253F4 00000001 00000000 00000000 00000000 00000158
    00401540 0012FDE8   0012FEEC 0041F46F 00000001 00000001 00000001 0056360C 00000007 00000018 0032DE2C 00000058
    0041F46F 0012FEEC   0012FF14 00401184 004CDEEC 004CD2D8 004253F4 00000000 00000000 00000000 00000000 00000028
    00401184 0012FF14   0012FF30 0041E7BB 00320000 00000000 00000000 001B1F07 00000000
    0041E7BB 0012FF30   0012FF50 0044E286 00000001 004CD268 001B1F07 001B0000 00000000 001D09E0
    0044E286 0012FF50   0012FF80 004C9B43 00400000 00000000 001B1F07 00000001 00000000 00000000 7FFDC000 00000000
    004C9B43 0012FF80   0012FF94 00000000 004CD268 764E1174 7FFDC000
    00000000 0012FF94   0012FFD4 7737B3F5 7FFDC000 771C894C 00000000 00000000 7FFDC000 C0000005 764F2B35 764F2B35
    7737B3F5 0012FFD4   0012FFEC 7737B3C8 00401000 7FFDC000 00000000 00000000


Modules:
0x00400000 0x00187000 C:\Users\ismai\Desktop\project data\MAIN.exe
0x77320000 0x0013C000 C:\Windows\SYSTEM32\ntdll.dll
0x76490000 0x000D4000 C:\Windows\system32\kernel32.dll
0x75760000 0x0004A000 C:\Windows\system32\KERNELBASE.dll
0x76180000 0x00035000 C:\Windows\system32\WS2_32.DLL
0x77490000 0x000AC000 C:\Windows\system32\msvcrt.dll
0x75EE0000 0x000A1000 C:\Windows\system32\RPCRT4.dll
0x77540000 0x00006000 C:\Windows\system32\NSI.dll
0x726A0000 0x00021000 C:\Windows\system32\MSVFW32.DLL
0x76360000 0x000C9000 C:\Windows\system32\USER32.dll
0x75DA0000 0x0004E000 C:\Windows\system32\GDI32.dll
0x75F90000 0x0000A000 C:\Windows\system32\LPK.dll
0x75FA0000 0x0009D000 C:\Windows\system32\USP10.dll
0x71320000 0x00032000 C:\Windows\system32\WINMM.dll
0x75C70000 0x000A0000 C:\Windows\system32\ADVAPI32.dll
0x77460000 0x00019000 C:\Windows\SYSTEM32\sechost.dll
0x766D0000 0x00C49000 C:\Windows\system32\SHELL32.dll
0x75DF0000 0x00057000 C:\Windows\system32\SHLWAPI.dll
0x743A0000 0x0019E000 C:\Windows\WinSxS\x86_microsoft.windows.common-controls_6595b64144ccf1df_6.0.7600.16385_none_421189da2b7fabfc\COMCTL32.dll
0x76570000 0x0015C000 C:\Windows\system32\OLE32.DLL
0x75D10000 0x0008F000 C:\Windows\system32\OLEAUT32.DLL
0x704F0000 0x00019000 C:\Windows\system32\OLEPRO32.DLL
0x76040000 0x0001F000 C:\Windows\system32\IMM32.DLL
0x75950000 0x000CC000 C:\Windows\system32\MSCTF.dll
0x75490000 0x0000C000 C:\Windows\system32\CRYPTBASE.dll
0x742F0000 0x00040000 C:\Windows\system32\uxtheme.dll

Called from CUSTOMERSDATACLASS(0)
Called from R_MAIN_18SMART1(57) in c:\users\ismai\desktop\project data\MAIN.PRG
Called from SS_CALLR(344) in SSLIB.prg
Called from MAIN(40) in c:\users\ismai\desktop\project data\MAIN.PRG
------------------------------------------------------------------------
Application Internal Error - C:\Users\ismai\Desktop\project data\MAIN.exe
Terminated at: 2012.05.19 14:48:45
Unrecoverable error 6005: Exception error: 

    Exception Code:C0000005
    Exception Address:CAFEDEAD
    EAX:004CD4A8  EBX:0032DE2C  ECX:0032E088  EDX:CAFEDEAD
    ESI:00000000  EDI:004CE060  EBP:0012FA08
    CS:EIP:001B:CAFEDEAD  SS:ESP:0023:0012F9F0
    DS:0023  ES:0023  FS:003B  GS:0000
    Flags:00010246
    CS:EIP:
    SS:ESP: 004253F4 00000011 00000008 00000000 00000000 00000000 0012FB0C 0041F4F2 00000000 003A3172 00000000 0032DE2C 00000000 00000000 00000000 00000000

    C stack:
    EIP:     EBP:       Frame: OldEBP, RetAddr, Params...
    CAFEDEAD 0012FA08   0012FB0C 0041F4F2 00000000 003A3172 00000000 0032DE2C 00000000 00000000 00000000 00000000
    0041F4F2 0012FB0C   0012FB34 004011C0 004CE04F 004CD2D8 004253F4 0000000B 00000008 00000000 00000000 00000039
    004011C0 0012FB34   0012FC38 0041F4F2 00000000 00000000 0032E614 00000000 00000008 0012FC60 00000000 0012FB74
    0041F4F2 0012FC38   0012FC48 0043938F 003A316C 00000000
    0043938F 0012FC48   0012FCB4 004396B7 0012FC60 004D2FFA 00000000 0032DE2C 00000002 0000000B 0055F114 004CDFE3
    004396B7 0012FCB4   0012FDC0 004203F9 0032E614 00000000 0000000B 004CE031 00000000 0032DE2C 7FFDD000 77366B7E
    004203F9 0012FDC0   0012FDE8 00401540 004D2ECE 004D09F4 004253F4 00000001 00000000 00000000 00000000 00000158
    00401540 0012FDE8   0012FEEC 0041F46F 00000001 00000001 00000001 0056360C 00000007 00000018 0032DE2C 00000058
    0041F46F 0012FEEC   0012FF14 00401184 004CDEEC 004CD2D8 004253F4 00000000 00000000 00000000 00000000 00000028
    00401184 0012FF14   0012FF30 0041E7BB 00320000 00000000 00000000 00221F07 00000000
    0041E7BB 0012FF30   0012FF50 0044E286 00000001 004CD268 00221F07 00220000 00000000 002409E0
    0044E286 0012FF50   0012FF80 004C9B43 00400000 00000000 00221F07 00000001 00000000 00000000 7FFDD000 00000000
    004C9B43 0012FF80   0012FF94 00000000 004CD268 764E1174 7FFDD000
    00000000 0012FF94   0012FFD4 7737B3F5 7FFDD000 771F219C 00000000 00000000 7FFDD000 00000000 00000000 00000000
    7737B3F5 0012FFD4   0012FFEC 7737B3C8 00401000 7FFDD000 00000000 00000000


Modules:
0x00400000 0x00187000 C:\Users\ismai\Desktop\project data\MAIN.exe
0x77320000 0x0013C000 C:\Windows\SYSTEM32\ntdll.dll
0x76490000 0x000D4000 C:\Windows\system32\kernel32.dll
0x75760000 0x0004A000 C:\Windows\system32\KERNELBASE.dll
0x76180000 0x00035000 C:\Windows\system32\WS2_32.DLL
0x77490000 0x000AC000 C:\Windows\system32\msvcrt.dll
0x75EE0000 0x000A1000 C:\Windows\system32\RPCRT4.dll
0x77540000 0x00006000 C:\Windows\system32\NSI.dll
0x72780000 0x00021000 C:\Windows\system32\MSVFW32.DLL
0x76360000 0x000C9000 C:\Windows\system32\USER32.dll
0x75DA0000 0x0004E000 C:\Windows\system32\GDI32.dll
0x75F90000 0x0000A000 C:\Windows\system32\LPK.dll
0x75FA0000 0x0009D000 C:\Windows\system32\USP10.dll
0x71320000 0x00032000 C:\Windows\system32\WINMM.dll
0x75C70000 0x000A0000 C:\Windows\system32\ADVAPI32.dll
0x77460000 0x00019000 C:\Windows\SYSTEM32\sechost.dll
0x766D0000 0x00C49000 C:\Windows\system32\SHELL32.dll
0x75DF0000 0x00057000 C:\Windows\system32\SHLWAPI.dll
0x743A0000 0x0019E000 C:\Windows\WinSxS\x86_microsoft.windows.common-controls_6595b64144ccf1df_6.0.7600.16385_none_421189da2b7fabfc\COMCTL32.dll
0x76570000 0x0015C000 C:\Windows\system32\OLE32.DLL
0x75D10000 0x0008F000 C:\Windows\system32\OLEAUT32.DLL
0x704F0000 0x00019000 C:\Windows\system32\OLEPRO32.DLL
0x76040000 0x0001F000 C:\Windows\system32\IMM32.DLL
0x75950000 0x000CC000 C:\Windows\system32\MSCTF.dll
0x75490000 0x0000C000 C:\Windows\system32\CRYPTBASE.dll
0x742F0000 0x00040000 C:\Windows\system32\uxtheme.dll

Called from CUSTOMERSDATACLASS(0)
Called from R_MAIN_18SMART1(57) in c:\users\ismai\desktop\project data\MAIN.PRG
Called from SS_CALLR(344) in SSLIB.prg
Called from MAIN(40) in c:\users\ismai\desktop\project data\MAIN.PRG
------------------------------------------------------------------------
Application Internal Error - C:\Users\ismai\Desktop\project data\MAIN.exe
Terminated at: 2012.05.19 14:49:04
Unrecoverable error 6005: Exception error: 

    Exception Code:C0000005
    Exception Address:CAFEDEAD
    EAX:004CD4A8  EBX:0032DE2C  ECX:0032E088  EDX:CAFEDEAD
    ESI:00000000  EDI:004CE060  EBP:0012FA08
    CS:EIP:001B:CAFEDEAD  SS:ESP:0023:0012F9F0
    DS:0023  ES:0023  FS:003B  GS:0000
    Flags:00010246
    CS:EIP:
    SS:ESP: 004253F4 00000011 00000008 00000000 00000000 00000000 0012FB0C 0041F4F2 00000000 003A3172 00000000 0032DE2C 00000000 00000000 00000000 00000000

    C stack:
    EIP:     EBP:       Frame: OldEBP, RetAddr, Params...
    CAFEDEAD 0012FA08   0012FB0C 0041F4F2 00000000 003A3172 00000000 0032DE2C 00000000 00000000 00000000 00000000
    0041F4F2 0012FB0C   0012FB34 004011C0 004CE04F 004CD2D8 004253F4 0000000B 00000008 00000000 00000000 00000039
    004011C0 0012FB34   0012FC38 0041F4F2 00000000 00000000 0032E614 00000000 00000008 0012FC60 00000000 0012FB74
    0041F4F2 0012FC38   0012FC48 0043938F 003A316C 00000000
    0043938F 0012FC48   0012FCB4 004396B7 0012FC60 004D2FFA 00000000 0032DE2C 00000002 0000000B 0055F114 004CDFE3
    004396B7 0012FCB4   0012FDC0 004203F9 0032E614 00000000 0000000B 004CE031 00000000 0032DE2C 7FFDD000 77366B7E
    004203F9 0012FDC0   0012FDE8 00401540 004D2ECE 004D09F4 004253F4 00000001 00000000 00000000 00000000 00000158
    00401540 0012FDE8   0012FEEC 0041F46F 00000001 00000001 00000001 0056360C 00000007 00000018 0032DE2C 00000058
    0041F46F 0012FEEC   0012FF14 00401184 004CDEEC 004CD2D8 004253F4 00000000 00000000 00000000 00000000 00000028
    00401184 0012FF14   0012FF30 0041E7BB 00320000 00000000 00000000 00221F07 00000000
    0041E7BB 0012FF30   0012FF50 0044E286 00000001 004CD268 00221F07 00220000 00000000 002409E0
    0044E286 0012FF50   0012FF80 004C9B43 00400000 00000000 00221F07 00000001 00000000 00000000 7FFDD000 00000000
    004C9B43 0012FF80   0012FF94 00000000 004CD268 764E1174 7FFDD000
    00000000 0012FF94   0012FFD4 7737B3F5 7FFDD000 771F219C 00000000 00000000 7FFDD000 C0000005 764F2B35 764F2B35
    7737B3F5 0012FFD4   0012FFEC 7737B3C8 00401000 7FFDD000 00000000 00000000


Modules:
0x00400000 0x00187000 C:\Users\ismai\Desktop\project data\MAIN.exe
0x77320000 0x0013C000 C:\Windows\SYSTEM32\ntdll.dll
0x76490000 0x000D4000 C:\Windows\system32\kernel32.dll
0x75760000 0x0004A000 C:\Windows\system32\KERNELBASE.dll
0x76180000 0x00035000 C:\Windows\system32\WS2_32.DLL
0x77490000 0x000AC000 C:\Windows\system32\msvcrt.dll
0x75EE0000 0x000A1000 C:\Windows\system32\RPCRT4.dll
0x77540000 0x00006000 C:\Windows\system32\NSI.dll
0x72780000 0x00021000 C:\Windows\system32\MSVFW32.DLL
0x76360000 0x000C9000 C:\Windows\system32\USER32.dll
0x75DA0000 0x0004E000 C:\Windows\system32\GDI32.dll
0x75F90000 0x0000A000 C:\Windows\system32\LPK.dll
0x75FA0000 0x0009D000 C:\Windows\system32\USP10.dll
0x71320000 0x00032000 C:\Windows\system32\WINMM.dll
0x75C70000 0x000A0000 C:\Windows\system32\ADVAPI32.dll
0x77460000 0x00019000 C:\Windows\SYSTEM32\sechost.dll
0x766D0000 0x00C49000 C:\Windows\system32\SHELL32.dll
0x75DF0000 0x00057000 C:\Windows\system32\SHLWAPI.dll
0x743A0000 0x0019E000 C:\Windows\WinSxS\x86_microsoft.windows.common-controls_6595b64144ccf1df_6.0.7600.16385_none_421189da2b7fabfc\COMCTL32.dll
0x76570000 0x0015C000 C:\Windows\system32\OLE32.DLL
0x75D10000 0x0008F000 C:\Windows\system32\OLEAUT32.DLL
0x704F0000 0x00019000 C:\Windows\system32\OLEPRO32.DLL
0x76040000 0x0001F000 C:\Windows\system32\IMM32.DLL
0x75950000 0x000CC000 C:\Windows\system32\MSCTF.dll
0x75490000 0x0000C000 C:\Windows\system32\CRYPTBASE.dll
0x742F0000 0x00040000 C:\Windows\system32\uxtheme.dll

Called from CUSTOMERSDATACLASS(0)
Called from R_MAIN_18SMART1(57) in c:\users\ismai\desktop\project data\MAIN.PRG
Called from SS_CALLR(344) in SSLIB.prg
Called from MAIN(40) in c:\users\ismai\desktop\project data\MAIN.PRG
------------------------------------------------------------------------
Application Internal Error - C:\Users\ismai\Desktop\project data\MAIN.exe
Terminated at: 2012.05.21 15:57:39
Unrecoverable error 6005: Exception error: 

    Exception Code:C0000005
    Exception Address:CAFEDEAD
    EAX:004CD4F0  EBX:0022E2EC  ECX:0022E548  EDX:CAFEDEAD
    ESI:00000000  EDI:004CE7FE  EBP:0012FA08
    CS:EIP:001B:CAFEDEAD  SS:ESP:0023:0012F9F0
    DS:0023  ES:0023  FS:003B  GS:0000
    Flags:00010246
    CS:EIP:
    SS:ESP: 0042561C 00000011 00000008 00000000 00000000 00000000 0012FB0C 0041F71A 00000000 00244B0A 00000000 0022E2EC 00000000 00000000 00000000 00000000

    C stack:
    EIP:     EBP:       Frame: OldEBP, RetAddr, Params...
    CAFEDEAD 0012FA08   0012FB0C 0041F71A 00000000 00244B0A 00000000 0022E2EC 00000000 00000000 00000000 00000000
    0041F71A 0012FB0C   0012FB34 004011C0 004CE7D7 004CD2E0 0042561C 0000000B 00000008 00000000 00000000 0000003D
    004011C0 0012FB34   0012FC38 0041F71A 00000000 00000000 0022EAD4 00000000 00000008 0012FC60 00000000 0012FB74
    0041F71A 0012FC38   0012FC48 004395B7 00244B04 00000000
    004395B7 0012FC48   0012FCB4 004398DF 0012FC60 004D5D6E 00000000 0022E2EC 00000002 0000000B 00562744 004CE76B
    004398DF 0012FCB4   0012FDC0 00420621 0022EAD4 00000000 0000000B 004CE7B9 00000000 0022E2EC 7FFDC000 77486B7E
    00420621 0012FDC0   0012FDE8 00401720 004D5C42 004D3768 0042561C 00000001 00000000 00000000 00000000 00000158
    00401720 0012FDE8   0012FEEC 0041F697 00000001 00000001 00000001 00566C3C 00000007 00000018 0022E2EC 00000058
    0041F697 0012FEEC   0012FF14 00401184 004CE674 004CD2E0 0042561C 00000000 00000000 00000000 00000000 00000028
    00401184 0012FF14   0012FF30 0041E9E3 00220000 00000000 00000000 00251F07 00000000
    0041E9E3 0012FF30   0012FF50 0044E4AE 00000001 004CD270 00251F07 00250000 00000000 002709E0
    0044E4AE 0012FF50   0012FF80 004C9D6B 00400000 00000000 00251F07 00000001 00000000 00000000 7FFDC000 00000000
    004C9D6B 0012FF80   0012FF94 00000000 004CD270 77361174 7FFDC000
    00000000 0012FF94   0012FFD4 7749B3F5 7FFDC000 775249BF 00000000 00000000 7FFDC000 00000000 00000000 00000000
    7749B3F5 0012FFD4   0012FFEC 7749B3C8 00401000 7FFDC000 00000000 00000000


Modules:
0x00400000 0x0018A000 C:\Users\ismai\Desktop\project data\MAIN.exe
0x77440000 0x0013C000 C:\Windows\SYSTEM32\ntdll.dll
0x77310000 0x000D4000 C:\Windows\system32\kernel32.dll
0x75650000 0x0004A000 C:\Windows\system32\KERNELBASE.dll
0x76760000 0x00035000 C:\Windows\system32\WS2_32.DLL
0x758F0000 0x000AC000 C:\Windows\system32\msvcrt.dll
0x76F70000 0x000A1000 C:\Windows\system32\RPCRT4.dll
0x77580000 0x00006000 C:\Windows\system32\NSI.dll
0x6FB60000 0x00021000 C:\Windows\system32\MSVFW32.DLL
0x77180000 0x000C9000 C:\Windows\system32\USER32.dll
0x773F0000 0x0004E000 C:\Windows\system32\GDI32.dll
0x758D0000 0x0000A000 C:\Windows\system32\LPK.dll
0x759A0000 0x0009D000 C:\Windows\system32\USP10.dll
0x72870000 0x00032000 C:\Windows\system32\WINMM.dll
0x76D40000 0x000A0000 C:\Windows\system32\ADVAPI32.dll
0x77650000 0x00019000 C:\Windows\SYSTEM32\sechost.dll
0x75B10000 0x00C49000 C:\Windows\system32\SHELL32.dll
0x77250000 0x00057000 C:\Windows\system32\SHLWAPI.dll
0x74560000 0x0019E000 C:\Windows\WinSxS\x86_microsoft.windows.common-controls_6595b64144ccf1df_6.0.7600.16385_none_421189da2b7fabfc\COMCTL32.dll
0x76DE0000 0x0015C000 C:\Windows\system32\OLE32.DLL
0x77020000 0x0008F000 C:\Windows\system32\OLEAUT32.DLL
0x70120000 0x00019000 C:\Windows\system32\OLEPRO32.DLL
0x775A0000 0x0001F000 C:\Windows\system32\IMM32.DLL
0x75A40000 0x000CC000 C:\Windows\system32\MSCTF.dll
0x75520000 0x0000C000 C:\Windows\system32\CRYPTBASE.dll
0x744E0000 0x00040000 C:\Windows\system32\uxtheme.dll

Called from CUSTDATABROWSECLASS(0)
Called from R_MAIN_18SMART1(61) in c:\users\ismai\desktop\project data\MAIN.PRG
Called from SS_CALLR(344) in SSLIB.prg
Called from MAIN(40) in c:\users\ismai\desktop\project data\MAIN.PRG
------------------------------------------------------------------------
Application Internal Error - C:\Users\ismai\Desktop\project data\MAIN.exe
Terminated at: 2012.05.21 15:57:55
Unrecoverable error 6005: Exception error: 

    Exception Code:C0000005
    Exception Address:CAFEDEAD
    EAX:004CD4F0  EBX:0022E2EC  ECX:0022E548  EDX:CAFEDEAD
    ESI:00000000  EDI:004CE7FE  EBP:0012FA08
    CS:EIP:001B:CAFEDEAD  SS:ESP:0023:0012F9F0
    DS:0023  ES:0023  FS:003B  GS:0000
    Flags:00010246
    CS:EIP:
    SS:ESP: 0042561C 00000011 00000008 00000000 00000000 00000000 0012FB0C 0041F71A 00000000 00244B0A 00000000 0022E2EC 00000000 00000000 00000000 00000000

    C stack:
    EIP:     EBP:       Frame: OldEBP, RetAddr, Params...
    CAFEDEAD 0012FA08   0012FB0C 0041F71A 00000000 00244B0A 00000000 0022E2EC 00000000 00000000 00000000 00000000
    0041F71A 0012FB0C   0012FB34 004011C0 004CE7D7 004CD2E0 0042561C 0000000B 00000008 00000000 00000000 0000003D
    004011C0 0012FB34   0012FC38 0041F71A 00000000 00000000 0022EAD4 00000000 00000008 0012FC60 00000000 0012FB74
    0041F71A 0012FC38   0012FC48 004395B7 00244B04 00000000
    004395B7 0012FC48   0012FCB4 004398DF 0012FC60 004D5D6E 00000000 0022E2EC 00000002 0000000B 00562744 004CE76B
    004398DF 0012FCB4   0012FDC0 00420621 0022EAD4 00000000 0000000B 004CE7B9 00000000 0022E2EC 7FFDC000 77486B7E
    00420621 0012FDC0   0012FDE8 00401720 004D5C42 004D3768 0042561C 00000001 00000000 00000000 00000000 00000158
    00401720 0012FDE8   0012FEEC 0041F697 00000001 00000001 00000001 00566C3C 00000007 00000018 0022E2EC 00000058
    0041F697 0012FEEC   0012FF14 00401184 004CE674 004CD2E0 0042561C 00000000 00000000 00000000 00000000 00000028
    00401184 0012FF14   0012FF30 0041E9E3 00220000 00000000 00000000 00251F07 00000000
    0041E9E3 0012FF30   0012FF50 0044E4AE 00000001 004CD270 00251F07 00250000 00000000 002709E0
    0044E4AE 0012FF50   0012FF80 004C9D6B 00400000 00000000 00251F07 00000001 00000000 00000000 7FFDC000 00000000
    004C9D6B 0012FF80   0012FF94 00000000 004CD270 77361174 7FFDC000
    00000000 0012FF94   0012FFD4 7749B3F5 7FFDC000 775249BF 00000000 00000000 7FFDC000 C0000005 77372B35 77372B35
    7749B3F5 0012FFD4   0012FFEC 7749B3C8 00401000 7FFDC000 00000000 00000000


Modules:
0x00400000 0x0018A000 C:\Users\ismai\Desktop\project data\MAIN.exe
0x77440000 0x0013C000 C:\Windows\SYSTEM32\ntdll.dll
0x77310000 0x000D4000 C:\Windows\system32\kernel32.dll
0x75650000 0x0004A000 C:\Windows\system32\KERNELBASE.dll
0x76760000 0x00035000 C:\Windows\system32\WS2_32.DLL
0x758F0000 0x000AC000 C:\Windows\system32\msvcrt.dll
0x76F70000 0x000A1000 C:\Windows\system32\RPCRT4.dll
0x77580000 0x00006000 C:\Windows\system32\NSI.dll
0x6FB60000 0x00021000 C:\Windows\system32\MSVFW32.DLL
0x77180000 0x000C9000 C:\Windows\system32\USER32.dll
0x773F0000 0x0004E000 C:\Windows\system32\GDI32.dll
0x758D0000 0x0000A000 C:\Windows\system32\LPK.dll
0x759A0000 0x0009D000 C:\Windows\system32\USP10.dll
0x72870000 0x00032000 C:\Windows\system32\WINMM.dll
0x76D40000 0x000A0000 C:\Windows\system32\ADVAPI32.dll
0x77650000 0x00019000 C:\Windows\SYSTEM32\sechost.dll
0x75B10000 0x00C49000 C:\Windows\system32\SHELL32.dll
0x77250000 0x00057000 C:\Windows\system32\SHLWAPI.dll
0x74560000 0x0019E000 C:\Windows\WinSxS\x86_microsoft.windows.common-controls_6595b64144ccf1df_6.0.7600.16385_none_421189da2b7fabfc\COMCTL32.dll
0x76DE0000 0x0015C000 C:\Windows\system32\OLE32.DLL
0x77020000 0x0008F000 C:\Windows\system32\OLEAUT32.DLL
0x70120000 0x00019000 C:\Windows\system32\OLEPRO32.DLL
0x775A0000 0x0001F000 C:\Windows\system32\IMM32.DLL
0x75A40000 0x000CC000 C:\Windows\system32\MSCTF.dll
0x75520000 0x0000C000 C:\Windows\system32\CRYPTBASE.dll
0x744E0000 0x00040000 C:\Windows\system32\uxtheme.dll

Called from CUSTDATABROWSECLASS(0)
Called from R_MAIN_18SMART1(61) in c:\users\ismai\desktop\project data\MAIN.PRG
Called from SS_CALLR(344) in SSLIB.prg
Called from MAIN(40) in c:\users\ismai\desktop\project data\MAIN.PRG
------------------------------------------------------------------------
Application Internal Error - C:\Users\ismai\Desktop\project data\MAIN.exe
Terminated at: 2012.05.21 15:59:03
Unrecoverable error 6005: Exception error: 

    Exception Code:C0000005
    Exception Address:CAFEDEAD
    EAX:004CD4F0  EBX:003FDEAC  ECX:003FE108  EDX:CAFEDEAD
    ESI:00000000  EDI:004CE7FE  EBP:0012FA08
    CS:EIP:001B:CAFEDEAD  SS:ESP:0023:0012F9F0
    DS:0023  ES:0023  FS:003B  GS:0000
    Flags:00010246
    CS:EIP:
    SS:ESP: 0042561C 00000011 00000008 00000000 00000000 00000000 0012FB0C 0041F71A 00000000 006D4AEA 00000000 003FDEAC 00000000 00000000 00000000 00000000

    C stack:
    EIP:     EBP:       Frame: OldEBP, RetAddr, Params...
    CAFEDEAD 0012FA08   0012FB0C 0041F71A 00000000 006D4AEA 00000000 003FDEAC 00000000 00000000 00000000 00000000
    0041F71A 0012FB0C   0012FB34 004011C0 004CE7D7 004CD2E0 0042561C 0000000B 00000008 00000000 00000000 0000003D
    004011C0 0012FB34   0012FC38 0041F71A 00000000 00000000 003FE694 00000000 00000008 0012FC60 00000000 0012FB74
    0041F71A 0012FC38   0012FC48 004395B7 006D4AE4 00000000
    004395B7 0012FC48   0012FCB4 004398DF 0012FC60 004D5D6E 00000000 003FDEAC 00000002 0000000B 00562744 004CE76B
    004398DF 0012FCB4   0012FDC0 00420621 003FE694 00000000 0000000B 004CE7B9 00000000 003FDEAC 7FFD5000 77486B7E
    00420621 0012FDC0   0012FDE8 00401720 004D5C42 004D3768 0042561C 00000001 00000000 00000000 00000000 00000158
    00401720 0012FDE8   0012FEEC 0041F697 00000001 00000001 00000001 00566C3C 00000007 00000018 003FDEAC 00000058
    0041F697 0012FEEC   0012FF14 00401184 004CE674 004CD2E0 0042561C 00000000 00000000 00000000 00000000 00000028
    00401184 0012FF14   0012FF30 0041E9E3 003F0000 00000000 00000000 001B1F07 00000000
    0041E9E3 0012FF30   0012FF50 0044E4AE 00000001 004CD270 001B1F07 001B0000 00000000 001D09E0
    0044E4AE 0012FF50   0012FF80 004C9D6B 00400000 00000000 001B1F07 00000001 00000000 00000000 7FFD5000 00000000
    004C9D6B 0012FF80   0012FF94 00000000 004CD270 77361174 7FFD5000
    00000000 0012FF94   0012FFD4 7749B3F5 7FFD5000 77508146 00000000 00000000 7FFD5000 00000000 00000000 00000000
    7749B3F5 0012FFD4   0012FFEC 7749B3C8 00401000 7FFD5000 00000000 00000000


Modules:
0x00400000 0x0018A000 C:\Users\ismai\Desktop\project data\MAIN.exe
0x77440000 0x0013C000 C:\Windows\SYSTEM32\ntdll.dll
0x77310000 0x000D4000 C:\Windows\system32\kernel32.dll
0x75650000 0x0004A000 C:\Windows\system32\KERNELBASE.dll
0x76760000 0x00035000 C:\Windows\system32\WS2_32.DLL
0x758F0000 0x000AC000 C:\Windows\system32\msvcrt.dll
0x76F70000 0x000A1000 C:\Windows\system32\RPCRT4.dll
0x77580000 0x00006000 C:\Windows\system32\NSI.dll
0x6E980000 0x00021000 C:\Windows\system32\MSVFW32.DLL
0x77180000 0x000C9000 C:\Windows\system32\USER32.dll
0x773F0000 0x0004E000 C:\Windows\system32\GDI32.dll
0x758D0000 0x0000A000 C:\Windows\system32\LPK.dll
0x759A0000 0x0009D000 C:\Windows\system32\USP10.dll
0x72870000 0x00032000 C:\Windows\system32\WINMM.dll
0x76D40000 0x000A0000 C:\Windows\system32\ADVAPI32.dll
0x77650000 0x00019000 C:\Windows\SYSTEM32\sechost.dll
0x75B10000 0x00C49000 C:\Windows\system32\SHELL32.dll
0x77250000 0x00057000 C:\Windows\system32\SHLWAPI.dll
0x74560000 0x0019E000 C:\Windows\WinSxS\x86_microsoft.windows.common-controls_6595b64144ccf1df_6.0.7600.16385_none_421189da2b7fabfc\COMCTL32.dll
0x76DE0000 0x0015C000 C:\Windows\system32\OLE32.DLL
0x77020000 0x0008F000 C:\Windows\system32\OLEAUT32.DLL
0x70120000 0x00019000 C:\Windows\system32\OLEPRO32.DLL
0x775A0000 0x0001F000 C:\Windows\system32\IMM32.DLL
0x75A40000 0x000CC000 C:\Windows\system32\MSCTF.dll
0x75520000 0x0000C000 C:\Windows\system32\CRYPTBASE.dll
0x744E0000 0x00040000 C:\Windows\system32\uxtheme.dll

Called from CUSTDATABROWSECLASS(0)
Called from R_MAIN_18SMART1(61) in c:\users\ismai\desktop\project data\MAIN.PRG
Called from SS_CALLR(344) in SSLIB.prg
Called from MAIN(40) in c:\users\ismai\desktop\project data\MAIN.PRG
------------------------------------------------------------------------
Application Internal Error - C:\Users\ismai\Desktop\project data\MAIN.exe
Terminated at: 2012.05.21 15:59:14
Unrecoverable error 6005: Exception error: 

    Exception Code:C0000005
    Exception Address:CAFEDEAD
    EAX:004CD4F0  EBX:003FDEAC  ECX:003FE108  EDX:CAFEDEAD
    ESI:00000000  EDI:004CE7FE  EBP:0012FA08
    CS:EIP:001B:CAFEDEAD  SS:ESP:0023:0012F9F0
    DS:0023  ES:0023  FS:003B  GS:0000
    Flags:00010246
    CS:EIP:
    SS:ESP: 0042561C 00000011 00000008 00000000 00000000 00000000 0012FB0C 0041F71A 00000000 006D4AEA 00000000 003FDEAC 00000000 00000000 00000000 00000000

    C stack:
    EIP:     EBP:       Frame: OldEBP, RetAddr, Params...
    CAFEDEAD 0012FA08   0012FB0C 0041F71A 00000000 006D4AEA 00000000 003FDEAC 00000000 00000000 00000000 00000000
    0041F71A 0012FB0C   0012FB34 004011C0 004CE7D7 004CD2E0 0042561C 0000000B 00000008 00000000 00000000 0000003D
    004011C0 0012FB34   0012FC38 0041F71A 00000000 00000000 003FE694 00000000 00000008 0012FC60 00000000 0012FB74
    0041F71A 0012FC38   0012FC48 004395B7 006D4AE4 00000000
    004395B7 0012FC48   0012FCB4 004398DF 0012FC60 004D5D6E 00000000 003FDEAC 00000002 0000000B 00562744 004CE76B
    004398DF 0012FCB4   0012FDC0 00420621 003FE694 00000000 0000000B 004CE7B9 00000000 003FDEAC 7FFD5000 77486B7E
    00420621 0012FDC0   0012FDE8 00401720 004D5C42 004D3768 0042561C 00000001 00000000 00000000 00000000 00000158
    00401720 0012FDE8   0012FEEC 0041F697 00000001 00000001 00000001 00566C3C 00000007 00000018 003FDEAC 00000058
    0041F697 0012FEEC   0012FF14 00401184 004CE674 004CD2E0 0042561C 00000000 00000000 00000000 00000000 00000028
    00401184 0012FF14   0012FF30 0041E9E3 003F0000 00000000 00000000 001B1F07 00000000
    0041E9E3 0012FF30   0012FF50 0044E4AE 00000001 004CD270 001B1F07 001B0000 00000000 001D09E0
    0044E4AE 0012FF50   0012FF80 004C9D6B 00400000 00000000 001B1F07 00000001 00000000 00000000 7FFD5000 00000000
    004C9D6B 0012FF80   0012FF94 00000000 004CD270 77361174 7FFD5000
    00000000 0012FF94   0012FFD4 7749B3F5 7FFD5000 77508146 00000000 00000000 7FFD5000 C0000005 77372B35 77372B35
    7749B3F5 0012FFD4   0012FFEC 7749B3C8 00401000 7FFD5000 00000000 00000000


Modules:
0x00400000 0x0018A000 C:\Users\ismai\Desktop\project data\MAIN.exe
0x77440000 0x0013C000 C:\Windows\SYSTEM32\ntdll.dll
0x77310000 0x000D4000 C:\Windows\system32\kernel32.dll
0x75650000 0x0004A000 C:\Windows\system32\KERNELBASE.dll
0x76760000 0x00035000 C:\Windows\system32\WS2_32.DLL
0x758F0000 0x000AC000 C:\Windows\system32\msvcrt.dll
0x76F70000 0x000A1000 C:\Windows\system32\RPCRT4.dll
0x77580000 0x00006000 C:\Windows\system32\NSI.dll
0x6E980000 0x00021000 C:\Windows\system32\MSVFW32.DLL
0x77180000 0x000C9000 C:\Windows\system32\USER32.dll
0x773F0000 0x0004E000 C:\Windows\system32\GDI32.dll
0x758D0000 0x0000A000 C:\Windows\system32\LPK.dll
0x759A0000 0x0009D000 C:\Windows\system32\USP10.dll
0x72870000 0x00032000 C:\Windows\system32\WINMM.dll
0x76D40000 0x000A0000 C:\Windows\system32\ADVAPI32.dll
0x77650000 0x00019000 C:\Windows\SYSTEM32\sechost.dll
0x75B10000 0x00C49000 C:\Windows\system32\SHELL32.dll
0x77250000 0x00057000 C:\Windows\system32\SHLWAPI.dll
0x74560000 0x0019E000 C:\Windows\WinSxS\x86_microsoft.windows.common-controls_6595b64144ccf1df_6.0.7600.16385_none_421189da2b7fabfc\COMCTL32.dll
0x76DE0000 0x0015C000 C:\Windows\system32\OLE32.DLL
0x77020000 0x0008F000 C:\Windows\system32\OLEAUT32.DLL
0x70120000 0x00019000 C:\Windows\system32\OLEPRO32.DLL
0x775A0000 0x0001F000 C:\Windows\system32\IMM32.DLL
0x75A40000 0x000CC000 C:\Windows\system32\MSCTF.dll
0x75520000 0x0000C000 C:\Windows\system32\CRYPTBASE.dll
0x744E0000 0x00040000 C:\Windows\system32\uxtheme.dll

Called from CUSTDATABROWSECLASS(0)
Called from R_MAIN_18SMART1(61) in c:\users\ismai\desktop\project data\MAIN.PRG
Called from SS_CALLR(344) in SSLIB.prg
Called from MAIN(40) in c:\users\ismai\desktop\project data\MAIN.PRG
------------------------------------------------------------------------
Application Internal Error - C:\Users\ismai\Desktop\project data\MAIN.exe
Terminated at: 2012.05.21 16:00:14
Unrecoverable error 6005: Exception error: 

    Exception Code:C0000005
    Exception Address:CAFEDEAD
    EAX:004CD4F0  EBX:0023E2EC  ECX:0023E548  EDX:CAFEDEAD
    ESI:00000000  EDI:004CE7FE  EBP:0012FA08
    CS:EIP:001B:CAFEDEAD  SS:ESP:0023:0012F9F0
    DS:0023  ES:0023  FS:003B  GS:0000
    Flags:00010246
    CS:EIP:
    SS:ESP: 0042561C 00000011 00000008 00000000 00000000 00000000 0012FB0C 0041F71A 00000000 00274AAA 00000000 0023E2EC 00000000 00000000 00000000 00000000

    C stack:
    EIP:     EBP:       Frame: OldEBP, RetAddr, Params...
    CAFEDEAD 0012FA08   0012FB0C 0041F71A 00000000 00274AAA 00000000 0023E2EC 00000000 00000000 00000000 00000000
    0041F71A 0012FB0C   0012FB34 004011C0 004CE7D7 004CD2E0 0042561C 0000000B 00000008 00000000 00000000 0000003D
    004011C0 0012FB34   0012FC38 0041F71A 00000000 00000000 0023EAD4 00000000 00000008 0012FC60 00000000 0012FB74
    0041F71A 0012FC38   0012FC48 004395B7 00274AA4 00000000
    004395B7 0012FC48   0012FCB4 004398DF 0012FC60 004D5D6E 00000000 0023E2EC 00000002 0000000B 00562744 004CE76B
    004398DF 0012FCB4   0012FDC0 00420621 0023EAD4 00000000 0000000B 004CE7B9 00000000 0023E2EC 7FFDB000 77486B7E
    00420621 0012FDC0   0012FDE8 00401720 004D5C42 004D3768 0042561C 00000001 00000000 00000000 00000000 00000158
    00401720 0012FDE8   0012FEEC 0041F697 00000001 00000001 00000001 00566C3C 00000007 00000018 0023E2EC 00000058
    0041F697 0012FEEC   0012FF14 00401184 004CE674 004CD2E0 0042561C 00000000 00000000 00000000 00000000 00000028
    00401184 0012FF14   0012FF30 0041E9E3 00230000 00000000 00000000 002C1F07 00000000
    0041E9E3 0012FF30   0012FF50 0044E4AE 00000001 004CD270 002C1F07 002C0000 00000000 002E09E0
    0044E4AE 0012FF50   0012FF80 004C9D6B 00400000 00000000 002C1F07 00000001 00000000 00000000 7FFDB000 00000000
    004C9D6B 0012FF80   0012FF94 00000000 004CD270 77361174 7FFDB000
    00000000 0012FF94   0012FFD4 7749B3F5 7FFDB000 7757ACF0 00000000 00000000 7FFDB000 00000000 00000000 00000000
    7749B3F5 0012FFD4   0012FFEC 7749B3C8 00401000 7FFDB000 00000000 00000000


Modules:
0x00400000 0x0018A000 C:\Users\ismai\Desktop\project data\MAIN.exe
0x77440000 0x0013C000 C:\Windows\SYSTEM32\ntdll.dll
0x77310000 0x000D4000 C:\Windows\system32\kernel32.dll
0x75650000 0x0004A000 C:\Windows\system32\KERNELBASE.dll
0x76760000 0x00035000 C:\Windows\system32\WS2_32.DLL
0x758F0000 0x000AC000 C:\Windows\system32\msvcrt.dll
0x76F70000 0x000A1000 C:\Windows\system32\RPCRT4.dll
0x77580000 0x00006000 C:\Windows\system32\NSI.dll
0x6E980000 0x00021000 C:\Windows\system32\MSVFW32.DLL
0x77180000 0x000C9000 C:\Windows\system32\USER32.dll
0x773F0000 0x0004E000 C:\Windows\system32\GDI32.dll
0x758D0000 0x0000A000 C:\Windows\system32\LPK.dll
0x759A0000 0x0009D000 C:\Windows\system32\USP10.dll
0x72870000 0x00032000 C:\Windows\system32\WINMM.dll
0x76D40000 0x000A0000 C:\Windows\system32\ADVAPI32.dll
0x77650000 0x00019000 C:\Windows\SYSTEM32\sechost.dll
0x75B10000 0x00C49000 C:\Windows\system32\SHELL32.dll
0x77250000 0x00057000 C:\Windows\system32\SHLWAPI.dll
0x74560000 0x0019E000 C:\Windows\WinSxS\x86_microsoft.windows.common-controls_6595b64144ccf1df_6.0.7600.16385_none_421189da2b7fabfc\COMCTL32.dll
0x76DE0000 0x0015C000 C:\Windows\system32\OLE32.DLL
0x77020000 0x0008F000 C:\Windows\system32\OLEAUT32.DLL
0x70120000 0x00019000 C:\Windows\system32\OLEPRO32.DLL
0x775A0000 0x0001F000 C:\Windows\system32\IMM32.DLL
0x75A40000 0x000CC000 C:\Windows\system32\MSCTF.dll
0x75520000 0x0000C000 C:\Windows\system32\CRYPTBASE.dll
0x744E0000 0x00040000 C:\Windows\system32\uxtheme.dll

Called from CUSTDATABROWSECLASS(0)
Called from R_MAIN_18SMART1(61) in c:\users\ismai\desktop\project data\MAIN.PRG
Called from SS_CALLR(344) in SSLIB.prg
Called from MAIN(40) in c:\users\ismai\desktop\project data\MAIN.PRG
------------------------------------------------------------------------
Application Internal Error - C:\Users\ismai\Desktop\project data\MAIN.exe
Terminated at: 2012.05.21 16:00:35
Unrecoverable error 6005: Exception error: 

    Exception Code:C0000005
    Exception Address:CAFEDEAD
    EAX:004CD4F0  EBX:0023E2EC  ECX:0023E548  EDX:CAFEDEAD
    ESI:00000000  EDI:004CE7FE  EBP:0012FA08
    CS:EIP:001B:CAFEDEAD  SS:ESP:0023:0012F9F0
    DS:0023  ES:0023  FS:003B  GS:0000
    Flags:00010246
    CS:EIP:
    SS:ESP: 0042561C 00000011 00000008 00000000 00000000 00000000 0012FB0C 0041F71A 00000000 00274AAA 00000000 0023E2EC 00000000 00000000 00000000 00000000

    C stack:
    EIP:     EBP:       Frame: OldEBP, RetAddr, Params...
    CAFEDEAD 0012FA08   0012FB0C 0041F71A 00000000 00274AAA 00000000 0023E2EC 00000000 00000000 00000000 00000000
    0041F71A 0012FB0C   0012FB34 004011C0 004CE7D7 004CD2E0 0042561C 0000000B 00000008 00000000 00000000 0000003D
    004011C0 0012FB34   0012FC38 0041F71A 00000000 00000000 0023EAD4 00000000 00000008 0012FC60 00000000 0012FB74
    0041F71A 0012FC38   0012FC48 004395B7 00274AA4 00000000
    004395B7 0012FC48   0012FCB4 004398DF 0012FC60 004D5D6E 00000000 0023E2EC 00000002 0000000B 00562744 004CE76B
    004398DF 0012FCB4   0012FDC0 00420621 0023EAD4 00000000 0000000B 004CE7B9 00000000 0023E2EC 7FFDB000 77486B7E
    00420621 0012FDC0   0012FDE8 00401720 004D5C42 004D3768 0042561C 00000001 00000000 00000000 00000000 00000158
    00401720 0012FDE8   0012FEEC 0041F697 00000001 00000001 00000001 00566C3C 00000007 00000018 0023E2EC 00000058
    0041F697 0012FEEC   0012FF14 00401184 004CE674 004CD2E0 0042561C 00000000 00000000 00000000 00000000 00000028
    00401184 0012FF14   0012FF30 0041E9E3 00230000 00000000 00000000 002C1F07 00000000
    0041E9E3 0012FF30   0012FF50 0044E4AE 00000001 004CD270 002C1F07 002C0000 00000000 002E09E0
    0044E4AE 0012FF50   0012FF80 004C9D6B 00400000 00000000 002C1F07 00000001 00000000 00000000 7FFDB000 00000000
    004C9D6B 0012FF80   0012FF94 00000000 004CD270 77361174 7FFDB000
    00000000 0012FF94   0012FFD4 7749B3F5 7FFDB000 7757ACF0 00000000 00000000 7FFDB000 C0000005 77372B35 77372B35
    7749B3F5 0012FFD4   0012FFEC 7749B3C8 00401000 7FFDB000 00000000 00000000


Modules:
0x00400000 0x0018A000 C:\Users\ismai\Desktop\project data\MAIN.exe
0x77440000 0x0013C000 C:\Windows\SYSTEM32\ntdll.dll
0x77310000 0x000D4000 C:\Windows\system32\kernel32.dll
0x75650000 0x0004A000 C:\Windows\system32\KERNELBASE.dll
0x76760000 0x00035000 C:\Windows\system32\WS2_32.DLL
0x758F0000 0x000AC000 C:\Windows\system32\msvcrt.dll
0x76F70000 0x000A1000 C:\Windows\system32\RPCRT4.dll
0x77580000 0x00006000 C:\Windows\system32\NSI.dll
0x6E980000 0x00021000 C:\Windows\system32\MSVFW32.DLL
0x77180000 0x000C9000 C:\Windows\system32\USER32.dll
0x773F0000 0x0004E000 C:\Windows\system32\GDI32.dll
0x758D0000 0x0000A000 C:\Windows\system32\LPK.dll
0x759A0000 0x0009D000 C:\Windows\system32\USP10.dll
0x72870000 0x00032000 C:\Windows\system32\WINMM.dll
0x76D40000 0x000A0000 C:\Windows\system32\ADVAPI32.dll
0x77650000 0x00019000 C:\Windows\SYSTEM32\sechost.dll
0x75B10000 0x00C49000 C:\Windows\system32\SHELL32.dll
0x77250000 0x00057000 C:\Windows\system32\SHLWAPI.dll
0x74560000 0x0019E000 C:\Windows\WinSxS\x86_microsoft.windows.common-controls_6595b64144ccf1df_6.0.7600.16385_none_421189da2b7fabfc\COMCTL32.dll
0x76DE0000 0x0015C000 C:\Windows\system32\OLE32.DLL
0x77020000 0x0008F000 C:\Windows\system32\OLEAUT32.DLL
0x70120000 0x00019000 C:\Windows\system32\OLEPRO32.DLL
0x775A0000 0x0001F000 C:\Windows\system32\IMM32.DLL
0x75A40000 0x000CC000 C:\Windows\system32\MSCTF.dll
0x75520000 0x0000C000 C:\Windows\system32\CRYPTBASE.dll
0x744E0000 0x00040000 C:\Windows\system32\uxtheme.dll

Called from CUSTDATABROWSECLASS(0)
Called from R_MAIN_18SMART1(61) in c:\users\ismai\desktop\project data\MAIN.PRG
Called from SS_CALLR(344) in SSLIB.prg
Called from MAIN(40) in c:\users\ismai\desktop\project data\MAIN.PRG
------------------------------------------------------------------------
Application Internal Error - C:\Users\ismai\Desktop\project data\MAIN.exe
Terminated at: 2012.05.21 16:07:13
Unrecoverable error 6005: Exception error: 

    Exception Code:C0000005
    Exception Address:CAFEDEAD
    EAX:004CD4F0  EBX:0022DEAC  ECX:0022E108  EDX:CAFEDEAD
    ESI:00000000  EDI:004CE7FE  EBP:0012FA08
    CS:EIP:001B:CAFEDEAD  SS:ESP:0023:0012F9F0
    DS:0023  ES:0023  FS:003B  GS:0000
    Flags:00010246
    CS:EIP:
    SS:ESP: 0042561C 00000011 00000008 00000000 00000000 00000000 0012FB0C 0041F71A 00000000 00374982 00000000 0022DEAC 00000000 00000000 00000000 00000000

    C stack:
    EIP:     EBP:       Frame: OldEBP, RetAddr, Params...
    CAFEDEAD 0012FA08   0012FB0C 0041F71A 00000000 00374982 00000000 0022DEAC 00000000 00000000 00000000 00000000
    0041F71A 0012FB0C   0012FB34 004011C0 004CE7D7 004CD2E0 0042561C 0000000B 00000008 00000000 00000000 0000003C
    004011C0 0012FB34   0012FC38 0041F71A 00000000 00000000 0022E694 00000000 00000008 0012FC60 00000000 0012FB74
    0041F71A 0012FC38   0012FC48 004395B7 0037497C 00000000
    004395B7 0012FC48   0012FCB4 004398DF 0012FC60 004D5D1E 00000000 0022DEAC 00000002 0000000B 005626F4 004CE76B
    004398DF 0012FCB4   0012FDC0 00420621 0022E694 00000000 0000000B 004CE7B9 00000000 0022DEAC 7FFDB000 77486B7E
    00420621 0012FDC0   0012FDE8 00401720 004D5BF2 004D3718 0042561C 00000001 00000000 00000000 00000000 00000158
    00401720 0012FDE8   0012FEEC 0041F697 00000001 00000001 00000001 00566BEC 00000007 00000018 0022DEAC 00000058
    0041F697 0012FEEC   0012FF14 00401184 004CE674 004CD2E0 0042561C 00000000 00000000 00000000 00000000 00000028
    00401184 0012FF14   0012FF30 0041E9E3 00220000 00000000 00000000 00781F07 00000000
    0041E9E3 0012FF30   0012FF50 0044E4AE 00000001 004CD270 00781F07 00780000 00000000 007A09E0
    0044E4AE 0012FF50   0012FF80 004C9D6B 00400000 00000000 00781F07 00000001 00000000 00000000 7FFDB000 00000000
    004C9D6B 0012FF80   0012FF94 00000000 004CD270 77361174 7FFDB000
    00000000 0012FF94   0012FFD4 7749B3F5 7FFDB000 77590890 00000000 00000000 7FFDB000 00000000 00000000 00000000
    7749B3F5 0012FFD4   0012FFEC 7749B3C8 00401000 7FFDB000 00000000 00000000


Modules:
0x00400000 0x0018A000 C:\Users\ismai\Desktop\project data\MAIN.exe
0x77440000 0x0013C000 C:\Windows\SYSTEM32\ntdll.dll
0x77310000 0x000D4000 C:\Windows\system32\kernel32.dll
0x75650000 0x0004A000 C:\Windows\system32\KERNELBASE.dll
0x76760000 0x00035000 C:\Windows\system32\WS2_32.DLL
0x758F0000 0x000AC000 C:\Windows\system32\msvcrt.dll
0x76F70000 0x000A1000 C:\Windows\system32\RPCRT4.dll
0x77580000 0x00006000 C:\Windows\system32\NSI.dll
0x711B0000 0x00021000 C:\Windows\system32\MSVFW32.DLL
0x77180000 0x000C9000 C:\Windows\system32\USER32.dll
0x773F0000 0x0004E000 C:\Windows\system32\GDI32.dll
0x758D0000 0x0000A000 C:\Windows\system32\LPK.dll
0x759A0000 0x0009D000 C:\Windows\system32\USP10.dll
0x72870000 0x00032000 C:\Windows\system32\WINMM.dll
0x76D40000 0x000A0000 C:\Windows\system32\ADVAPI32.dll
0x77650000 0x00019000 C:\Windows\SYSTEM32\sechost.dll
0x75B10000 0x00C49000 C:\Windows\system32\SHELL32.dll
0x77250000 0x00057000 C:\Windows\system32\SHLWAPI.dll
0x74560000 0x0019E000 C:\Windows\WinSxS\x86_microsoft.windows.common-controls_6595b64144ccf1df_6.0.7600.16385_none_421189da2b7fabfc\COMCTL32.dll
0x76DE0000 0x0015C000 C:\Windows\system32\OLE32.DLL
0x77020000 0x0008F000 C:\Windows\system32\OLEAUT32.DLL
0x70120000 0x00019000 C:\Windows\system32\OLEPRO32.DLL
0x775A0000 0x0001F000 C:\Windows\system32\IMM32.DLL
0x75A40000 0x000CC000 C:\Windows\system32\MSCTF.dll
0x75520000 0x0000C000 C:\Windows\system32\CRYPTBASE.dll
0x744E0000 0x00040000 C:\Windows\system32\uxtheme.dll

Called from CUSTDATABROWSECLASS(0)
Called from R_MAIN_18SMART1(60) in c:\users\ismai\desktop\project data\MAIN.PRG
Called from SS_CALLR(344) in SSLIB.prg
Called from MAIN(40) in c:\users\ismai\desktop\project data\MAIN.PRG
------------------------------------------------------------------------
Application Internal Error - C:\Users\ismai\Desktop\project data\MAIN.exe
Terminated at: 2012.05.21 16:07:19
Unrecoverable error 6005: Exception error: 

    Exception Code:C0000005
    Exception Address:CAFEDEAD
    EAX:004CD4F0  EBX:0022DEAC  ECX:0022E108  EDX:CAFEDEAD
    ESI:00000000  EDI:004CE7FE  EBP:0012FA08
    CS:EIP:001B:CAFEDEAD  SS:ESP:0023:0012F9F0
    DS:0023  ES:0023  FS:003B  GS:0000
    Flags:00010246
    CS:EIP:
    SS:ESP: 0042561C 00000011 00000008 00000000 00000000 00000000 0012FB0C 0041F71A 00000000 00374982 00000000 0022DEAC 00000000 00000000 00000000 00000000

    C stack:
    EIP:     EBP:       Frame: OldEBP, RetAddr, Params...
    CAFEDEAD 0012FA08   0012FB0C 0041F71A 00000000 00374982 00000000 0022DEAC 00000000 00000000 00000000 00000000
    0041F71A 0012FB0C   0012FB34 004011C0 004CE7D7 004CD2E0 0042561C 0000000B 00000008 00000000 00000000 0000003C
    004011C0 0012FB34   0012FC38 0041F71A 00000000 00000000 0022E694 00000000 00000008 0012FC60 00000000 0012FB74
    0041F71A 0012FC38   0012FC48 004395B7 0037497C 00000000
    004395B7 0012FC48   0012FCB4 004398DF 0012FC60 004D5D1E 00000000 0022DEAC 00000002 0000000B 005626F4 004CE76B
    004398DF 0012FCB4   0012FDC0 00420621 0022E694 00000000 0000000B 004CE7B9 00000000 0022DEAC 7FFDB000 77486B7E
    00420621 0012FDC0   0012FDE8 00401720 004D5BF2 004D3718 0042561C 00000001 00000000 00000000 00000000 00000158
    00401720 0012FDE8   0012FEEC 0041F697 00000001 00000001 00000001 00566BEC 00000007 00000018 0022DEAC 00000058
    0041F697 0012FEEC   0012FF14 00401184 004CE674 004CD2E0 0042561C 00000000 00000000 00000000 00000000 00000028
    00401184 0012FF14   0012FF30 0041E9E3 00220000 00000000 00000000 00781F07 00000000
    0041E9E3 0012FF30   0012FF50 0044E4AE 00000001 004CD270 00781F07 00780000 00000000 007A09E0
    0044E4AE 0012FF50   0012FF80 004C9D6B 00400000 00000000 00781F07 00000001 00000000 00000000 7FFDB000 00000000
    004C9D6B 0012FF80   0012FF94 00000000 004CD270 77361174 7FFDB000
    00000000 0012FF94   0012FFD4 7749B3F5 7FFDB000 77590890 00000000 00000000 7FFDB000 C0000005 77372B35 77372B35
    7749B3F5 0012FFD4   0012FFEC 7749B3C8 00401000 7FFDB000 00000000 00000000


Modules:
0x00400000 0x0018A000 C:\Users\ismai\Desktop\project data\MAIN.exe
0x77440000 0x0013C000 C:\Windows\SYSTEM32\ntdll.dll
0x77310000 0x000D4000 C:\Windows\system32\kernel32.dll
0x75650000 0x0004A000 C:\Windows\system32\KERNELBASE.dll
0x76760000 0x00035000 C:\Windows\system32\WS2_32.DLL
0x758F0000 0x000AC000 C:\Windows\system32\msvcrt.dll
0x76F70000 0x000A1000 C:\Windows\system32\RPCRT4.dll
0x77580000 0x00006000 C:\Windows\system32\NSI.dll
0x711B0000 0x00021000 C:\Windows\system32\MSVFW32.DLL
0x77180000 0x000C9000 C:\Windows\system32\USER32.dll
0x773F0000 0x0004E000 C:\Windows\system32\GDI32.dll
0x758D0000 0x0000A000 C:\Windows\system32\LPK.dll
0x759A0000 0x0009D000 C:\Windows\system32\USP10.dll
0x72870000 0x00032000 C:\Windows\system32\WINMM.dll
0x76D40000 0x000A0000 C:\Windows\system32\ADVAPI32.dll
0x77650000 0x00019000 C:\Windows\SYSTEM32\sechost.dll
0x75B10000 0x00C49000 C:\Windows\system32\SHELL32.dll
0x77250000 0x00057000 C:\Windows\system32\SHLWAPI.dll
0x74560000 0x0019E000 C:\Windows\WinSxS\x86_microsoft.windows.common-controls_6595b64144ccf1df_6.0.7600.16385_none_421189da2b7fabfc\COMCTL32.dll
0x76DE0000 0x0015C000 C:\Windows\system32\OLE32.DLL
0x77020000 0x0008F000 C:\Windows\system32\OLEAUT32.DLL
0x70120000 0x00019000 C:\Windows\system32\OLEPRO32.DLL
0x775A0000 0x0001F000 C:\Windows\system32\IMM32.DLL
0x75A40000 0x000CC000 C:\Windows\system32\MSCTF.dll
0x75520000 0x0000C000 C:\Windows\system32\CRYPTBASE.dll
0x744E0000 0x00040000 C:\Windows\system32\uxtheme.dll

Called from CUSTDATABROWSECLASS(0)
Called from R_MAIN_18SMART1(60) in c:\users\ismai\desktop\project data\MAIN.PRG
Called from SS_CALLR(344) in SSLIB.prg
Called from MAIN(40) in c:\users\ismai\desktop\project data\MAIN.PRG
------------------------------------------------------------------------
