Application Internal Error - c:\documents and settings\mahmoud\desktop\apps\app16\GETMAXNUMBERINSIDELISTBOX.exe
Terminated at: 2011.12.29 23:07:45
Unrecoverable error 6005: Exception error: 

    Exception Code:C0000005
    Exception Address:77C47FD4
    EAX:00000000  EBX:00000000  ECX:7C9101BB  EDX:00000000
    ESI:0015D120  EDI:7C80AC51  EBP:0012E878
    CS:EIP:001B:77C47FD4  SS:ESP:0023:0012E878
    DS:0023  ES:0023  FS:003B  GS:0000
    Flags:00010202
    CS:EIP: 66 8B 08 40 40 66 85 C9 75 F6 2B 45 08 D1 F8 48
    SS:ESP: 0012E8B0 7742A20D 00000000 00000000 0015D120 00000000 7E4188DA 00000000 773F0D6D 00000000 0012E894 00AF7A64 0012E9B4 7E44048F 0012E930 773F14B8

    C stack:
    EIP:     EBP:       Frame: OldEBP, RetAddr, Params...
    77C47FD4 0012E878   0012E8B0 7742A20D 00000000 00000000 0015D120 00000000 7E4188DA 00000000 773F0D6D 00000000
    7742A20D 0012E8B0   0012E930 773F14B8 0015D120 00000000 00000000 00000004 0012E998 773F0D6D 00000000 003E0008
    773F14B8 0012E930   0012E95C 7E418734 002504A0 00000180 00000000 00000000 773F0D6D DCBAABCD 00000000 0012E998
    7E418734 0012E95C   0012E9C4 7E418816 773F0D6D 002504A0 00000180 00000000 00000000 00000000 002504A0 0080F718
    7E418816 0012E9C4   0012EA18 7E428EA0 00000000 773F0D6D 002504A0 00000180 00000000 00000000 007EA2EC 00000001
    7E428EA0 0012EA18   0012EA48 7E42ACD1 007EA2D8 00000180 00000000 00000000 773F0D6D 00000180 007EA2D8 003E0008
    7E42ACD1 0012EA48   0012EAC8 7C90E453 0012EA58 00000038 00000038 00000004 00000000 A8B1B9C8 00000030 00000000
    7C90E453 0012EAC8   0012EAE8 7E42F40B 007EA2D8 0080F718 00000000 00000000 00000001 00000000
    7E42F40B 0012EAE8   0012EB1C 0040F1E1 002504A0 00000180 00000000 00000000 003EF0F4 0045E844 0000006A 00000009
    0040F1E1 0012EB1C   0012EC20 004588BF 00000002 005091E9 00000000 003EF0F4 E5012BB7 74DE0374 74DE036C E5012BB7
    004588BF 0012EC20   0012EC48 0041463C 004FF878 004FC298 0045E844 0000005D 00000009 00000000 00000000 00000310
    0041463C 0012EC48   0012ED4C 004588BF 00000003 004CA940 00000000 003EF0F4 00000000 00000000 00000000 00000000
    004588BF 0012ED4C   0012ED74 00414B28 005088CD 004FC298 0045E844 0000005B 00000008 00000000 00000000 000012B1
    00414B28 0012ED74   0012EE78 004588BF 00000004 004CA7CF 00000000 003EF0F4 7C910021 00150958 7C91003D 00000010
    004588BF 0012EE78   0012EEA0 004011D0 004CA8FC 004CA2D4 0045E844 00000058 00000008 00000000 00000000 0000005F
    004011D0 0012EEA0   0012EFA4 00458942 00000000 FFFFFFFE 003ECA1C 003EF0F4 004588BF 00000002 0051A69A 00000000
    00458942 0012EFA4   0012EFE0 0045EBE8 004CA7CC 004CA2D4 0051A73F 003EF0F4 00515F6C 0045EA1D 00000000 003EF0F4
    0045EBE8 0012EFE0   0012F0E4 004589FC 00000001 00537DFE 00000000 003EF0F4 0047BB2B 00AF6FB4 00000013 0103BD08
    004589FC 0012F0E4   0012F10C 00415434 0051A660 00515B6C 0045E844 00000022 00000008 00AE19CC 00000000 00000626
    00415434 0012F10C   0012F210 004588BF 00000002 00000000 003EF0F4 005335E4 00000001 0012F104 7E4294E2 0012F1CC


Modules:
0x00400000 0x00180000 c:\documents and settings\mahmoud\desktop\apps\app16\GETMAXNUMBERINSIDELISTBOX.exe
0x7C900000 0x000AF000 C:\WINDOWS\system32\ntdll.dll
0x7C800000 0x000F6000 C:\WINDOWS\system32\kernel32.dll
0x71AB0000 0x00017000 C:\WINDOWS\system32\WS2_32.DLL
0x77DD0000 0x0009B000 C:\WINDOWS\system32\ADVAPI32.dll
0x77E70000 0x00092000 C:\WINDOWS\system32\RPCRT4.dll
0x77FE0000 0x00011000 C:\WINDOWS\system32\Secur32.dll
0x77C10000 0x00058000 C:\WINDOWS\system32\msvcrt.dll
0x71AA0000 0x00008000 C:\WINDOWS\system32\WS2HELP.dll
0x75A70000 0x00021000 C:\WINDOWS\system32\MSVFW32.DLL
0x7E410000 0x00091000 C:\WINDOWS\system32\USER32.dll
0x77F10000 0x00049000 C:\WINDOWS\system32\GDI32.dll
0x76B40000 0x0002D000 C:\WINDOWS\system32\WINMM.dll
0x7C9C0000 0x00817000 C:\WINDOWS\system32\SHELL32.dll
0x77F60000 0x00076000 C:\WINDOWS\system32\SHLWAPI.dll
0x773D0000 0x00103000 C:\WINDOWS\WinSxS\x86_Microsoft.Windows.Common-Controls_6595b64144ccf1df_6.0.2600.5512_x-ww_35d4ce83\COMCTL32.dll
0x774E0000 0x0013E000 C:\WINDOWS\system32\OLE32.DLL
0x5EDD0000 0x00017000 C:\WINDOWS\system32\OLEPRO32.DLL
0x77120000 0x0008B000 C:\WINDOWS\system32\OLEAUT32.dll
0x76390000 0x0001D000 C:\WINDOWS\system32\IMM32.DLL
0x629C0000 0x00009000 C:\WINDOWS\system32\LPK.DLL
0x74D90000 0x0006B000 C:\WINDOWS\system32\USP10.dll
0x00B00000 0x00019000 C:\Program Files\SuperCopier2\SC2Hook.dll
0x5AD70000 0x00038000 C:\WINDOWS\system32\uxtheme.dll
0x74720000 0x0004C000 C:\WINDOWS\system32\MSCTF.dll
0x755C0000 0x0002E000 C:\WINDOWS\system32\msctfime.ime
0x10000000 0x00007000 C:\Program Files\Internet Download Manager\idmmkb.dll

Called from LISTBOXADDSTRING(0)
Called from _ADDITEM(784) in h_controlmisc.prg
Called from DOMETHOD(4785) in h_controlmisc.prg
Called from ADDTOLIST(95) in GETMAXNUMBERINSIDELISTBOX.prg
Called from (b)R_GETMAXNUMBERINSIDELISTBOX_18SMART1(68) in GETMAXNUMBERINSIDELISTBOX.prg
Called from _DOCONTROLEVENTPROCEDURE(1574) in h_windows.prg
Called from EVENTS(1444) in h_events.prg
Called from _DOMESSAGELOOP(0)
Called from _ACTIVATEWINDOW(1311) in h_windows.prg
Called from R_GETMAXNUMBERINSIDELISTBOX_18SMART1(90) in GETMAXNUMBERINSIDELISTBOX.prg
Called from SS_CALLR(344) in SSLIB.prg
Called from MAIN(40) in GETMAXNUMBERINSIDELISTBOX.prg
------------------------------------------------------------------------
Application Internal Error - c:\documents and settings\mahmoud\desktop\apps\app16\GETMAXNUMBERINSIDELISTBOX.exe
Terminated at: 2011.12.29 23:09:05
Unrecoverable error 6005: Exception error: 

    Exception Code:C0000005
    Exception Address:77C47FD4
    EAX:00000000  EBX:00000000  ECX:7C9101BB  EDX:00000000
    ESI:0015D120  EDI:7C80AC51  EBP:0012E878
    CS:EIP:001B:77C47FD4  SS:ESP:0023:0012E878
    DS:0023  ES:0023  FS:003B  GS:0000
    Flags:00010202
    CS:EIP: 66 8B 08 40 40 66 85 C9 75 F6 2B 45 08 D1 F8 48
    SS:ESP: 0012E8B0 7742A20D 00000000 00000000 0015D120 00000000 7E4188DA 00000000 773F0D6D 00000000 0012E894 00AF7A64 0012E9B4 7E44048F 0012E930 773F14B8

    C stack:
    EIP:     EBP:       Frame: OldEBP, RetAddr, Params...
    77C47FD4 0012E878   0012E8B0 7742A20D 00000000 00000000 0015D120 00000000 7E4188DA 00000000 773F0D6D 00000000
    7742A20D 0012E8B0   0012E930 773F14B8 0015D120 00000000 00000000 00000004 0012E998 773F0D6D 00000000 003E0008
    773F14B8 0012E930   0012E95C 7E418734 000E04CE 00000180 00000000 00000000 773F0D6D DCBAABCD 00000000 0012E998
    7E418734 0012E95C   0012E9C4 7E418816 773F0D6D 000E04CE 00000180 00000000 00000000 00000000 000E04CE 0080F9A8
    7E418816 0012E9C4   0012EA18 7E428EA0 00000000 773F0D6D 000E04CE 00000180 00000000 00000000 00818DBC 00000001
    7E428EA0 0012EA18   0012EA48 7E42ACD1 00818DA8 00000180 00000000 00000000 773F0D6D 00000180 00818DA8 003E0008
    7E42ACD1 0012EA48   0012EAC8 7C90E453 0012EA58 00000038 00000038 00000004 00000000 A8F1D9C8 00000030 00000000
    7C90E453 0012EAC8   0012EAE8 7E42F40B 00818DA8 0080F9A8 00000000 00000000 00000001 00000000
    7E42F40B 0012EAE8   0012EB1C 0040F1E1 000E04CE 00000180 00000000 00000000 003EF0F4 0045E844 0000006A 00000009
    0040F1E1 0012EB1C   0012EC20 004588BF 00000002 005091E9 00000000 003EF0F4 54012AB3 74DE0374 74DE036C 54012AB3
    004588BF 0012EC20   0012EC48 0041463C 004FF878 004FC298 0045E844 0000005D 00000009 00000000 00000000 00000310
    0041463C 0012EC48   0012ED4C 004588BF 00000003 004CA940 00000000 003EF0F4 00000000 00000000 00000000 00000000
    004588BF 0012ED4C   0012ED74 00414B28 005088CD 004FC298 0045E844 0000005B 00000008 00000000 00000000 000012B1
    00414B28 0012ED74   0012EE78 004588BF 00000004 004CA7CF 00000000 003EF0F4 7C910021 00150958 7C91003D 00000010
    004588BF 0012EE78   0012EEA0 004011D0 004CA8FC 004CA2D4 0045E844 00000058 00000008 00000000 00000000 0000005F
    004011D0 0012EEA0   0012EFA4 00458942 00000000 FFFFFFFE 003ECA1C 003EF0F4 004588BF 00000002 0051A69A 00000000
    00458942 0012EFA4   0012EFE0 0045EBE8 004CA7CC 004CA2D4 0051A73F 003EF0F4 00515F6C 0045EA1D 00000000 003EF0F4
    0045EBE8 0012EFE0   0012F0E4 004589FC 00000001 00537DFE 00000000 003EF0F4 0047BB2B 00AF6FB4 00000013 0103BD08
    004589FC 0012F0E4   0012F10C 00415434 0051A660 00515B6C 0045E844 00000022 00000008 00AE19CC 00000000 00000626
    00415434 0012F10C   0012F210 004588BF 00000002 00000000 003EF0F4 005335E4 00000001 0012F104 7E4294E2 0012F1CC


Modules:
0x00400000 0x00180000 c:\documents and settings\mahmoud\desktop\apps\app16\GETMAXNUMBERINSIDELISTBOX.exe
0x7C900000 0x000AF000 C:\WINDOWS\system32\ntdll.dll
0x7C800000 0x000F6000 C:\WINDOWS\system32\kernel32.dll
0x71AB0000 0x00017000 C:\WINDOWS\system32\WS2_32.DLL
0x77DD0000 0x0009B000 C:\WINDOWS\system32\ADVAPI32.dll
0x77E70000 0x00092000 C:\WINDOWS\system32\RPCRT4.dll
0x77FE0000 0x00011000 C:\WINDOWS\system32\Secur32.dll
0x77C10000 0x00058000 C:\WINDOWS\system32\msvcrt.dll
0x71AA0000 0x00008000 C:\WINDOWS\system32\WS2HELP.dll
0x75A70000 0x00021000 C:\WINDOWS\system32\MSVFW32.DLL
0x7E410000 0x00091000 C:\WINDOWS\system32\USER32.dll
0x77F10000 0x00049000 C:\WINDOWS\system32\GDI32.dll
0x76B40000 0x0002D000 C:\WINDOWS\system32\WINMM.dll
0x7C9C0000 0x00817000 C:\WINDOWS\system32\SHELL32.dll
0x77F60000 0x00076000 C:\WINDOWS\system32\SHLWAPI.dll
0x773D0000 0x00103000 C:\WINDOWS\WinSxS\x86_Microsoft.Windows.Common-Controls_6595b64144ccf1df_6.0.2600.5512_x-ww_35d4ce83\COMCTL32.dll
0x774E0000 0x0013E000 C:\WINDOWS\system32\OLE32.DLL
0x5EDD0000 0x00017000 C:\WINDOWS\system32\OLEPRO32.DLL
0x77120000 0x0008B000 C:\WINDOWS\system32\OLEAUT32.dll
0x76390000 0x0001D000 C:\WINDOWS\system32\IMM32.DLL
0x629C0000 0x00009000 C:\WINDOWS\system32\LPK.DLL
0x74D90000 0x0006B000 C:\WINDOWS\system32\USP10.dll
0x00B00000 0x00019000 C:\Program Files\SuperCopier2\SC2Hook.dll
0x5AD70000 0x00038000 C:\WINDOWS\system32\uxtheme.dll
0x74720000 0x0004C000 C:\WINDOWS\system32\MSCTF.dll
0x755C0000 0x0002E000 C:\WINDOWS\system32\msctfime.ime
0x10000000 0x00007000 C:\Program Files\Internet Download Manager\idmmkb.dll

Called from LISTBOXADDSTRING(0)
Called from _ADDITEM(784) in h_controlmisc.prg
Called from DOMETHOD(4785) in h_controlmisc.prg
Called from ADDTOLIST(95) in GETMAXNUMBERINSIDELISTBOX.prg
Called from (b)R_GETMAXNUMBERINSIDELISTBOX_18SMART1(68) in GETMAXNUMBERINSIDELISTBOX.prg
Called from _DOCONTROLEVENTPROCEDURE(1574) in h_windows.prg
Called from EVENTS(1444) in h_events.prg
Called from _DOMESSAGELOOP(0)
Called from _ACTIVATEWINDOW(1311) in h_windows.prg
Called from R_GETMAXNUMBERINSIDELISTBOX_18SMART1(90) in GETMAXNUMBERINSIDELISTBOX.prg
Called from SS_CALLR(344) in SSLIB.prg
Called from MAIN(40) in GETMAXNUMBERINSIDELISTBOX.prg
------------------------------------------------------------------------
