[Params]
	WndTitle = Snapshot Viewer
	WndMess = Starting  Snapshot Viewer Setup...
	TmpDirSize = 2000
	TmpDirName = ~msstfqf.t
	CmdLine = acmsetup /T snap90.stf /S %s %s
	CabinetFile = SNAP901.CAB
	DrvModeName = ACMSETUP
	DrvWinClass = Stuff-Shell
	Require31 = "This program requires Windows (R) 3.51 or higher."
[Files]
	license.txt = license.txt
	@acmsetup.exe = acmsetup.exe
	@mssetup.dll = mssetup.dll
	@msacccah.dll = msacccah.dll
	@acmsetup.hlp = acmsetup.hlp
	snap90.stf = snap90.stf
	snap90.inf = snap90.inf
	@snap_bb.dll = snap_bb.dll
	oleaut32.dll = 32autole.dll
le.dll
